#HEADER,2017-06-01 12:42:53, Logfile newly created as 'background-darkness-CPM.log'
#LOGGING with cycle 3.0 sec, and mode 'CPM', using device 'GMC-300E Plus v4.20'
      1,2017-06-01 12:43:08, 22
      2,2017-06-01 12:43:11, 25
      3,2017-06-01 12:43:14, 25
      4,2017-06-01 12:43:17, 26
      5,2017-06-01 12:43:20, 24
      6,2017-06-01 12:43:23, 25
      7,2017-06-01 12:43:26, 24
      8,2017-06-01 12:43:29, 24
      9,2017-06-01 12:43:32, 24
     10,2017-06-01 12:43:35, 25
     11,2017-06-01 12:43:38, 25
     12,2017-06-01 12:43:41, 25
     13,2017-06-01 12:43:44, 25
     14,2017-06-01 12:43:47, 23
     15,2017-06-01 12:43:50, 19
     16,2017-06-01 12:43:53, 17
     17,2017-06-01 12:43:56, 19
     18,2017-06-01 12:43:59, 16
     19,2017-06-01 12:44:02, 20
     20,2017-06-01 12:44:05, 21
     21,2017-06-01 12:44:08, 20
     22,2017-06-01 12:44:11, 18
     23,2017-06-01 12:44:14, 18
     24,2017-06-01 12:44:17, 18
     25,2017-06-01 12:44:20, 20
     26,2017-06-01 12:44:23, 24
     27,2017-06-01 12:44:26, 23
     28,2017-06-01 12:44:29, 23
     29,2017-06-01 12:44:32, 24
     30,2017-06-01 12:44:35, 24
     31,2017-06-01 12:44:38, 23
     32,2017-06-01 12:44:41, 24
     33,2017-06-01 12:44:44, 24
     34,2017-06-01 12:44:47, 24
     35,2017-06-01 12:44:50, 24
     36,2017-06-01 12:44:53, 24
     37,2017-06-01 12:44:56, 23
     38,2017-06-01 12:44:59, 23
     39,2017-06-01 12:45:02, 21
     40,2017-06-01 12:45:05, 21
     41,2017-06-01 12:45:08, 21
     42,2017-06-01 12:45:11, 21
     43,2017-06-01 12:45:14, 22
     44,2017-06-01 12:45:17, 21
     45,2017-06-01 12:45:20, 20
     46,2017-06-01 12:45:23, 17
     47,2017-06-01 12:45:26, 17
     48,2017-06-01 12:45:29, 16
     49,2017-06-01 12:45:32, 16
     50,2017-06-01 12:45:35, 17
     51,2017-06-01 12:45:38, 16
     52,2017-06-01 12:45:41, 15
     53,2017-06-01 12:45:44, 17
     54,2017-06-01 12:45:47, 17
     55,2017-06-01 12:45:50, 17
     56,2017-06-01 12:45:53, 17
     57,2017-06-01 12:45:56, 16
     58,2017-06-01 12:45:59, 18
     59,2017-06-01 12:46:02, 17
     60,2017-06-01 12:46:05, 19
     61,2017-06-01 12:46:08, 21
     62,2017-06-01 12:46:11, 20
     63,2017-06-01 12:46:14, 20
     64,2017-06-01 12:46:17, 20
     65,2017-06-01 12:46:20, 20
     66,2017-06-01 12:46:23, 20
     67,2017-06-01 12:46:26, 21
     68,2017-06-01 12:46:29, 22
     69,2017-06-01 12:46:32, 24
     70,2017-06-01 12:46:35, 24
     71,2017-06-01 12:46:38, 28
     72,2017-06-01 12:46:41, 27
     73,2017-06-01 12:46:44, 26
     74,2017-06-01 12:46:47, 26
     75,2017-06-01 12:46:50, 26
     76,2017-06-01 12:46:53, 29
     77,2017-06-01 12:46:56, 30
     78,2017-06-01 12:46:59, 30
     79,2017-06-01 12:47:02, 29
     80,2017-06-01 12:47:05, 28
     81,2017-06-01 12:47:08, 27
     82,2017-06-01 12:47:11, 28
     83,2017-06-01 12:47:14, 27
     84,2017-06-01 12:47:17, 27
     85,2017-06-01 12:47:20, 28
     86,2017-06-01 12:47:23, 29
     87,2017-06-01 12:47:26, 28
     88,2017-06-01 12:47:29, 28
     89,2017-06-01 12:47:32, 26
     90,2017-06-01 12:47:35, 26
     91,2017-06-01 12:47:38, 24
     92,2017-06-01 12:47:41, 24
     93,2017-06-01 12:47:44, 25
     94,2017-06-01 12:47:47, 25
     95,2017-06-01 12:47:50, 26
     96,2017-06-01 12:47:53, 22
     97,2017-06-01 12:47:56, 21
     98,2017-06-01 12:47:59, 20
     99,2017-06-01 12:48:02, 20
    100,2017-06-01 12:48:05, 18
    101,2017-06-01 12:48:08, 17
    102,2017-06-01 12:48:11, 16
    103,2017-06-01 12:48:14, 16
    104,2017-06-01 12:48:17, 16
    105,2017-06-01 12:48:20, 15
    106,2017-06-01 12:48:23, 14
    107,2017-06-01 12:48:26, 14
    108,2017-06-01 12:48:29, 15
    109,2017-06-01 12:48:32, 15
    110,2017-06-01 12:48:35, 14
    111,2017-06-01 12:48:38, 12
    112,2017-06-01 12:48:41, 15
    113,2017-06-01 12:48:44, 13
    114,2017-06-01 12:48:47, 14
    115,2017-06-01 12:48:50, 13
    116,2017-06-01 12:48:53, 16
    117,2017-06-01 12:48:56, 16
    118,2017-06-01 12:48:59, 15
    119,2017-06-01 12:49:02, 17
    120,2017-06-01 12:49:05, 17
    121,2017-06-01 12:49:08, 17
    122,2017-06-01 12:49:11, 18
    123,2017-06-01 12:49:14, 18
    124,2017-06-01 12:49:17, 19
    125,2017-06-01 12:49:20, 19
    126,2017-06-01 12:49:23, 22
    127,2017-06-01 12:49:26, 22
    128,2017-06-01 12:49:29, 21
    129,2017-06-01 12:49:32, 21
    130,2017-06-01 12:49:35, 21
    131,2017-06-01 12:49:38, 21
    132,2017-06-01 12:49:41, 19
    133,2017-06-01 12:49:44, 18
    134,2017-06-01 12:49:47, 19
    135,2017-06-01 12:49:50, 18
    136,2017-06-01 12:49:53, 16
    137,2017-06-01 12:49:56, 16
    138,2017-06-01 12:49:59, 16
    139,2017-06-01 12:50:02, 15
    140,2017-06-01 12:50:05, 15
    141,2017-06-01 12:50:08, 15
    142,2017-06-01 12:50:11, 15
    143,2017-06-01 12:50:14, 18
    144,2017-06-01 12:50:17, 19
    145,2017-06-01 12:50:20, 18
    146,2017-06-01 12:50:23, 14
    147,2017-06-01 12:50:26, 16
    148,2017-06-01 12:50:29, 16
    149,2017-06-01 12:50:32, 15
    150,2017-06-01 12:50:35, 15
    151,2017-06-01 12:50:38, 17
    152,2017-06-01 12:50:41, 16
    153,2017-06-01 12:50:44, 16
    154,2017-06-01 12:50:47, 16
    155,2017-06-01 12:50:50, 16
    156,2017-06-01 12:50:53, 16
    157,2017-06-01 12:50:56, 16
    158,2017-06-01 12:50:59, 18
    159,2017-06-01 12:51:02, 19
    160,2017-06-01 12:51:05, 19
    161,2017-06-01 12:51:08, 21
    162,2017-06-01 12:51:11, 22
    163,2017-06-01 12:51:14, 20
    164,2017-06-01 12:51:17, 20
    165,2017-06-01 12:51:20, 19
    166,2017-06-01 12:51:23, 19
    167,2017-06-01 12:51:26, 19
    168,2017-06-01 12:51:29, 18
    169,2017-06-01 12:51:32, 18
    170,2017-06-01 12:51:35, 18
    171,2017-06-01 12:51:38, 16
    172,2017-06-01 12:51:41, 17
    173,2017-06-01 12:51:44, 18
    174,2017-06-01 12:51:47, 17
    175,2017-06-01 12:51:50, 18
    176,2017-06-01 12:51:53, 19
    177,2017-06-01 12:51:56, 18
    178,2017-06-01 12:51:59, 17
    179,2017-06-01 12:52:02, 15
    180,2017-06-01 12:52:05, 16
    181,2017-06-01 12:52:08, 16
    182,2017-06-01 12:52:11, 15
    183,2017-06-01 12:52:14, 17
    184,2017-06-01 12:52:17, 16
    185,2017-06-01 12:52:20, 16
    186,2017-06-01 12:52:23, 18
    187,2017-06-01 12:52:26, 16
    188,2017-06-01 12:52:29, 18
    189,2017-06-01 12:52:32, 20
    190,2017-06-01 12:52:35, 22
    191,2017-06-01 12:52:38, 22
    192,2017-06-01 12:52:41, 22
    193,2017-06-01 12:52:44, 21
    194,2017-06-01 12:52:47, 20
    195,2017-06-01 12:52:50, 19
    196,2017-06-01 12:52:53, 20
    197,2017-06-01 12:52:56, 21
    198,2017-06-01 12:52:59, 20
    199,2017-06-01 12:53:02, 21
    200,2017-06-01 12:53:05, 21
    201,2017-06-01 12:53:08, 22
    202,2017-06-01 12:53:11, 22
    203,2017-06-01 12:53:14, 21
    204,2017-06-01 12:53:17, 24
    205,2017-06-01 12:53:20, 24
    206,2017-06-01 12:53:23, 22
    207,2017-06-01 12:53:26, 22
    208,2017-06-01 12:53:29, 20
    209,2017-06-01 12:53:32, 19
    210,2017-06-01 12:53:35, 20
    211,2017-06-01 12:53:38, 21
    212,2017-06-01 12:53:41, 21
    213,2017-06-01 12:53:44, 22
    214,2017-06-01 12:53:47, 22
    215,2017-06-01 12:53:50, 22
    216,2017-06-01 12:53:53, 21
    217,2017-06-01 12:53:56, 21
    218,2017-06-01 12:53:59, 22
    219,2017-06-01 12:54:02, 22
    220,2017-06-01 12:54:05, 24
    221,2017-06-01 12:54:08, 21
    222,2017-06-01 12:54:11, 21
    223,2017-06-01 12:54:14, 20
    224,2017-06-01 12:54:17, 18
    225,2017-06-01 12:54:20, 18
    226,2017-06-01 12:54:23, 19
    227,2017-06-01 12:54:26, 19
    228,2017-06-01 12:54:29, 20
    229,2017-06-01 12:54:32, 19
    230,2017-06-01 12:54:35, 16
    231,2017-06-01 12:54:38, 15
    232,2017-06-01 12:54:41, 15
    233,2017-06-01 12:54:44, 15
    234,2017-06-01 12:54:47, 15
    235,2017-06-01 12:54:50, 16
    236,2017-06-01 12:54:53, 15
    237,2017-06-01 12:54:56, 14
    238,2017-06-01 12:54:59, 14
    239,2017-06-01 12:55:02, 14
    240,2017-06-01 12:55:05, 11
    241,2017-06-01 12:55:08, 11
    242,2017-06-01 12:55:11, 13
    243,2017-06-01 12:55:14, 13
    244,2017-06-01 12:55:17, 13
    245,2017-06-01 12:55:20, 14
    246,2017-06-01 12:55:23, 15
    247,2017-06-01 12:55:26, 17
    248,2017-06-01 12:55:29, 16
    249,2017-06-01 12:55:32, 16
    250,2017-06-01 12:55:35, 16
    251,2017-06-01 12:55:38, 18
    252,2017-06-01 12:55:41, 19
    253,2017-06-01 12:55:44, 18
    254,2017-06-01 12:55:47, 20
    255,2017-06-01 12:55:50, 23
    256,2017-06-01 12:55:53, 23
    257,2017-06-01 12:55:56, 24
    258,2017-06-01 12:55:59, 23
    259,2017-06-01 12:56:02, 22
    260,2017-06-01 12:56:05, 25
    261,2017-06-01 12:56:08, 25
    262,2017-06-01 12:56:11, 23
    263,2017-06-01 12:56:14, 23
    264,2017-06-01 12:56:17, 23
    265,2017-06-01 12:56:20, 22
    266,2017-06-01 12:56:23, 20
    267,2017-06-01 12:56:26, 18
    268,2017-06-01 12:56:29, 18
    269,2017-06-01 12:56:32, 18
    270,2017-06-01 12:56:35, 17
    271,2017-06-01 12:56:38, 16
    272,2017-06-01 12:56:41, 15
    273,2017-06-01 12:56:44, 15
    274,2017-06-01 12:56:47, 14
    275,2017-06-01 12:56:50, 13
    276,2017-06-01 12:56:53, 11
    277,2017-06-01 12:56:56, 10
    278,2017-06-01 12:56:59, 10
    279,2017-06-01 12:57:02, 12
    280,2017-06-01 12:57:05, 15
    281,2017-06-01 12:57:08, 13
    282,2017-06-01 12:57:11, 14
    283,2017-06-01 12:57:14, 15
    284,2017-06-01 12:57:17, 14
    285,2017-06-01 12:57:20, 14
    286,2017-06-01 12:57:23, 17
    287,2017-06-01 12:57:26, 18
    288,2017-06-01 12:57:29, 19
    289,2017-06-01 12:57:32, 20
    290,2017-06-01 12:57:35, 20
    291,2017-06-01 12:57:38, 20
    292,2017-06-01 12:57:41, 20
    293,2017-06-01 12:57:44, 20
    294,2017-06-01 12:57:47, 21
    295,2017-06-01 12:57:50, 21
    296,2017-06-01 12:57:53, 24
    297,2017-06-01 12:57:56, 24
    298,2017-06-01 12:57:59, 24
    299,2017-06-01 12:58:02, 24
    300,2017-06-01 12:58:05, 22
    301,2017-06-01 12:58:08, 23
    302,2017-06-01 12:58:11, 22
    303,2017-06-01 12:58:14, 21
    304,2017-06-01 12:58:17, 20
    305,2017-06-01 12:58:20, 20
    306,2017-06-01 12:58:23, 17
    307,2017-06-01 12:58:26, 18
    308,2017-06-01 12:58:29, 17
    309,2017-06-01 12:58:32, 17
    310,2017-06-01 12:58:35, 18
    311,2017-06-01 12:58:38, 18
    312,2017-06-01 12:58:41, 19
    313,2017-06-01 12:58:44, 18
    314,2017-06-01 12:58:47, 16
    315,2017-06-01 12:58:50, 16
    316,2017-06-01 12:58:53, 15
    317,2017-06-01 12:58:56, 15
    318,2017-06-01 12:58:59, 17
    319,2017-06-01 12:59:02, 15
    320,2017-06-01 12:59:05, 15
    321,2017-06-01 12:59:08, 18
    322,2017-06-01 12:59:11, 20
    323,2017-06-01 12:59:14, 21
    324,2017-06-01 12:59:17, 21
    325,2017-06-01 12:59:20, 21
    326,2017-06-01 12:59:23, 22
    327,2017-06-01 12:59:26, 21
    328,2017-06-01 12:59:29, 24
    329,2017-06-01 12:59:32, 25
    330,2017-06-01 12:59:35, 26
    331,2017-06-01 12:59:38, 27
    332,2017-06-01 12:59:41, 29
    333,2017-06-01 12:59:44, 29
    334,2017-06-01 12:59:47, 32
    335,2017-06-01 12:59:50, 31
    336,2017-06-01 12:59:53, 31
    337,2017-06-01 12:59:56, 31
    338,2017-06-01 12:59:59, 29
    339,2017-06-01 13:00:02, 29
    340,2017-06-01 13:00:05, 27
    341,2017-06-01 13:00:08, 25
    342,2017-06-01 13:00:11, 25
    343,2017-06-01 13:00:14, 23
    344,2017-06-01 13:00:17, 23
    345,2017-06-01 13:00:20, 26
    346,2017-06-01 13:00:23, 26
    347,2017-06-01 13:00:26, 26
    348,2017-06-01 13:00:29, 23
    349,2017-06-01 13:00:32, 21
    350,2017-06-01 13:00:35, 20
    351,2017-06-01 13:00:38, 19
    352,2017-06-01 13:00:41, 16
    353,2017-06-01 13:00:44, 17
    354,2017-06-01 13:00:47, 14
    355,2017-06-01 13:00:50, 15
    356,2017-06-01 13:00:53, 13
    357,2017-06-01 13:00:56, 15
    358,2017-06-01 13:00:59, 17
    359,2017-06-01 13:01:02, 18
    360,2017-06-01 13:01:05, 21
    361,2017-06-01 13:01:08, 21
    362,2017-06-01 13:01:11, 19
    363,2017-06-01 13:01:14, 20
    364,2017-06-01 13:01:17, 20
    365,2017-06-01 13:01:20, 20
    366,2017-06-01 13:01:23, 22
    367,2017-06-01 13:01:26, 21
    368,2017-06-01 13:01:29, 21
    369,2017-06-01 13:01:32, 23
    370,2017-06-01 13:01:35, 24
    371,2017-06-01 13:01:38, 24
    372,2017-06-01 13:01:41, 24
    373,2017-06-01 13:01:44, 24
    374,2017-06-01 13:01:47, 25
    375,2017-06-01 13:01:50, 24
    376,2017-06-01 13:01:53, 26
    377,2017-06-01 13:01:56, 26
    378,2017-06-01 13:01:59, 26
    379,2017-06-01 13:02:02, 26
    380,2017-06-01 13:02:05, 23
    381,2017-06-01 13:02:08, 21
    382,2017-06-01 13:02:11, 22
    383,2017-06-01 13:02:14, 22
    384,2017-06-01 13:02:17, 23
    385,2017-06-01 13:02:20, 22
    386,2017-06-01 13:02:23, 21
    387,2017-06-01 13:02:26, 24
    388,2017-06-01 13:02:29, 25
    389,2017-06-01 13:02:32, 24
    390,2017-06-01 13:02:35, 22
    391,2017-06-01 13:02:38, 24
    392,2017-06-01 13:02:41, 23
    393,2017-06-01 13:02:44, 22
    394,2017-06-01 13:02:47, 23
    395,2017-06-01 13:02:50, 24
    396,2017-06-01 13:02:53, 22
    397,2017-06-01 13:02:56, 20
    398,2017-06-01 13:02:59, 18
    399,2017-06-01 13:03:02, 18
    400,2017-06-01 13:03:05, 19
    401,2017-06-01 13:03:08, 19
    402,2017-06-01 13:03:11, 23
    403,2017-06-01 13:03:14, 23
    404,2017-06-01 13:03:17, 21
    405,2017-06-01 13:03:20, 21
    406,2017-06-01 13:03:23, 19
    407,2017-06-01 13:03:26, 19
    408,2017-06-01 13:03:29, 16
    409,2017-06-01 13:03:32, 16
    410,2017-06-01 13:03:35, 16
    411,2017-06-01 13:03:38, 15
    412,2017-06-01 13:03:41, 16
    413,2017-06-01 13:03:44, 16
    414,2017-06-01 13:03:47, 14
    415,2017-06-01 13:03:50, 17
    416,2017-06-01 13:03:53, 17
    417,2017-06-01 13:03:56, 19
    418,2017-06-01 13:03:59, 19
    419,2017-06-01 13:04:02, 19
    420,2017-06-01 13:04:05, 19
    421,2017-06-01 13:04:08, 19
    422,2017-06-01 13:04:11, 15
    423,2017-06-01 13:04:14, 15
    424,2017-06-01 13:04:17, 17
    425,2017-06-01 13:04:20, 15
    426,2017-06-01 13:04:23, 15
    427,2017-06-01 13:04:26, 16
    428,2017-06-01 13:04:29, 16
    429,2017-06-01 13:04:32, 16
    430,2017-06-01 13:04:35, 17
    431,2017-06-01 13:04:38, 17
    432,2017-06-01 13:04:41, 16
    433,2017-06-01 13:04:44, 17
    434,2017-06-01 13:04:47, 20
    435,2017-06-01 13:04:50, 20
    436,2017-06-01 13:04:53, 22
    437,2017-06-01 13:04:56, 20
    438,2017-06-01 13:04:59, 21
    439,2017-06-01 13:05:02, 22
    440,2017-06-01 13:05:05, 24
    441,2017-06-01 13:05:08, 24
    442,2017-06-01 13:05:11, 26
    443,2017-06-01 13:05:14, 26
    444,2017-06-01 13:05:17, 26
    445,2017-06-01 13:05:20, 26
    446,2017-06-01 13:05:23, 26
    447,2017-06-01 13:05:26, 25
    448,2017-06-01 13:05:29, 26
    449,2017-06-01 13:05:32, 25
    450,2017-06-01 13:05:35, 24
    451,2017-06-01 13:05:38, 26
    452,2017-06-01 13:05:41, 30
    453,2017-06-01 13:05:44, 29
    454,2017-06-01 13:05:47, 28
    455,2017-06-01 13:05:50, 26
    456,2017-06-01 13:05:53, 25
    457,2017-06-01 13:05:56, 26
    458,2017-06-01 13:05:59, 26
    459,2017-06-01 13:06:02, 26
    460,2017-06-01 13:06:05, 24
    461,2017-06-01 13:06:08, 24
    462,2017-06-01 13:06:11, 23
    463,2017-06-01 13:06:14, 22
    464,2017-06-01 13:06:17, 21
    465,2017-06-01 13:06:20, 22
    466,2017-06-01 13:06:23, 23
    467,2017-06-01 13:06:26, 23
    468,2017-06-01 13:06:29, 24
    469,2017-06-01 13:06:32, 24
    470,2017-06-01 13:06:35, 25
    471,2017-06-01 13:06:38, 24
    472,2017-06-01 13:06:41, 21
    473,2017-06-01 13:06:44, 21
    474,2017-06-01 13:06:47, 19
    475,2017-06-01 13:06:50, 17
    476,2017-06-01 13:06:53, 16
    477,2017-06-01 13:06:56, 15
    478,2017-06-01 13:06:59, 14
    479,2017-06-01 13:07:02, 15
    480,2017-06-01 13:07:05, 14
    481,2017-06-01 13:07:08, 15
    482,2017-06-01 13:07:11, 15
    483,2017-06-01 13:07:14, 17
    484,2017-06-01 13:07:17, 16
    485,2017-06-01 13:07:20, 17
    486,2017-06-01 13:07:23, 16
    487,2017-06-01 13:07:26, 16
    488,2017-06-01 13:07:29, 16
    489,2017-06-01 13:07:32, 17
    490,2017-06-01 13:07:35, 17
    491,2017-06-01 13:07:38, 18
    492,2017-06-01 13:07:41, 16
    493,2017-06-01 13:07:44, 17
    494,2017-06-01 13:07:47, 19
    495,2017-06-01 13:07:50, 20
    496,2017-06-01 13:07:53, 21
    497,2017-06-01 13:07:56, 22
    498,2017-06-01 13:07:59, 24
    499,2017-06-01 13:08:02, 24
    500,2017-06-01 13:08:05, 24
    501,2017-06-01 13:08:08, 25
    502,2017-06-01 13:08:11, 26
    503,2017-06-01 13:08:14, 28
    504,2017-06-01 13:08:17, 28
    505,2017-06-01 13:08:20, 28
    506,2017-06-01 13:08:23, 30
    507,2017-06-01 13:08:26, 32
    508,2017-06-01 13:08:29, 30
    509,2017-06-01 13:08:32, 29
    510,2017-06-01 13:08:35, 28
    511,2017-06-01 13:08:38, 29
    512,2017-06-01 13:08:41, 29
    513,2017-06-01 13:08:44, 29
    514,2017-06-01 13:08:47, 27
    515,2017-06-01 13:08:50, 26
    516,2017-06-01 13:08:53, 26
    517,2017-06-01 13:08:56, 27
    518,2017-06-01 13:08:59, 27
    519,2017-06-01 13:09:02, 29
    520,2017-06-01 13:09:05, 29
    521,2017-06-01 13:09:08, 28
    522,2017-06-01 13:09:11, 27
    523,2017-06-01 13:09:14, 24
    524,2017-06-01 13:09:17, 23
    525,2017-06-01 13:09:20, 21
    526,2017-06-01 13:09:23, 21
    527,2017-06-01 13:09:26, 18
    528,2017-06-01 13:09:29, 18
    529,2017-06-01 13:09:32, 18
    530,2017-06-01 13:09:35, 19
    531,2017-06-01 13:09:38, 18
    532,2017-06-01 13:09:41, 20
    533,2017-06-01 13:09:44, 20
    534,2017-06-01 13:09:47, 22
    535,2017-06-01 13:09:50, 22
    536,2017-06-01 13:09:53, 21
    537,2017-06-01 13:09:56, 22
    538,2017-06-01 13:09:59, 22
    539,2017-06-01 13:10:02, 20
    540,2017-06-01 13:10:05, 19
    541,2017-06-01 13:10:08, 20
    542,2017-06-01 13:10:11, 21
    543,2017-06-01 13:10:14, 21
    544,2017-06-01 13:10:17, 22
    545,2017-06-01 13:10:20, 25
    546,2017-06-01 13:10:23, 25
    547,2017-06-01 13:10:26, 27
    548,2017-06-01 13:10:29, 28
    549,2017-06-01 13:10:32, 28
    550,2017-06-01 13:10:35, 27
    551,2017-06-01 13:10:38, 27
    552,2017-06-01 13:10:41, 23
    553,2017-06-01 13:10:44, 23
    554,2017-06-01 13:10:47, 22
    555,2017-06-01 13:10:50, 22
    556,2017-06-01 13:10:53, 23
    557,2017-06-01 13:10:56, 24
    558,2017-06-01 13:10:59, 24
    559,2017-06-01 13:11:02, 21
    560,2017-06-01 13:11:05, 23
    561,2017-06-01 13:11:08, 24
    562,2017-06-01 13:11:11, 23
    563,2017-06-01 13:11:14, 24
    564,2017-06-01 13:11:17, 24
    565,2017-06-01 13:11:20, 23
    566,2017-06-01 13:11:23, 22
    567,2017-06-01 13:11:26, 21
    568,2017-06-01 13:11:29, 22
    569,2017-06-01 13:11:32, 23
    570,2017-06-01 13:11:35, 23
    571,2017-06-01 13:11:38, 24
    572,2017-06-01 13:11:41, 24
    573,2017-06-01 13:11:44, 25
    574,2017-06-01 13:11:47, 26
    575,2017-06-01 13:11:50, 26
    576,2017-06-01 13:11:53, 25
    577,2017-06-01 13:11:56, 22
    578,2017-06-01 13:11:59, 20
    579,2017-06-01 13:12:02, 20
    580,2017-06-01 13:12:05, 18
    581,2017-06-01 13:12:08, 17
    582,2017-06-01 13:12:11, 17
    583,2017-06-01 13:12:14, 18
    584,2017-06-01 13:12:17, 19
    585,2017-06-01 13:12:20, 17
    586,2017-06-01 13:12:23, 19
    587,2017-06-01 13:12:26, 20
    588,2017-06-01 13:12:29, 18
    589,2017-06-01 13:12:32, 20
    590,2017-06-01 13:12:35, 20
    591,2017-06-01 13:12:38, 21
    592,2017-06-01 13:12:41, 24
    593,2017-06-01 13:12:44, 25
    594,2017-06-01 13:12:47, 24
    595,2017-06-01 13:12:50, 25
    596,2017-06-01 13:12:53, 26
    597,2017-06-01 13:12:56, 28
    598,2017-06-01 13:12:59, 29
    599,2017-06-01 13:13:02, 29
    600,2017-06-01 13:13:05, 30
    601,2017-06-01 13:13:08, 29
    602,2017-06-01 13:13:11, 30
    603,2017-06-01 13:13:14, 28
    604,2017-06-01 13:13:17, 27
    605,2017-06-01 13:13:20, 27
    606,2017-06-01 13:13:23, 26
    607,2017-06-01 13:13:26, 24
    608,2017-06-01 13:13:29, 23
    609,2017-06-01 13:13:32, 21
    610,2017-06-01 13:13:35, 23
    611,2017-06-01 13:13:38, 21
    612,2017-06-01 13:13:41, 19
    613,2017-06-01 13:13:44, 18
    614,2017-06-01 13:13:47, 20
    615,2017-06-01 13:13:50, 20
    616,2017-06-01 13:13:53, 19
    617,2017-06-01 13:13:56, 19
    618,2017-06-01 13:13:59, 18
    619,2017-06-01 13:14:02, 18
    620,2017-06-01 13:14:05, 19
    621,2017-06-01 13:14:08, 22
    622,2017-06-01 13:14:11, 21
    623,2017-06-01 13:14:14, 22
    624,2017-06-01 13:14:17, 20
    625,2017-06-01 13:14:20, 23
    626,2017-06-01 13:14:23, 22
    627,2017-06-01 13:14:26, 23
    628,2017-06-01 13:14:29, 23
    629,2017-06-01 13:14:32, 23
    630,2017-06-01 13:14:35, 21
    631,2017-06-01 13:14:38, 21
    632,2017-06-01 13:14:41, 21
    633,2017-06-01 13:14:44, 20
    634,2017-06-01 13:14:47, 18
    635,2017-06-01 13:14:50, 19
    636,2017-06-01 13:14:53, 19
    637,2017-06-01 13:14:56, 18
    638,2017-06-01 13:14:59, 18
    639,2017-06-01 13:15:02, 21
    640,2017-06-01 13:15:05, 21
    641,2017-06-01 13:15:08, 20
    642,2017-06-01 13:15:11, 20
    643,2017-06-01 13:15:14, 19
    644,2017-06-01 13:15:17, 21
    645,2017-06-01 13:15:20, 20
    646,2017-06-01 13:15:23, 21
    647,2017-06-01 13:15:26, 25
    648,2017-06-01 13:15:29, 27
    649,2017-06-01 13:15:32, 26
    650,2017-06-01 13:15:35, 26
    651,2017-06-01 13:15:38, 26
    652,2017-06-01 13:15:41, 27
    653,2017-06-01 13:15:44, 25
    654,2017-06-01 13:15:47, 25
    655,2017-06-01 13:15:50, 22
    656,2017-06-01 13:15:53, 22
    657,2017-06-01 13:15:56, 22
    658,2017-06-01 13:15:59, 22
    659,2017-06-01 13:16:02, 19
    660,2017-06-01 13:16:05, 18
    661,2017-06-01 13:16:08, 16
    662,2017-06-01 13:16:11, 16
    663,2017-06-01 13:16:14, 18
    664,2017-06-01 13:16:17, 16
    665,2017-06-01 13:16:20, 16
    666,2017-06-01 13:16:23, 14
    667,2017-06-01 13:16:26, 10
    668,2017-06-01 13:16:29, 7
    669,2017-06-01 13:16:32, 11
    670,2017-06-01 13:16:35, 11
    671,2017-06-01 13:16:38, 11
    672,2017-06-01 13:16:41, 12
    673,2017-06-01 13:16:44, 12
    674,2017-06-01 13:16:47, 12
    675,2017-06-01 13:16:50, 14
    676,2017-06-01 13:16:53, 14
    677,2017-06-01 13:16:56, 13
    678,2017-06-01 13:16:59, 14
    679,2017-06-01 13:17:02, 15
    680,2017-06-01 13:17:05, 17
    681,2017-06-01 13:17:08, 21
    682,2017-06-01 13:17:11, 20
    683,2017-06-01 13:17:14, 22
    684,2017-06-01 13:17:17, 22
    685,2017-06-01 13:17:20, 22
    686,2017-06-01 13:17:23, 22
    687,2017-06-01 13:17:26, 22
    688,2017-06-01 13:17:29, 22
    689,2017-06-01 13:17:32, 19
    690,2017-06-01 13:17:35, 20
    691,2017-06-01 13:17:38, 20
    692,2017-06-01 13:17:41, 18
    693,2017-06-01 13:17:44, 20
    694,2017-06-01 13:17:47, 23
    695,2017-06-01 13:17:50, 23
    696,2017-06-01 13:17:53, 23
    697,2017-06-01 13:17:56, 25
    698,2017-06-01 13:17:59, 24
    699,2017-06-01 13:18:02, 25
    700,2017-06-01 13:18:05, 22
    701,2017-06-01 13:18:08, 20
    702,2017-06-01 13:18:11, 20
    703,2017-06-01 13:18:14, 17
    704,2017-06-01 13:18:17, 17
    705,2017-06-01 13:18:20, 16
    706,2017-06-01 13:18:23, 17
    707,2017-06-01 13:18:26, 19
    708,2017-06-01 13:18:29, 19
    709,2017-06-01 13:18:32, 18
    710,2017-06-01 13:18:35, 17
    711,2017-06-01 13:18:38, 17
    712,2017-06-01 13:18:41, 19
    713,2017-06-01 13:18:44, 17
    714,2017-06-01 13:18:47, 15
    715,2017-06-01 13:18:50, 16
    716,2017-06-01 13:18:53, 16
    717,2017-06-01 13:18:56, 14
    718,2017-06-01 13:18:59, 16
    719,2017-06-01 13:19:02, 14
    720,2017-06-01 13:19:05, 14
    721,2017-06-01 13:19:08, 12
    722,2017-06-01 13:19:11, 15
    723,2017-06-01 13:19:14, 15
    724,2017-06-01 13:19:17, 15
    725,2017-06-01 13:19:20, 16
    726,2017-06-01 13:19:23, 18
    727,2017-06-01 13:19:26, 18
    728,2017-06-01 13:19:29, 18
    729,2017-06-01 13:19:32, 21
    730,2017-06-01 13:19:35, 22
    731,2017-06-01 13:19:38, 22
    732,2017-06-01 13:19:41, 20
    733,2017-06-01 13:19:44, 20
    734,2017-06-01 13:19:47, 21
    735,2017-06-01 13:19:50, 20
    736,2017-06-01 13:19:53, 20
    737,2017-06-01 13:19:56, 20
    738,2017-06-01 13:19:59, 19
    739,2017-06-01 13:20:02, 20
    740,2017-06-01 13:20:05, 20
    741,2017-06-01 13:20:08, 22
    742,2017-06-01 13:20:11, 20
    743,2017-06-01 13:20:14, 19
    744,2017-06-01 13:20:17, 19
    745,2017-06-01 13:20:20, 18
    746,2017-06-01 13:20:23, 16
    747,2017-06-01 13:20:26, 15
    748,2017-06-01 13:20:29, 15
    749,2017-06-01 13:20:32, 14
    750,2017-06-01 13:20:35, 14
    751,2017-06-01 13:20:38, 15
    752,2017-06-01 13:20:41, 17
    753,2017-06-01 13:20:44, 17
    754,2017-06-01 13:20:47, 16
    755,2017-06-01 13:20:50, 15
    756,2017-06-01 13:20:53, 15
    757,2017-06-01 13:20:56, 16
    758,2017-06-01 13:20:59, 15
    759,2017-06-01 13:21:02, 14
    760,2017-06-01 13:21:05, 14
    761,2017-06-01 13:21:08, 13
    762,2017-06-01 13:21:11, 13
    763,2017-06-01 13:21:14, 13
    764,2017-06-01 13:21:17, 15
    765,2017-06-01 13:21:20, 17
    766,2017-06-01 13:21:23, 18
    767,2017-06-01 13:21:26, 17
    768,2017-06-01 13:21:29, 17
    769,2017-06-01 13:21:32, 18
    770,2017-06-01 13:21:35, 17
    771,2017-06-01 13:21:38, 15
    772,2017-06-01 13:21:41, 16
    773,2017-06-01 13:21:44, 16
    774,2017-06-01 13:21:47, 18
    775,2017-06-01 13:21:50, 17
    776,2017-06-01 13:21:53, 16
    777,2017-06-01 13:21:56, 18
    778,2017-06-01 13:21:59, 21
    779,2017-06-01 13:22:02, 22
    780,2017-06-01 13:22:05, 24
    781,2017-06-01 13:22:08, 24
    782,2017-06-01 13:22:11, 23
    783,2017-06-01 13:22:14, 24
    784,2017-06-01 13:22:17, 22
    785,2017-06-01 13:22:20, 20
    786,2017-06-01 13:22:23, 20
    787,2017-06-01 13:22:26, 22
    788,2017-06-01 13:22:29, 22
    789,2017-06-01 13:22:32, 23
    790,2017-06-01 13:22:35, 23
    791,2017-06-01 13:22:38, 24
    792,2017-06-01 13:22:41, 21
    793,2017-06-01 13:22:44, 22
    794,2017-06-01 13:22:47, 23
    795,2017-06-01 13:22:50, 25
    796,2017-06-01 13:22:53, 25
    797,2017-06-01 13:22:56, 22
    798,2017-06-01 13:22:59, 21
    799,2017-06-01 13:23:02, 22
    800,2017-06-01 13:23:05, 20
    801,2017-06-01 13:23:08, 20
    802,2017-06-01 13:23:11, 21
    803,2017-06-01 13:23:14, 21
    804,2017-06-01 13:23:17, 23
    805,2017-06-01 13:23:20, 25
    806,2017-06-01 13:23:23, 25
    807,2017-06-01 13:23:26, 22
    808,2017-06-01 13:23:29, 23
    809,2017-06-01 13:23:32, 21
    810,2017-06-01 13:23:35, 22
    811,2017-06-01 13:23:38, 23
    812,2017-06-01 13:23:41, 26
    813,2017-06-01 13:23:44, 26
    814,2017-06-01 13:23:47, 26
    815,2017-06-01 13:23:50, 24
    816,2017-06-01 13:23:53, 24
    817,2017-06-01 13:23:56, 26
    818,2017-06-01 13:23:59, 25
    819,2017-06-01 13:24:02, 23
    820,2017-06-01 13:24:05, 24
    821,2017-06-01 13:24:08, 27
    822,2017-06-01 13:24:11, 26
    823,2017-06-01 13:24:14, 25
    824,2017-06-01 13:24:17, 23
    825,2017-06-01 13:24:20, 22
    826,2017-06-01 13:24:23, 23
    827,2017-06-01 13:24:26, 23
    828,2017-06-01 13:24:29, 25
    829,2017-06-01 13:24:32, 25
    830,2017-06-01 13:24:35, 24
    831,2017-06-01 13:24:38, 25
    832,2017-06-01 13:24:41, 22
    833,2017-06-01 13:24:44, 22
    834,2017-06-01 13:24:47, 20
    835,2017-06-01 13:24:50, 20
    836,2017-06-01 13:24:53, 20
    837,2017-06-01 13:24:56, 20
    838,2017-06-01 13:24:59, 20
    839,2017-06-01 13:25:02, 21
    840,2017-06-01 13:25:05, 20
    841,2017-06-01 13:25:08, 17
    842,2017-06-01 13:25:11, 18
    843,2017-06-01 13:25:14, 18
    844,2017-06-01 13:25:17, 18
    845,2017-06-01 13:25:20, 19
    846,2017-06-01 13:25:23, 18
    847,2017-06-01 13:25:26, 19
    848,2017-06-01 13:25:29, 17
    849,2017-06-01 13:25:32, 18
    850,2017-06-01 13:25:35, 19
    851,2017-06-01 13:25:38, 17
    852,2017-06-01 13:25:41, 17
    853,2017-06-01 13:25:44, 16
    854,2017-06-01 13:25:47, 18
    855,2017-06-01 13:25:50, 19
    856,2017-06-01 13:25:53, 20
    857,2017-06-01 13:25:56, 19
    858,2017-06-01 13:25:59, 18
    859,2017-06-01 13:26:02, 18
    860,2017-06-01 13:26:05, 20
    861,2017-06-01 13:26:08, 22
    862,2017-06-01 13:26:11, 22
    863,2017-06-01 13:26:14, 21
    864,2017-06-01 13:26:17, 22
    865,2017-06-01 13:26:20, 21
    866,2017-06-01 13:26:23, 22
    867,2017-06-01 13:26:26, 22
    868,2017-06-01 13:26:29, 22
    869,2017-06-01 13:26:32, 21
    870,2017-06-01 13:26:35, 20
    871,2017-06-01 13:26:38, 19
    872,2017-06-01 13:26:41, 20
    873,2017-06-01 13:26:44, 20
    874,2017-06-01 13:26:47, 20
    875,2017-06-01 13:26:50, 22
    876,2017-06-01 13:26:53, 21
    877,2017-06-01 13:26:56, 20
    878,2017-06-01 13:26:59, 22
    879,2017-06-01 13:27:02, 22
    880,2017-06-01 13:27:05, 22
    881,2017-06-01 13:27:08, 19
    882,2017-06-01 13:27:11, 19
    883,2017-06-01 13:27:14, 19
    884,2017-06-01 13:27:17, 19
    885,2017-06-01 13:27:20, 17
    886,2017-06-01 13:27:23, 15
    887,2017-06-01 13:27:26, 15
    888,2017-06-01 13:27:29, 16
    889,2017-06-01 13:27:32, 14
    890,2017-06-01 13:27:35, 16
    891,2017-06-01 13:27:38, 17
    892,2017-06-01 13:27:41, 17
    893,2017-06-01 13:27:44, 18
    894,2017-06-01 13:27:47, 17
    895,2017-06-01 13:27:50, 16
    896,2017-06-01 13:27:53, 16
    897,2017-06-01 13:27:56, 16
    898,2017-06-01 13:27:59, 16
    899,2017-06-01 13:28:02, 17
    900,2017-06-01 13:28:05, 17
    901,2017-06-01 13:28:08, 19
    902,2017-06-01 13:28:11, 18
    903,2017-06-01 13:28:14, 18
    904,2017-06-01 13:28:17, 18
    905,2017-06-01 13:28:20, 18
    906,2017-06-01 13:28:23, 20
    907,2017-06-01 13:28:26, 19
    908,2017-06-01 13:28:29, 20
    909,2017-06-01 13:28:32, 22
    910,2017-06-01 13:28:35, 20
    911,2017-06-01 13:28:38, 20
    912,2017-06-01 13:28:41, 19
    913,2017-06-01 13:28:44, 18
    914,2017-06-01 13:28:47, 17
    915,2017-06-01 13:28:50, 15
    916,2017-06-01 13:28:53, 14
    917,2017-06-01 13:28:56, 15
    918,2017-06-01 13:28:59, 14
    919,2017-06-01 13:29:02, 12
    920,2017-06-01 13:29:05, 13
    921,2017-06-01 13:29:08, 11
    922,2017-06-01 13:29:11, 13
    923,2017-06-01 13:29:14, 16
    924,2017-06-01 13:29:17, 16
    925,2017-06-01 13:29:20, 17
    926,2017-06-01 13:29:23, 18
    927,2017-06-01 13:29:26, 19
    928,2017-06-01 13:29:29, 19
    929,2017-06-01 13:29:32, 17
    930,2017-06-01 13:29:35, 18
    931,2017-06-01 13:29:38, 18
    932,2017-06-01 13:29:41, 20
    933,2017-06-01 13:29:44, 20
    934,2017-06-01 13:29:47, 20
    935,2017-06-01 13:29:50, 21
    936,2017-06-01 13:29:53, 23
    937,2017-06-01 13:29:56, 22
    938,2017-06-01 13:29:59, 22
    939,2017-06-01 13:30:02, 24
    940,2017-06-01 13:30:05, 23
    941,2017-06-01 13:30:08, 23
    942,2017-06-01 13:30:11, 22
    943,2017-06-01 13:30:14, 19
    944,2017-06-01 13:30:17, 20
    945,2017-06-01 13:30:20, 21
    946,2017-06-01 13:30:23, 18
    947,2017-06-01 13:30:26, 17
    948,2017-06-01 13:30:29, 17
    949,2017-06-01 13:30:32, 17
    950,2017-06-01 13:30:35, 17
    951,2017-06-01 13:30:38, 17
    952,2017-06-01 13:30:41, 16
    953,2017-06-01 13:30:44, 17
    954,2017-06-01 13:30:47, 17
    955,2017-06-01 13:30:50, 19
    956,2017-06-01 13:30:53, 19
    957,2017-06-01 13:30:56, 20
    958,2017-06-01 13:30:59, 20
    959,2017-06-01 13:31:02, 20
    960,2017-06-01 13:31:05, 19
    961,2017-06-01 13:31:08, 21
    962,2017-06-01 13:31:11, 20
    963,2017-06-01 13:31:14, 21
    964,2017-06-01 13:31:17, 21
    965,2017-06-01 13:31:20, 19
    966,2017-06-01 13:31:23, 20
    967,2017-06-01 13:31:26, 21
    968,2017-06-01 13:31:29, 20
    969,2017-06-01 13:31:32, 21
    970,2017-06-01 13:31:35, 22
    971,2017-06-01 13:31:38, 23
    972,2017-06-01 13:31:41, 22
    973,2017-06-01 13:31:44, 22
    974,2017-06-01 13:31:47, 22
    975,2017-06-01 13:31:50, 21
    976,2017-06-01 13:31:53, 20
    977,2017-06-01 13:31:56, 19
    978,2017-06-01 13:31:59, 20
    979,2017-06-01 13:32:02, 18
    980,2017-06-01 13:32:05, 21
    981,2017-06-01 13:32:08, 20
    982,2017-06-01 13:32:11, 21
    983,2017-06-01 13:32:14, 21
    984,2017-06-01 13:32:17, 20
    985,2017-06-01 13:32:20, 20
    986,2017-06-01 13:32:23, 19
    987,2017-06-01 13:32:26, 19
    988,2017-06-01 13:32:29, 20
    989,2017-06-01 13:32:32, 20
    990,2017-06-01 13:32:35, 19
    991,2017-06-01 13:32:38, 19
    992,2017-06-01 13:32:41, 20
    993,2017-06-01 13:32:44, 20
    994,2017-06-01 13:32:47, 22
    995,2017-06-01 13:32:50, 21
    996,2017-06-01 13:32:53, 20
    997,2017-06-01 13:32:56, 21
    998,2017-06-01 13:32:59, 19
    999,2017-06-01 13:33:02, 20
   1000,2017-06-01 13:33:05, 18
   1001,2017-06-01 13:33:08, 19
   1002,2017-06-01 13:33:11, 22
   1003,2017-06-01 13:33:14, 21
   1004,2017-06-01 13:33:17, 22
   1005,2017-06-01 13:33:20, 24
   1006,2017-06-01 13:33:23, 25
   1007,2017-06-01 13:33:26, 25
   1008,2017-06-01 13:33:29, 25
   1009,2017-06-01 13:33:32, 25
   1010,2017-06-01 13:33:35, 25
   1011,2017-06-01 13:33:38, 26
   1012,2017-06-01 13:33:41, 28
   1013,2017-06-01 13:33:44, 28
   1014,2017-06-01 13:33:47, 28
   1015,2017-06-01 13:33:50, 26
   1016,2017-06-01 13:33:53, 26
   1017,2017-06-01 13:33:56, 26
   1018,2017-06-01 13:33:59, 27
   1019,2017-06-01 13:34:02, 29
   1020,2017-06-01 13:34:05, 29
   1021,2017-06-01 13:34:08, 26
   1022,2017-06-01 13:34:11, 24
   1023,2017-06-01 13:34:14, 23
   1024,2017-06-01 13:34:17, 24
   1025,2017-06-01 13:34:20, 23
   1026,2017-06-01 13:34:23, 23
   1027,2017-06-01 13:34:26, 23
   1028,2017-06-01 13:34:29, 21
   1029,2017-06-01 13:34:32, 19
   1030,2017-06-01 13:34:35, 20
   1031,2017-06-01 13:34:38, 20
   1032,2017-06-01 13:34:41, 18
   1033,2017-06-01 13:34:44, 16
   1034,2017-06-01 13:34:47, 15
   1035,2017-06-01 13:34:50, 17
   1036,2017-06-01 13:34:53, 17
   1037,2017-06-01 13:34:56, 18
   1038,2017-06-01 13:34:59, 17
   1039,2017-06-01 13:35:02, 17
   1040,2017-06-01 13:35:05, 16
   1041,2017-06-01 13:35:08, 18
   1042,2017-06-01 13:35:11, 17
   1043,2017-06-01 13:35:14, 17
   1044,2017-06-01 13:35:17, 17
   1045,2017-06-01 13:35:20, 16
   1046,2017-06-01 13:35:23, 18
   1047,2017-06-01 13:35:26, 19
   1048,2017-06-01 13:35:29, 19
   1049,2017-06-01 13:35:32, 20
   1050,2017-06-01 13:35:35, 18
   1051,2017-06-01 13:35:38, 15
   1052,2017-06-01 13:35:41, 16
   1053,2017-06-01 13:35:44, 16
   1054,2017-06-01 13:35:47, 18
   1055,2017-06-01 13:35:50, 19
   1056,2017-06-01 13:35:53, 19
   1057,2017-06-01 13:35:56, 19
   1058,2017-06-01 13:35:59, 19
   1059,2017-06-01 13:36:02, 18
   1060,2017-06-01 13:36:05, 20
   1061,2017-06-01 13:36:08, 20
   1062,2017-06-01 13:36:11, 20
   1063,2017-06-01 13:36:14, 21
   1064,2017-06-01 13:36:17, 19
   1065,2017-06-01 13:36:20, 20
   1066,2017-06-01 13:36:23, 17
   1067,2017-06-01 13:36:26, 17
   1068,2017-06-01 13:36:29, 18
   1069,2017-06-01 13:36:32, 17
   1070,2017-06-01 13:36:35, 19
   1071,2017-06-01 13:36:38, 19
   1072,2017-06-01 13:36:41, 22
   1073,2017-06-01 13:36:44, 22
   1074,2017-06-01 13:36:47, 20
   1075,2017-06-01 13:36:50, 17
   1076,2017-06-01 13:36:53, 17
   1077,2017-06-01 13:36:56, 16
   1078,2017-06-01 13:36:59, 16
   1079,2017-06-01 13:37:02, 15
   1080,2017-06-01 13:37:05, 15
   1081,2017-06-01 13:37:08, 14
   1082,2017-06-01 13:37:11, 16
   1083,2017-06-01 13:37:14, 17
   1084,2017-06-01 13:37:17, 18
   1085,2017-06-01 13:37:20, 18
   1086,2017-06-01 13:37:23, 21
   1087,2017-06-01 13:37:26, 24
   1088,2017-06-01 13:37:29, 25
   1089,2017-06-01 13:37:32, 25
   1090,2017-06-01 13:37:35, 23
   1091,2017-06-01 13:37:38, 24
   1092,2017-06-01 13:37:41, 20
   1093,2017-06-01 13:37:44, 22
   1094,2017-06-01 13:37:47, 23
   1095,2017-06-01 13:37:50, 23
   1096,2017-06-01 13:37:53, 26
   1097,2017-06-01 13:37:56, 26
   1098,2017-06-01 13:37:59, 28
   1099,2017-06-01 13:38:02, 30
   1100,2017-06-01 13:38:05, 29
   1101,2017-06-01 13:38:08, 29
   1102,2017-06-01 13:38:11, 28
   1103,2017-06-01 13:38:14, 28
   1104,2017-06-01 13:38:17, 27
   1105,2017-06-01 13:38:20, 26
   1106,2017-06-01 13:38:23, 25
   1107,2017-06-01 13:38:26, 21
   1108,2017-06-01 13:38:29, 20
   1109,2017-06-01 13:38:32, 21
   1110,2017-06-01 13:38:35, 24
   1111,2017-06-01 13:38:38, 26
   1112,2017-06-01 13:38:41, 28
   1113,2017-06-01 13:38:44, 27
   1114,2017-06-01 13:38:47, 27
   1115,2017-06-01 13:38:50, 27
   1116,2017-06-01 13:38:53, 24
   1117,2017-06-01 13:38:56, 26
   1118,2017-06-01 13:38:59, 23
   1119,2017-06-01 13:39:02, 21
   1120,2017-06-01 13:39:05, 20
   1121,2017-06-01 13:39:08, 19
   1122,2017-06-01 13:39:11, 22
   1123,2017-06-01 13:39:14, 20
   1124,2017-06-01 13:39:17, 22
   1125,2017-06-01 13:39:20, 22
   1126,2017-06-01 13:39:23, 21
   1127,2017-06-01 13:39:26, 21
   1128,2017-06-01 13:39:29, 20
   1129,2017-06-01 13:39:32, 22
   1130,2017-06-01 13:39:35, 19
   1131,2017-06-01 13:39:38, 18
   1132,2017-06-01 13:39:41, 17
   1133,2017-06-01 13:39:44, 15
   1134,2017-06-01 13:39:47, 16
   1135,2017-06-01 13:39:50, 16
   1136,2017-06-01 13:39:53, 17
   1137,2017-06-01 13:39:56, 17
   1138,2017-06-01 13:39:59, 18
   1139,2017-06-01 13:40:02, 18
   1140,2017-06-01 13:40:05, 18
   1141,2017-06-01 13:40:08, 20
   1142,2017-06-01 13:40:11, 16
   1143,2017-06-01 13:40:14, 18
   1144,2017-06-01 13:40:17, 19
   1145,2017-06-01 13:40:20, 18
   1146,2017-06-01 13:40:23, 18
   1147,2017-06-01 13:40:26, 17
   1148,2017-06-01 13:40:29, 18
   1149,2017-06-01 13:40:32, 16
   1150,2017-06-01 13:40:35, 15
   1151,2017-06-01 13:40:38, 15
   1152,2017-06-01 13:40:41, 14
   1153,2017-06-01 13:40:44, 14
   1154,2017-06-01 13:40:47, 14
   1155,2017-06-01 13:40:50, 14
   1156,2017-06-01 13:40:53, 13
   1157,2017-06-01 13:40:56, 11
   1158,2017-06-01 13:40:59, 11
   1159,2017-06-01 13:41:02, 12
   1160,2017-06-01 13:41:05, 13
   1161,2017-06-01 13:41:08, 11
   1162,2017-06-01 13:41:11, 13
   1163,2017-06-01 13:41:14, 12
   1164,2017-06-01 13:41:17, 12
   1165,2017-06-01 13:41:20, 14
   1166,2017-06-01 13:41:23, 19
   1167,2017-06-01 13:41:26, 20
   1168,2017-06-01 13:41:29, 20
   1169,2017-06-01 13:41:32, 20
   1170,2017-06-01 13:41:35, 20
   1171,2017-06-01 13:41:38, 21
   1172,2017-06-01 13:41:41, 22
   1173,2017-06-01 13:41:44, 22
   1174,2017-06-01 13:41:47, 23
   1175,2017-06-01 13:41:50, 22
   1176,2017-06-01 13:41:53, 24
   1177,2017-06-01 13:41:56, 24
   1178,2017-06-01 13:41:59, 24
   1179,2017-06-01 13:42:02, 23
   1180,2017-06-01 13:42:05, 25
   1181,2017-06-01 13:42:08, 26
   1182,2017-06-01 13:42:11, 25
   1183,2017-06-01 13:42:14, 26
   1184,2017-06-01 13:42:17, 27
   1185,2017-06-01 13:42:20, 26
   1186,2017-06-01 13:42:23, 22
   1187,2017-06-01 13:42:26, 21
   1188,2017-06-01 13:42:29, 22
   1189,2017-06-01 13:42:32, 22
   1190,2017-06-01 13:42:35, 23
   1191,2017-06-01 13:42:38, 23
   1192,2017-06-01 13:42:41, 22
   1193,2017-06-01 13:42:44, 22
   1194,2017-06-01 13:42:47, 20
   1195,2017-06-01 13:42:50, 20
   1196,2017-06-01 13:42:53, 19
   1197,2017-06-01 13:42:56, 19
   1198,2017-06-01 13:42:59, 20
   1199,2017-06-01 13:43:02, 20
   1200,2017-06-01 13:43:05, 17
   1201,2017-06-01 13:43:08, 16
   1202,2017-06-01 13:43:11, 17
   1203,2017-06-01 13:43:14, 15
   1204,2017-06-01 13:43:17, 16
   1205,2017-06-01 13:43:20, 15
   1206,2017-06-01 13:43:23, 14
   1207,2017-06-01 13:43:26, 15
   1208,2017-06-01 13:43:29, 13
   1209,2017-06-01 13:43:32, 15
   1210,2017-06-01 13:43:35, 15
   1211,2017-06-01 13:43:38, 15
   1212,2017-06-01 13:43:41, 16
   1213,2017-06-01 13:43:44, 17
   1214,2017-06-01 13:43:47, 20
   1215,2017-06-01 13:43:50, 22
   1216,2017-06-01 13:43:53, 24
   1217,2017-06-01 13:43:56, 25
   1218,2017-06-01 13:43:59, 23
   1219,2017-06-01 13:44:02, 25
   1220,2017-06-01 13:44:05, 25
   1221,2017-06-01 13:44:08, 25
   1222,2017-06-01 13:44:11, 25
   1223,2017-06-01 13:44:14, 25
   1224,2017-06-01 13:44:17, 24
   1225,2017-06-01 13:44:20, 23
   1226,2017-06-01 13:44:23, 23
   1227,2017-06-01 13:44:26, 23
   1228,2017-06-01 13:44:29, 25
   1229,2017-06-01 13:44:32, 24
   1230,2017-06-01 13:44:35, 24
   1231,2017-06-01 13:44:38, 24
   1232,2017-06-01 13:44:41, 23
   1233,2017-06-01 13:44:44, 22
   1234,2017-06-01 13:44:47, 19
   1235,2017-06-01 13:44:50, 17
   1236,2017-06-01 13:44:53, 16
   1237,2017-06-01 13:44:56, 16
   1238,2017-06-01 13:44:59, 18
   1239,2017-06-01 13:45:02, 16
   1240,2017-06-01 13:45:05, 18
   1241,2017-06-01 13:45:08, 18
   1242,2017-06-01 13:45:11, 16
   1243,2017-06-01 13:45:14, 18
   1244,2017-06-01 13:45:17, 17
   1245,2017-06-01 13:45:20, 18
   1246,2017-06-01 13:45:23, 19
   1247,2017-06-01 13:45:26, 18
   1248,2017-06-01 13:45:29, 19
   1249,2017-06-01 13:45:32, 17
   1250,2017-06-01 13:45:35, 17
   1251,2017-06-01 13:45:38, 17
   1252,2017-06-01 13:45:41, 18
   1253,2017-06-01 13:45:44, 18
   1254,2017-06-01 13:45:47, 20
   1255,2017-06-01 13:45:50, 21
   1256,2017-06-01 13:45:53, 22
   1257,2017-06-01 13:45:56, 22
   1258,2017-06-01 13:45:59, 20
   1259,2017-06-01 13:46:02, 19
   1260,2017-06-01 13:46:05, 20
   1261,2017-06-01 13:46:08, 20
   1262,2017-06-01 13:46:11, 20
   1263,2017-06-01 13:46:14, 20
   1264,2017-06-01 13:46:17, 20
   1265,2017-06-01 13:46:20, 22
   1266,2017-06-01 13:46:23, 22
   1267,2017-06-01 13:46:26, 24
   1268,2017-06-01 13:46:29, 24
   1269,2017-06-01 13:46:32, 25
   1270,2017-06-01 13:46:35, 25
   1271,2017-06-01 13:46:38, 25
   1272,2017-06-01 13:46:41, 25
   1273,2017-06-01 13:46:44, 26
   1274,2017-06-01 13:46:47, 26
   1275,2017-06-01 13:46:50, 25
   1276,2017-06-01 13:46:53, 22
   1277,2017-06-01 13:46:56, 24
   1278,2017-06-01 13:46:59, 24
   1279,2017-06-01 13:47:02, 25
   1280,2017-06-01 13:47:05, 22
   1281,2017-06-01 13:47:08, 23
   1282,2017-06-01 13:47:11, 25
   1283,2017-06-01 13:47:14, 23
   1284,2017-06-01 13:47:17, 23
   1285,2017-06-01 13:47:20, 21
   1286,2017-06-01 13:47:23, 21
   1287,2017-06-01 13:47:26, 19
   1288,2017-06-01 13:47:29, 17
   1289,2017-06-01 13:47:32, 18
   1290,2017-06-01 13:47:35, 19
   1291,2017-06-01 13:47:38, 19
   1292,2017-06-01 13:47:41, 19
   1293,2017-06-01 13:47:44, 17
   1294,2017-06-01 13:47:47, 15
   1295,2017-06-01 13:47:50, 15
   1296,2017-06-01 13:47:53, 17
   1297,2017-06-01 13:47:56, 15
   1298,2017-06-01 13:47:59, 16
   1299,2017-06-01 13:48:02, 16
   1300,2017-06-01 13:48:05, 18
   1301,2017-06-01 13:48:08, 18
   1302,2017-06-01 13:48:11, 16
   1303,2017-06-01 13:48:14, 16
   1304,2017-06-01 13:48:17, 18
   1305,2017-06-01 13:48:20, 18
   1306,2017-06-01 13:48:23, 17
   1307,2017-06-01 13:48:26, 17
   1308,2017-06-01 13:48:29, 18
   1309,2017-06-01 13:48:32, 18
   1310,2017-06-01 13:48:35, 16
   1311,2017-06-01 13:48:38, 16
   1312,2017-06-01 13:48:41, 15
   1313,2017-06-01 13:48:44, 17
   1314,2017-06-01 13:48:47, 20
   1315,2017-06-01 13:48:50, 21
   1316,2017-06-01 13:48:53, 20
   1317,2017-06-01 13:48:56, 20
   1318,2017-06-01 13:48:59, 20
   1319,2017-06-01 13:49:02, 19
   1320,2017-06-01 13:49:05, 21
   1321,2017-06-01 13:49:08, 22
   1322,2017-06-01 13:49:11, 23
   1323,2017-06-01 13:49:14, 23
   1324,2017-06-01 13:49:17, 21
   1325,2017-06-01 13:49:20, 21
   1326,2017-06-01 13:49:23, 21
   1327,2017-06-01 13:49:26, 22
   1328,2017-06-01 13:49:29, 21
   1329,2017-06-01 13:49:32, 19
   1330,2017-06-01 13:49:35, 21
   1331,2017-06-01 13:49:38, 20
   1332,2017-06-01 13:49:41, 21
   1333,2017-06-01 13:49:44, 20
   1334,2017-06-01 13:49:47, 17
   1335,2017-06-01 13:49:50, 16
   1336,2017-06-01 13:49:53, 15
   1337,2017-06-01 13:49:56, 16
   1338,2017-06-01 13:49:59, 16
   1339,2017-06-01 13:50:02, 16
   1340,2017-06-01 13:50:05, 13
   1341,2017-06-01 13:50:08, 13
   1342,2017-06-01 13:50:11, 13
   1343,2017-06-01 13:50:14, 13
   1344,2017-06-01 13:50:17, 13
   1345,2017-06-01 13:50:20, 12
   1346,2017-06-01 13:50:23, 14
   1347,2017-06-01 13:50:26, 14
   1348,2017-06-01 13:50:29, 14
   1349,2017-06-01 13:50:32, 16
   1350,2017-06-01 13:50:35, 14
   1351,2017-06-01 13:50:38, 15
   1352,2017-06-01 13:50:41, 15
   1353,2017-06-01 13:50:44, 15
   1354,2017-06-01 13:50:47, 15
   1355,2017-06-01 13:50:50, 18
   1356,2017-06-01 13:50:53, 20
   1357,2017-06-01 13:50:56, 20
   1358,2017-06-01 13:50:59, 20
   1359,2017-06-01 13:51:02, 22
   1360,2017-06-01 13:51:05, 22
   1361,2017-06-01 13:51:08, 21
   1362,2017-06-01 13:51:11, 25
   1363,2017-06-01 13:51:14, 28
   1364,2017-06-01 13:51:17, 28
   1365,2017-06-01 13:51:20, 28
   1366,2017-06-01 13:51:23, 27
   1367,2017-06-01 13:51:26, 28
   1368,2017-06-01 13:51:29, 28
   1369,2017-06-01 13:51:32, 27
   1370,2017-06-01 13:51:35, 27
   1371,2017-06-01 13:51:38, 30
   1372,2017-06-01 13:51:41, 30
   1373,2017-06-01 13:51:44, 32
   1374,2017-06-01 13:51:47, 31
   1375,2017-06-01 13:51:50, 30
   1376,2017-06-01 13:51:53, 27
   1377,2017-06-01 13:51:56, 29
   1378,2017-06-01 13:51:59, 28
   1379,2017-06-01 13:52:02, 28
   1380,2017-06-01 13:52:05, 28
   1381,2017-06-01 13:52:08, 28
   1382,2017-06-01 13:52:11, 29
   1383,2017-06-01 13:52:14, 22
   1384,2017-06-01 13:52:17, 24
   1385,2017-06-01 13:52:20, 24
   1386,2017-06-01 13:52:23, 25
   1387,2017-06-01 13:52:26, 26
   1388,2017-06-01 13:52:29, 26
   1389,2017-06-01 13:52:32, 26
   1390,2017-06-01 13:52:35, 26
   1391,2017-06-01 13:52:38, 25
   1392,2017-06-01 13:52:41, 24
   1393,2017-06-01 13:52:44, 23
   1394,2017-06-01 13:52:47, 24
   1395,2017-06-01 13:52:50, 24
   1396,2017-06-01 13:52:53, 26
   1397,2017-06-01 13:52:56, 24
   1398,2017-06-01 13:52:59, 23
   1399,2017-06-01 13:53:02, 22
   1400,2017-06-01 13:53:05, 24
   1401,2017-06-01 13:53:08, 24
   1402,2017-06-01 13:53:11, 26
   1403,2017-06-01 13:53:14, 27
   1404,2017-06-01 13:53:17, 25
   1405,2017-06-01 13:53:20, 24
   1406,2017-06-01 13:53:23, 23
   1407,2017-06-01 13:53:26, 21
   1408,2017-06-01 13:53:29, 20
   1409,2017-06-01 13:53:32, 20
   1410,2017-06-01 13:53:35, 22
   1411,2017-06-01 13:53:38, 21
   1412,2017-06-01 13:53:41, 21
   1413,2017-06-01 13:53:44, 20
   1414,2017-06-01 13:53:47, 21
   1415,2017-06-01 13:53:50, 20
   1416,2017-06-01 13:53:53, 19
   1417,2017-06-01 13:53:56, 19
   1418,2017-06-01 13:53:59, 19
   1419,2017-06-01 13:54:02, 19
   1420,2017-06-01 13:54:05, 15
   1421,2017-06-01 13:54:08, 14
   1422,2017-06-01 13:54:11, 13
   1423,2017-06-01 13:54:14, 13
   1424,2017-06-01 13:54:17, 14
   1425,2017-06-01 13:54:20, 15
   1426,2017-06-01 13:54:23, 15
   1427,2017-06-01 13:54:26, 17
   1428,2017-06-01 13:54:29, 19
   1429,2017-06-01 13:54:32, 19
   1430,2017-06-01 13:54:35, 17
   1431,2017-06-01 13:54:38, 15
   1432,2017-06-01 13:54:41, 16
   1433,2017-06-01 13:54:44, 18
   1434,2017-06-01 13:54:47, 18
   1435,2017-06-01 13:54:50, 18
   1436,2017-06-01 13:54:53, 17
   1437,2017-06-01 13:54:56, 18
   1438,2017-06-01 13:54:59, 18
   1439,2017-06-01 13:55:02, 18
   1440,2017-06-01 13:55:05, 19
   1441,2017-06-01 13:55:08, 20
   1442,2017-06-01 13:55:11, 18
   1443,2017-06-01 13:55:14, 19
   1444,2017-06-01 13:55:17, 20
   1445,2017-06-01 13:55:20, 19
   1446,2017-06-01 13:55:23, 19
   1447,2017-06-01 13:55:26, 19
   1448,2017-06-01 13:55:29, 19
   1449,2017-06-01 13:55:32, 20
   1450,2017-06-01 13:55:35, 19
   1451,2017-06-01 13:55:38, 23
   1452,2017-06-01 13:55:41, 23
   1453,2017-06-01 13:55:44, 23
   1454,2017-06-01 13:55:47, 25
   1455,2017-06-01 13:55:50, 26
   1456,2017-06-01 13:55:53, 26
   1457,2017-06-01 13:55:56, 25
   1458,2017-06-01 13:55:59, 25
   1459,2017-06-01 13:56:02, 25
   1460,2017-06-01 13:56:05, 25
   1461,2017-06-01 13:56:08, 24
   1462,2017-06-01 13:56:11, 23
   1463,2017-06-01 13:56:14, 21
   1464,2017-06-01 13:56:17, 20
   1465,2017-06-01 13:56:20, 22
   1466,2017-06-01 13:56:23, 21
   1467,2017-06-01 13:56:26, 19
   1468,2017-06-01 13:56:29, 20
   1469,2017-06-01 13:56:32, 19
   1470,2017-06-01 13:56:35, 20
   1471,2017-06-01 13:56:38, 17
   1472,2017-06-01 13:56:41, 17
   1473,2017-06-01 13:56:44, 15
   1474,2017-06-01 13:56:47, 11
   1475,2017-06-01 13:56:50, 12
   1476,2017-06-01 13:56:53, 13
   1477,2017-06-01 13:56:56, 14
   1478,2017-06-01 13:56:59, 16
   1479,2017-06-01 13:57:02, 17
   1480,2017-06-01 13:57:05, 16
   1481,2017-06-01 13:57:08, 17
   1482,2017-06-01 13:57:11, 17
   1483,2017-06-01 13:57:14, 19
   1484,2017-06-01 13:57:17, 19
   1485,2017-06-01 13:57:20, 17
   1486,2017-06-01 13:57:23, 18
   1487,2017-06-01 13:57:26, 19
   1488,2017-06-01 13:57:29, 16
   1489,2017-06-01 13:57:32, 17
   1490,2017-06-01 13:57:35, 16
   1491,2017-06-01 13:57:38, 16
   1492,2017-06-01 13:57:41, 15
   1493,2017-06-01 13:57:44, 17
   1494,2017-06-01 13:57:47, 19
   1495,2017-06-01 13:57:50, 18
   1496,2017-06-01 13:57:53, 18
   1497,2017-06-01 13:57:56, 17
   1498,2017-06-01 13:57:59, 15
   1499,2017-06-01 13:58:02, 16
   1500,2017-06-01 13:58:05, 17
   1501,2017-06-01 13:58:08, 17
   1502,2017-06-01 13:58:11, 18
   1503,2017-06-01 13:58:14, 18
   1504,2017-06-01 13:58:17, 18
   1505,2017-06-01 13:58:20, 18
   1506,2017-06-01 13:58:23, 17
   1507,2017-06-01 13:58:26, 16
   1508,2017-06-01 13:58:29, 16
   1509,2017-06-01 13:58:32, 16
   1510,2017-06-01 13:58:35, 17
   1511,2017-06-01 13:58:38, 17
   1512,2017-06-01 13:58:41, 17
   1513,2017-06-01 13:58:44, 15
   1514,2017-06-01 13:58:47, 15
   1515,2017-06-01 13:58:50, 14
   1516,2017-06-01 13:58:53, 14
   1517,2017-06-01 13:58:56, 15
   1518,2017-06-01 13:58:59, 15
   1519,2017-06-01 13:59:02, 17
   1520,2017-06-01 13:59:05, 16
   1521,2017-06-01 13:59:08, 16
   1522,2017-06-01 13:59:11, 17
   1523,2017-06-01 13:59:14, 16
   1524,2017-06-01 13:59:17, 14
   1525,2017-06-01 13:59:20, 15
   1526,2017-06-01 13:59:23, 15
   1527,2017-06-01 13:59:26, 16
   1528,2017-06-01 13:59:29, 16
   1529,2017-06-01 13:59:32, 18
   1530,2017-06-01 13:59:35, 17
   1531,2017-06-01 13:59:38, 19
   1532,2017-06-01 13:59:41, 19
   1533,2017-06-01 13:59:44, 20
   1534,2017-06-01 13:59:47, 20
   1535,2017-06-01 13:59:50, 20
   1536,2017-06-01 13:59:53, 20
   1537,2017-06-01 13:59:56, 20
   1538,2017-06-01 13:59:59, 22
   1539,2017-06-01 14:00:02, 19
   1540,2017-06-01 14:00:05, 20
   1541,2017-06-01 14:00:08, 18
   1542,2017-06-01 14:00:11, 18
   1543,2017-06-01 14:00:14, 18
   1544,2017-06-01 14:00:17, 18
   1545,2017-06-01 14:00:20, 20
   1546,2017-06-01 14:00:23, 21
   1547,2017-06-01 14:00:26, 23
   1548,2017-06-01 14:00:29, 25
   1549,2017-06-01 14:00:32, 25
   1550,2017-06-01 14:00:35, 25
   1551,2017-06-01 14:00:38, 22
   1552,2017-06-01 14:00:41, 24
   1553,2017-06-01 14:00:44, 23
   1554,2017-06-01 14:00:47, 23
   1555,2017-06-01 14:00:50, 22
   1556,2017-06-01 14:00:53, 21
   1557,2017-06-01 14:00:56, 25
   1558,2017-06-01 14:00:59, 24
   1559,2017-06-01 14:01:02, 26
   1560,2017-06-01 14:01:05, 28
   1561,2017-06-01 14:01:08, 29
   1562,2017-06-01 14:01:11, 28
   1563,2017-06-01 14:01:14, 31
   1564,2017-06-01 14:01:17, 31
   1565,2017-06-01 14:01:20, 29
   1566,2017-06-01 14:01:23, 30
   1567,2017-06-01 14:01:26, 27
   1568,2017-06-01 14:01:29, 26
   1569,2017-06-01 14:01:32, 25
   1570,2017-06-01 14:01:35, 27
   1571,2017-06-01 14:01:38, 27
   1572,2017-06-01 14:01:41, 29
   1573,2017-06-01 14:01:44, 29
   1574,2017-06-01 14:01:47, 29
   1575,2017-06-01 14:01:50, 30
   1576,2017-06-01 14:01:53, 30
   1577,2017-06-01 14:01:56, 27
   1578,2017-06-01 14:01:59, 26
   1579,2017-06-01 14:02:02, 28
   1580,2017-06-01 14:02:05, 26
   1581,2017-06-01 14:02:08, 26
   1582,2017-06-01 14:02:11, 26
   1583,2017-06-01 14:02:14, 24
   1584,2017-06-01 14:02:17, 24
   1585,2017-06-01 14:02:20, 25
   1586,2017-06-01 14:02:23, 23
   1587,2017-06-01 14:02:26, 23
   1588,2017-06-01 14:02:29, 22
   1589,2017-06-01 14:02:32, 21
   1590,2017-06-01 14:02:35, 22
   1591,2017-06-01 14:02:38, 23
   1592,2017-06-01 14:02:41, 21
   1593,2017-06-01 14:02:44, 22
   1594,2017-06-01 14:02:47, 22
   1595,2017-06-01 14:02:50, 23
   1596,2017-06-01 14:02:53, 26
   1597,2017-06-01 14:02:56, 25
   1598,2017-06-01 14:02:59, 25
   1599,2017-06-01 14:03:02, 22
   1600,2017-06-01 14:03:05, 22
   1601,2017-06-01 14:03:08, 21
   1602,2017-06-01 14:03:11, 20
   1603,2017-06-01 14:03:14, 20
   1604,2017-06-01 14:03:17, 22
   1605,2017-06-01 14:03:20, 22
   1606,2017-06-01 14:03:23, 22
   1607,2017-06-01 14:03:26, 23
   1608,2017-06-01 14:03:29, 25
   1609,2017-06-01 14:03:32, 27
   1610,2017-06-01 14:03:35, 26
   1611,2017-06-01 14:03:38, 26
   1612,2017-06-01 14:03:41, 25
   1613,2017-06-01 14:03:44, 24
   1614,2017-06-01 14:03:47, 24
   1615,2017-06-01 14:03:50, 24
   1616,2017-06-01 14:03:53, 21
   1617,2017-06-01 14:03:56, 20
   1618,2017-06-01 14:03:59, 21
   1619,2017-06-01 14:04:02, 20
   1620,2017-06-01 14:04:05, 19
   1621,2017-06-01 14:04:08, 20
   1622,2017-06-01 14:04:11, 21
   1623,2017-06-01 14:04:14, 20
   1624,2017-06-01 14:04:17, 18
   1625,2017-06-01 14:04:20, 16
   1626,2017-06-01 14:04:23, 18
   1627,2017-06-01 14:04:26, 18
   1628,2017-06-01 14:04:29, 17
   1629,2017-06-01 14:04:32, 15
   1630,2017-06-01 14:04:35, 15
   1631,2017-06-01 14:04:38, 14
   1632,2017-06-01 14:04:41, 13
   1633,2017-06-01 14:04:44, 15
   1634,2017-06-01 14:04:47, 15
   1635,2017-06-01 14:04:50, 15
   1636,2017-06-01 14:04:53, 16
   1637,2017-06-01 14:04:56, 16
   1638,2017-06-01 14:04:59, 16
   1639,2017-06-01 14:05:02, 17
   1640,2017-06-01 14:05:05, 18
   1641,2017-06-01 14:05:08, 17
   1642,2017-06-01 14:05:11, 16
   1643,2017-06-01 14:05:14, 17
   1644,2017-06-01 14:05:17, 19
   1645,2017-06-01 14:05:20, 21
   1646,2017-06-01 14:05:23, 21
   1647,2017-06-01 14:05:26, 21
   1648,2017-06-01 14:05:29, 20
   1649,2017-06-01 14:05:32, 22
   1650,2017-06-01 14:05:35, 21
   1651,2017-06-01 14:05:38, 21
   1652,2017-06-01 14:05:41, 21
   1653,2017-06-01 14:05:44, 21
   1654,2017-06-01 14:05:47, 23
   1655,2017-06-01 14:05:50, 22
   1656,2017-06-01 14:05:53, 21
   1657,2017-06-01 14:05:56, 22
   1658,2017-06-01 14:05:59, 23
   1659,2017-06-01 14:06:02, 21
   1660,2017-06-01 14:06:05, 21
   1661,2017-06-01 14:06:08, 22
   1662,2017-06-01 14:06:11, 22
   1663,2017-06-01 14:06:14, 21
   1664,2017-06-01 14:06:17, 21
   1665,2017-06-01 14:06:20, 23
   1666,2017-06-01 14:06:23, 23
   1667,2017-06-01 14:06:26, 22
   1668,2017-06-01 14:06:29, 22
   1669,2017-06-01 14:06:32, 22
   1670,2017-06-01 14:06:35, 24
   1671,2017-06-01 14:06:38, 25
   1672,2017-06-01 14:06:41, 27
   1673,2017-06-01 14:06:44, 27
   1674,2017-06-01 14:06:47, 24
   1675,2017-06-01 14:06:50, 24
   1676,2017-06-01 14:06:53, 23
   1677,2017-06-01 14:06:56, 22
   1678,2017-06-01 14:06:59, 22
   1679,2017-06-01 14:07:02, 24
   1680,2017-06-01 14:07:05, 24
   1681,2017-06-01 14:07:08, 23
   1682,2017-06-01 14:07:11, 25
   1683,2017-06-01 14:07:14, 25
   1684,2017-06-01 14:07:17, 24
   1685,2017-06-01 14:07:20, 21
   1686,2017-06-01 14:07:23, 20
   1687,2017-06-01 14:07:26, 20
   1688,2017-06-01 14:07:29, 19
   1689,2017-06-01 14:07:32, 17
   1690,2017-06-01 14:07:35, 16
   1691,2017-06-01 14:07:38, 14
   1692,2017-06-01 14:07:41, 12
   1693,2017-06-01 14:07:44, 13
   1694,2017-06-01 14:07:47, 14
   1695,2017-06-01 14:07:50, 14
   1696,2017-06-01 14:07:53, 15
   1697,2017-06-01 14:07:56, 16
   1698,2017-06-01 14:07:59, 17
   1699,2017-06-01 14:08:02, 17
   1700,2017-06-01 14:08:05, 17
   1701,2017-06-01 14:08:08, 18
   1702,2017-06-01 14:08:11, 16
   1703,2017-06-01 14:08:14, 18
   1704,2017-06-01 14:08:17, 19
   1705,2017-06-01 14:08:20, 19
   1706,2017-06-01 14:08:23, 19
   1707,2017-06-01 14:08:26, 21
   1708,2017-06-01 14:08:29, 22
   1709,2017-06-01 14:08:32, 21
   1710,2017-06-01 14:08:35, 20
   1711,2017-06-01 14:08:38, 20
   1712,2017-06-01 14:08:41, 21
   1713,2017-06-01 14:08:44, 21
   1714,2017-06-01 14:08:47, 22
   1715,2017-06-01 14:08:50, 22
   1716,2017-06-01 14:08:53, 24
   1717,2017-06-01 14:08:56, 24
   1718,2017-06-01 14:08:59, 22
   1719,2017-06-01 14:09:02, 20
   1720,2017-06-01 14:09:05, 21
   1721,2017-06-01 14:09:08, 21
   1722,2017-06-01 14:09:11, 21
   1723,2017-06-01 14:09:14, 19
   1724,2017-06-01 14:09:17, 18
   1725,2017-06-01 14:09:20, 17
   1726,2017-06-01 14:09:23, 17
   1727,2017-06-01 14:09:26, 15
   1728,2017-06-01 14:09:29, 14
   1729,2017-06-01 14:09:32, 16
   1730,2017-06-01 14:09:35, 18
   1731,2017-06-01 14:09:38, 18
   1732,2017-06-01 14:09:41, 19
   1733,2017-06-01 14:09:44, 18
   1734,2017-06-01 14:09:47, 17
   1735,2017-06-01 14:09:50, 16
   1736,2017-06-01 14:09:53, 14
   1737,2017-06-01 14:09:56, 14
   1738,2017-06-01 14:09:59, 17
   1739,2017-06-01 14:10:02, 17
   1740,2017-06-01 14:10:05, 16
   1741,2017-06-01 14:10:08, 15
   1742,2017-06-01 14:10:11, 18
   1743,2017-06-01 14:10:14, 18
   1744,2017-06-01 14:10:17, 18
   1745,2017-06-01 14:10:20, 20
   1746,2017-06-01 14:10:23, 20
   1747,2017-06-01 14:10:26, 25
   1748,2017-06-01 14:10:29, 25
   1749,2017-06-01 14:10:32, 24
   1750,2017-06-01 14:10:35, 24
   1751,2017-06-01 14:10:38, 26
   1752,2017-06-01 14:10:41, 24
   1753,2017-06-01 14:10:44, 24
   1754,2017-06-01 14:10:47, 24
   1755,2017-06-01 14:10:50, 25
   1756,2017-06-01 14:10:53, 24
   1757,2017-06-01 14:10:56, 25
   1758,2017-06-01 14:10:59, 22
   1759,2017-06-01 14:11:02, 23
   1760,2017-06-01 14:11:05, 22
   1761,2017-06-01 14:11:08, 22
   1762,2017-06-01 14:11:11, 19
   1763,2017-06-01 14:11:14, 20
   1764,2017-06-01 14:11:17, 19
   1765,2017-06-01 14:11:20, 17
   1766,2017-06-01 14:11:23, 20
   1767,2017-06-01 14:11:26, 17
   1768,2017-06-01 14:11:29, 17
   1769,2017-06-01 14:11:32, 17
   1770,2017-06-01 14:11:35, 16
   1771,2017-06-01 14:11:38, 15
   1772,2017-06-01 14:11:41, 15
   1773,2017-06-01 14:11:44, 16
   1774,2017-06-01 14:11:47, 16
   1775,2017-06-01 14:11:50, 15
   1776,2017-06-01 14:11:53, 14
   1777,2017-06-01 14:11:56, 12
   1778,2017-06-01 14:11:59, 14
   1779,2017-06-01 14:12:02, 14
   1780,2017-06-01 14:12:05, 15
   1781,2017-06-01 14:12:08, 17
   1782,2017-06-01 14:12:11, 17
   1783,2017-06-01 14:12:14, 19
   1784,2017-06-01 14:12:17, 21
   1785,2017-06-01 14:12:20, 22
   1786,2017-06-01 14:12:23, 20
   1787,2017-06-01 14:12:26, 19
   1788,2017-06-01 14:12:29, 21
   1789,2017-06-01 14:12:32, 21
   1790,2017-06-01 14:12:35, 22
   1791,2017-06-01 14:12:38, 22
   1792,2017-06-01 14:12:41, 21
   1793,2017-06-01 14:12:44, 20
   1794,2017-06-01 14:12:47, 21
   1795,2017-06-01 14:12:50, 21
   1796,2017-06-01 14:12:53, 22
   1797,2017-06-01 14:12:56, 22
   1798,2017-06-01 14:12:59, 20
   1799,2017-06-01 14:13:02, 20
   1800,2017-06-01 14:13:05, 21
   1801,2017-06-01 14:13:08, 20
   1802,2017-06-01 14:13:11, 21
   1803,2017-06-01 14:13:14, 18
   1804,2017-06-01 14:13:17, 16
   1805,2017-06-01 14:13:20, 17
   1806,2017-06-01 14:13:23, 17
   1807,2017-06-01 14:13:26, 15
   1808,2017-06-01 14:13:29, 16
   1809,2017-06-01 14:13:32, 20
   1810,2017-06-01 14:13:35, 19
   1811,2017-06-01 14:13:38, 22
   1812,2017-06-01 14:13:41, 24
   1813,2017-06-01 14:13:44, 24
   1814,2017-06-01 14:13:47, 25
   1815,2017-06-01 14:13:50, 25
   1816,2017-06-01 14:13:53, 25
   1817,2017-06-01 14:13:56, 29
   1818,2017-06-01 14:13:59, 31
   1819,2017-06-01 14:14:02, 31
   1820,2017-06-01 14:14:05, 29
   1821,2017-06-01 14:14:08, 30
   1822,2017-06-01 14:14:11, 30
   1823,2017-06-01 14:14:14, 30
   1824,2017-06-01 14:14:17, 31
   1825,2017-06-01 14:14:20, 30
   1826,2017-06-01 14:14:23, 30
   1827,2017-06-01 14:14:26, 31
   1828,2017-06-01 14:14:29, 29
   1829,2017-06-01 14:14:32, 25
   1830,2017-06-01 14:14:35, 27
   1831,2017-06-01 14:14:38, 24
   1832,2017-06-01 14:14:41, 24
   1833,2017-06-01 14:14:44, 25
   1834,2017-06-01 14:14:47, 24
   1835,2017-06-01 14:14:50, 24
   1836,2017-06-01 14:14:53, 24
   1837,2017-06-01 14:14:56, 22
   1838,2017-06-01 14:14:59, 20
   1839,2017-06-01 14:15:02, 19
   1840,2017-06-01 14:15:05, 20
   1841,2017-06-01 14:15:08, 20
   1842,2017-06-01 14:15:11, 19
   1843,2017-06-01 14:15:14, 19
   1844,2017-06-01 14:15:17, 18
   1845,2017-06-01 14:15:20, 17
   1846,2017-06-01 14:15:23, 18
   1847,2017-06-01 14:15:26, 20
   1848,2017-06-01 14:15:29, 19
   1849,2017-06-01 14:15:32, 20
   1850,2017-06-01 14:15:35, 18
   1851,2017-06-01 14:15:38, 18
   1852,2017-06-01 14:15:41, 17
   1853,2017-06-01 14:15:44, 15
   1854,2017-06-01 14:15:47, 14
   1855,2017-06-01 14:15:50, 15
   1856,2017-06-01 14:15:53, 16
   1857,2017-06-01 14:15:56, 15
   1858,2017-06-01 14:15:59, 16
   1859,2017-06-01 14:16:02, 16
   1860,2017-06-01 14:16:05, 18
   1861,2017-06-01 14:16:08, 18
   1862,2017-06-01 14:16:11, 18
   1863,2017-06-01 14:16:14, 20
   1864,2017-06-01 14:16:17, 21
   1865,2017-06-01 14:16:20, 22
   1866,2017-06-01 14:16:23, 21
   1867,2017-06-01 14:16:26, 18
   1868,2017-06-01 14:16:29, 18
   1869,2017-06-01 14:16:32, 18
   1870,2017-06-01 14:16:35, 18
   1871,2017-06-01 14:16:38, 19
   1872,2017-06-01 14:16:41, 18
   1873,2017-06-01 14:16:44, 20
   1874,2017-06-01 14:16:47, 20
   1875,2017-06-01 14:16:50, 20
   1876,2017-06-01 14:16:53, 20
   1877,2017-06-01 14:16:56, 21
   1878,2017-06-01 14:16:59, 20
   1879,2017-06-01 14:17:02, 20
   1880,2017-06-01 14:17:05, 17
   1881,2017-06-01 14:17:08, 15
   1882,2017-06-01 14:17:11, 15
   1883,2017-06-01 14:17:14, 14
   1884,2017-06-01 14:17:17, 13
   1885,2017-06-01 14:17:20, 12
   1886,2017-06-01 14:17:23, 13
   1887,2017-06-01 14:17:26, 15
   1888,2017-06-01 14:17:29, 17
   1889,2017-06-01 14:17:32, 16
   1890,2017-06-01 14:17:35, 15
   1891,2017-06-01 14:17:38, 15
   1892,2017-06-01 14:17:41, 17
   1893,2017-06-01 14:17:44, 15
   1894,2017-06-01 14:17:47, 17
   1895,2017-06-01 14:17:50, 16
   1896,2017-06-01 14:17:53, 15
   1897,2017-06-01 14:17:56, 14
   1898,2017-06-01 14:17:59, 16
   1899,2017-06-01 14:18:02, 18
   1900,2017-06-01 14:18:05, 20
   1901,2017-06-01 14:18:08, 20
   1902,2017-06-01 14:18:11, 21
   1903,2017-06-01 14:18:14, 20
   1904,2017-06-01 14:18:17, 23
   1905,2017-06-01 14:18:20, 23
   1906,2017-06-01 14:18:23, 23
   1907,2017-06-01 14:18:26, 23
   1908,2017-06-01 14:18:29, 21
   1909,2017-06-01 14:18:32, 20
   1910,2017-06-01 14:18:35, 21
   1911,2017-06-01 14:18:38, 22
   1912,2017-06-01 14:18:41, 22
   1913,2017-06-01 14:18:44, 23
   1914,2017-06-01 14:18:47, 23
   1915,2017-06-01 14:18:50, 24
   1916,2017-06-01 14:18:53, 23
   1917,2017-06-01 14:18:56, 23
   1918,2017-06-01 14:18:59, 24
   1919,2017-06-01 14:19:02, 20
   1920,2017-06-01 14:19:05, 19
   1921,2017-06-01 14:19:08, 18
   1922,2017-06-01 14:19:11, 17
   1923,2017-06-01 14:19:14, 17
   1924,2017-06-01 14:19:17, 17
   1925,2017-06-01 14:19:20, 16
   1926,2017-06-01 14:19:23, 16
   1927,2017-06-01 14:19:26, 15
   1928,2017-06-01 14:19:29, 14
   1929,2017-06-01 14:19:32, 15
   1930,2017-06-01 14:19:35, 17
   1931,2017-06-01 14:19:38, 16
   1932,2017-06-01 14:19:41, 13
   1933,2017-06-01 14:19:44, 14
   1934,2017-06-01 14:19:47, 13
   1935,2017-06-01 14:19:50, 12
   1936,2017-06-01 14:19:53, 13
   1937,2017-06-01 14:19:56, 13
   1938,2017-06-01 14:19:59, 14
   1939,2017-06-01 14:20:02, 15
   1940,2017-06-01 14:20:05, 18
   1941,2017-06-01 14:20:08, 20
   1942,2017-06-01 14:20:11, 23
   1943,2017-06-01 14:20:14, 23
   1944,2017-06-01 14:20:17, 22
   1945,2017-06-01 14:20:20, 23
   1946,2017-06-01 14:20:23, 25
   1947,2017-06-01 14:20:26, 25
   1948,2017-06-01 14:20:29, 26
   1949,2017-06-01 14:20:32, 25
   1950,2017-06-01 14:20:35, 23
   1951,2017-06-01 14:20:38, 23
   1952,2017-06-01 14:20:41, 25
   1953,2017-06-01 14:20:44, 24
   1954,2017-06-01 14:20:47, 24
   1955,2017-06-01 14:20:50, 25
   1956,2017-06-01 14:20:53, 26
   1957,2017-06-01 14:20:56, 25
   1958,2017-06-01 14:20:59, 23
   1959,2017-06-01 14:21:02, 24
   1960,2017-06-01 14:21:05, 21
   1961,2017-06-01 14:21:08, 21
   1962,2017-06-01 14:21:11, 19
   1963,2017-06-01 14:21:14, 19
   1964,2017-06-01 14:21:17, 18
   1965,2017-06-01 14:21:20, 19
   1966,2017-06-01 14:21:23, 17
   1967,2017-06-01 14:21:26, 17
   1968,2017-06-01 14:21:29, 18
   1969,2017-06-01 14:21:32, 18
   1970,2017-06-01 14:21:35, 19
   1971,2017-06-01 14:21:38, 19
   1972,2017-06-01 14:21:41, 19
   1973,2017-06-01 14:21:44, 19
   1974,2017-06-01 14:21:47, 20
   1975,2017-06-01 14:21:50, 18
   1976,2017-06-01 14:21:53, 16
   1977,2017-06-01 14:21:56, 18
   1978,2017-06-01 14:21:59, 18
   1979,2017-06-01 14:22:02, 17
   1980,2017-06-01 14:22:05, 17
   1981,2017-06-01 14:22:08, 16
   1982,2017-06-01 14:22:11, 15
   1983,2017-06-01 14:22:14, 18
   1984,2017-06-01 14:22:17, 18
   1985,2017-06-01 14:22:20, 18
   1986,2017-06-01 14:22:23, 20
   1987,2017-06-01 14:22:26, 21
   1988,2017-06-01 14:22:29, 20
   1989,2017-06-01 14:22:32, 21
   1990,2017-06-01 14:22:35, 21
   1991,2017-06-01 14:22:38, 21
   1992,2017-06-01 14:22:41, 20
   1993,2017-06-01 14:22:44, 19
   1994,2017-06-01 14:22:47, 19
   1995,2017-06-01 14:22:50, 19
   1996,2017-06-01 14:22:53, 19
   1997,2017-06-01 14:22:56, 18
   1998,2017-06-01 14:22:59, 19
   1999,2017-06-01 14:23:02, 20
   2000,2017-06-01 14:23:05, 21
   2001,2017-06-01 14:23:08, 21
   2002,2017-06-01 14:23:11, 22
   2003,2017-06-01 14:23:14, 20
   2004,2017-06-01 14:23:17, 21
   2005,2017-06-01 14:23:20, 19
   2006,2017-06-01 14:23:23, 17
   2007,2017-06-01 14:23:26, 15
   2008,2017-06-01 14:23:29, 16
   2009,2017-06-01 14:23:32, 15
   2010,2017-06-01 14:23:35, 13
   2011,2017-06-01 14:23:38, 15
   2012,2017-06-01 14:23:41, 15
   2013,2017-06-01 14:23:44, 16
   2014,2017-06-01 14:23:47, 17
   2015,2017-06-01 14:23:50, 18
   2016,2017-06-01 14:23:53, 18
   2017,2017-06-01 14:23:56, 17
   2018,2017-06-01 14:23:59, 16
   2019,2017-06-01 14:24:02, 15
   2020,2017-06-01 14:24:05, 15
   2021,2017-06-01 14:24:08, 15
   2022,2017-06-01 14:24:11, 16
   2023,2017-06-01 14:24:14, 15
   2024,2017-06-01 14:24:17, 17
   2025,2017-06-01 14:24:20, 17
   2026,2017-06-01 14:24:23, 17
   2027,2017-06-01 14:24:26, 19
   2028,2017-06-01 14:24:29, 18
   2029,2017-06-01 14:24:32, 20
   2030,2017-06-01 14:24:35, 20
   2031,2017-06-01 14:24:38, 19
   2032,2017-06-01 14:24:41, 21
   2033,2017-06-01 14:24:44, 22
   2034,2017-06-01 14:24:47, 21
   2035,2017-06-01 14:24:50, 21
   2036,2017-06-01 14:24:53, 23
   2037,2017-06-01 14:24:56, 23
   2038,2017-06-01 14:24:59, 26
   2039,2017-06-01 14:25:02, 26
   2040,2017-06-01 14:25:05, 25
   2041,2017-06-01 14:25:08, 26
   2042,2017-06-01 14:25:11, 24
   2043,2017-06-01 14:25:14, 25
   2044,2017-06-01 14:25:17, 24
   2045,2017-06-01 14:25:20, 24
   2046,2017-06-01 14:25:23, 25
   2047,2017-06-01 14:25:26, 25
   2048,2017-06-01 14:25:29, 24
   2049,2017-06-01 14:25:32, 22
   2050,2017-06-01 14:25:35, 23
   2051,2017-06-01 14:25:38, 22
   2052,2017-06-01 14:25:41, 21
   2053,2017-06-01 14:25:44, 19
   2054,2017-06-01 14:25:47, 19
   2055,2017-06-01 14:25:50, 20
   2056,2017-06-01 14:25:53, 19
   2057,2017-06-01 14:25:56, 21
   2058,2017-06-01 14:25:59, 18
   2059,2017-06-01 14:26:02, 17
   2060,2017-06-01 14:26:05, 19
   2061,2017-06-01 14:26:08, 18
   2062,2017-06-01 14:26:11, 18
   2063,2017-06-01 14:26:14, 18
   2064,2017-06-01 14:26:17, 16
   2065,2017-06-01 14:26:20, 17
   2066,2017-06-01 14:26:23, 18
   2067,2017-06-01 14:26:26, 17
   2068,2017-06-01 14:26:29, 18
   2069,2017-06-01 14:26:32, 18
   2070,2017-06-01 14:26:35, 19
   2071,2017-06-01 14:26:38, 19
   2072,2017-06-01 14:26:41, 17
   2073,2017-06-01 14:26:44, 17
   2074,2017-06-01 14:26:47, 17
   2075,2017-06-01 14:26:50, 16
   2076,2017-06-01 14:26:53, 17
   2077,2017-06-01 14:26:56, 16
   2078,2017-06-01 14:26:59, 16
   2079,2017-06-01 14:27:02, 18
   2080,2017-06-01 14:27:05, 16
   2081,2017-06-01 14:27:08, 15
   2082,2017-06-01 14:27:11, 16
   2083,2017-06-01 14:27:14, 17
   2084,2017-06-01 14:27:17, 19
   2085,2017-06-01 14:27:20, 20
   2086,2017-06-01 14:27:23, 18
   2087,2017-06-01 14:27:26, 19
   2088,2017-06-01 14:27:29, 17
   2089,2017-06-01 14:27:32, 18
   2090,2017-06-01 14:27:35, 19
   2091,2017-06-01 14:27:38, 18
   2092,2017-06-01 14:27:41, 20
   2093,2017-06-01 14:27:44, 22
   2094,2017-06-01 14:27:47, 22
   2095,2017-06-01 14:27:50, 21
   2096,2017-06-01 14:27:53, 21
   2097,2017-06-01 14:27:56, 21
   2098,2017-06-01 14:27:59, 22
   2099,2017-06-01 14:28:02, 20
   2100,2017-06-01 14:28:05, 21
   2101,2017-06-01 14:28:08, 21
   2102,2017-06-01 14:28:11, 20
   2103,2017-06-01 14:28:14, 22
   2104,2017-06-01 14:28:17, 19
   2105,2017-06-01 14:28:20, 18
   2106,2017-06-01 14:28:23, 18
   2107,2017-06-01 14:28:26, 17
   2108,2017-06-01 14:28:29, 18
   2109,2017-06-01 14:28:32, 19
   2110,2017-06-01 14:28:35, 18
   2111,2017-06-01 14:28:38, 20
   2112,2017-06-01 14:28:41, 18
   2113,2017-06-01 14:28:44, 17
   2114,2017-06-01 14:28:47, 16
   2115,2017-06-01 14:28:50, 16
   2116,2017-06-01 14:28:53, 15
   2117,2017-06-01 14:28:56, 15
   2118,2017-06-01 14:28:59, 14
   2119,2017-06-01 14:29:02, 17
   2120,2017-06-01 14:29:05, 18
   2121,2017-06-01 14:29:08, 19
   2122,2017-06-01 14:29:11, 19
   2123,2017-06-01 14:29:14, 16
   2124,2017-06-01 14:29:17, 17
   2125,2017-06-01 14:29:20, 17
   2126,2017-06-01 14:29:23, 19
   2127,2017-06-01 14:29:26, 19
   2128,2017-06-01 14:29:29, 20
   2129,2017-06-01 14:29:32, 18
   2130,2017-06-01 14:29:35, 17
   2131,2017-06-01 14:29:38, 17
   2132,2017-06-01 14:29:41, 17
   2133,2017-06-01 14:29:44, 18
   2134,2017-06-01 14:29:47, 18
   2135,2017-06-01 14:29:50, 18
   2136,2017-06-01 14:29:53, 17
   2137,2017-06-01 14:29:56, 17
   2138,2017-06-01 14:29:59, 22
   2139,2017-06-01 14:30:02, 19
   2140,2017-06-01 14:30:05, 17
   2141,2017-06-01 14:30:08, 16
   2142,2017-06-01 14:30:11, 17
   2143,2017-06-01 14:30:14, 18
   2144,2017-06-01 14:30:17, 19
   2145,2017-06-01 14:30:20, 20
   2146,2017-06-01 14:30:23, 18
   2147,2017-06-01 14:30:26, 18
   2148,2017-06-01 14:30:29, 16
   2149,2017-06-01 14:30:32, 17
   2150,2017-06-01 14:30:35, 19
   2151,2017-06-01 14:30:38, 17
   2152,2017-06-01 14:30:41, 17
   2153,2017-06-01 14:30:44, 17
   2154,2017-06-01 14:30:47, 17
   2155,2017-06-01 14:30:50, 17
   2156,2017-06-01 14:30:53, 17
   2157,2017-06-01 14:30:56, 17
   2158,2017-06-01 14:30:59, 14
   2159,2017-06-01 14:31:02, 16
   2160,2017-06-01 14:31:05, 18
   2161,2017-06-01 14:31:08, 22
   2162,2017-06-01 14:31:11, 23
   2163,2017-06-01 14:31:14, 23
   2164,2017-06-01 14:31:17, 21
   2165,2017-06-01 14:31:20, 20
   2166,2017-06-01 14:31:23, 22
   2167,2017-06-01 14:31:26, 22
   2168,2017-06-01 14:31:29, 22
   2169,2017-06-01 14:31:32, 24
   2170,2017-06-01 14:31:35, 24
   2171,2017-06-01 14:31:38, 24
   2172,2017-06-01 14:31:41, 24
   2173,2017-06-01 14:31:44, 23
   2174,2017-06-01 14:31:47, 23
   2175,2017-06-01 14:31:50, 24
   2176,2017-06-01 14:31:53, 24
   2177,2017-06-01 14:31:56, 28
   2178,2017-06-01 14:31:59, 26
   2179,2017-06-01 14:32:02, 24
   2180,2017-06-01 14:32:05, 22
   2181,2017-06-01 14:32:08, 18
   2182,2017-06-01 14:32:11, 18
   2183,2017-06-01 14:32:14, 18
   2184,2017-06-01 14:32:17, 18
   2185,2017-06-01 14:32:20, 18
   2186,2017-06-01 14:32:23, 18
   2187,2017-06-01 14:32:26, 21
   2188,2017-06-01 14:32:29, 22
   2189,2017-06-01 14:32:32, 19
   2190,2017-06-01 14:32:35, 18
   2191,2017-06-01 14:32:38, 20
   2192,2017-06-01 14:32:41, 21
   2193,2017-06-01 14:32:44, 20
   2194,2017-06-01 14:32:47, 22
   2195,2017-06-01 14:32:50, 21
   2196,2017-06-01 14:32:53, 21
   2197,2017-06-01 14:32:56, 19
   2198,2017-06-01 14:32:59, 21
   2199,2017-06-01 14:33:02, 24
   2200,2017-06-01 14:33:05, 26
   2201,2017-06-01 14:33:08, 27
   2202,2017-06-01 14:33:11, 27
   2203,2017-06-01 14:33:14, 27
   2204,2017-06-01 14:33:17, 27
   2205,2017-06-01 14:33:20, 26
   2206,2017-06-01 14:33:23, 26
   2207,2017-06-01 14:33:26, 24
   2208,2017-06-01 14:33:29, 25
   2209,2017-06-01 14:33:32, 27
   2210,2017-06-01 14:33:35, 26
   2211,2017-06-01 14:33:38, 25
   2212,2017-06-01 14:33:41, 23
   2213,2017-06-01 14:33:44, 23
   2214,2017-06-01 14:33:47, 22
   2215,2017-06-01 14:33:50, 23
   2216,2017-06-01 14:33:53, 25
   2217,2017-06-01 14:33:56, 24
   2218,2017-06-01 14:33:59, 25
   2219,2017-06-01 14:34:02, 24
   2220,2017-06-01 14:34:05, 21
   2221,2017-06-01 14:34:08, 22
   2222,2017-06-01 14:34:11, 19
   2223,2017-06-01 14:34:14, 19
   2224,2017-06-01 14:34:17, 20
   2225,2017-06-01 14:34:20, 20
   2226,2017-06-01 14:34:23, 20
   2227,2017-06-01 14:34:26, 19
   2228,2017-06-01 14:34:29, 19
   2229,2017-06-01 14:34:32, 17
   2230,2017-06-01 14:34:35, 18
   2231,2017-06-01 14:34:38, 19
   2232,2017-06-01 14:34:41, 21
   2233,2017-06-01 14:34:44, 23
   2234,2017-06-01 14:34:47, 24
   2235,2017-06-01 14:34:50, 24
   2236,2017-06-01 14:34:53, 22
   2237,2017-06-01 14:34:56, 21
   2238,2017-06-01 14:34:59, 19
   2239,2017-06-01 14:35:02, 19
   2240,2017-06-01 14:35:05, 21
   2241,2017-06-01 14:35:08, 20
   2242,2017-06-01 14:35:11, 20
   2243,2017-06-01 14:35:14, 20
   2244,2017-06-01 14:35:17, 21
   2245,2017-06-01 14:35:20, 23
   2246,2017-06-01 14:35:23, 23
   2247,2017-06-01 14:35:26, 23
   2248,2017-06-01 14:35:29, 22
   2249,2017-06-01 14:35:32, 21
   2250,2017-06-01 14:35:35, 21
   2251,2017-06-01 14:35:38, 21
   2252,2017-06-01 14:35:41, 19
   2253,2017-06-01 14:35:44, 18
   2254,2017-06-01 14:35:47, 17
   2255,2017-06-01 14:35:50, 17
   2256,2017-06-01 14:35:53, 18
   2257,2017-06-01 14:35:56, 17
   2258,2017-06-01 14:35:59, 17
   2259,2017-06-01 14:36:02, 20
   2260,2017-06-01 14:36:05, 19
   2261,2017-06-01 14:36:08, 19
   2262,2017-06-01 14:36:11, 20
   2263,2017-06-01 14:36:14, 21
   2264,2017-06-01 14:36:17, 19
   2265,2017-06-01 14:36:20, 17
   2266,2017-06-01 14:36:23, 15
   2267,2017-06-01 14:36:26, 16
   2268,2017-06-01 14:36:29, 17
   2269,2017-06-01 14:36:32, 17
   2270,2017-06-01 14:36:35, 16
   2271,2017-06-01 14:36:38, 15
   2272,2017-06-01 14:36:41, 16
   2273,2017-06-01 14:36:44, 15
   2274,2017-06-01 14:36:47, 14
   2275,2017-06-01 14:36:50, 14
   2276,2017-06-01 14:36:53, 13
   2277,2017-06-01 14:36:56, 14
   2278,2017-06-01 14:36:59, 14
   2279,2017-06-01 14:37:02, 12
   2280,2017-06-01 14:37:05, 13
   2281,2017-06-01 14:37:08, 14
   2282,2017-06-01 14:37:11, 13
   2283,2017-06-01 14:37:14, 12
   2284,2017-06-01 14:37:17, 13
   2285,2017-06-01 14:37:20, 14
   2286,2017-06-01 14:37:23, 16
   2287,2017-06-01 14:37:26, 16
   2288,2017-06-01 14:37:29, 16
   2289,2017-06-01 14:37:32, 16
   2290,2017-06-01 14:37:35, 16
   2291,2017-06-01 14:37:38, 16
   2292,2017-06-01 14:37:41, 15
   2293,2017-06-01 14:37:44, 16
   2294,2017-06-01 14:37:47, 17
   2295,2017-06-01 14:37:50, 17
   2296,2017-06-01 14:37:53, 17
   2297,2017-06-01 14:37:56, 16
   2298,2017-06-01 14:37:59, 17
   2299,2017-06-01 14:38:02, 15
   2300,2017-06-01 14:38:05, 14
   2301,2017-06-01 14:38:08, 12
   2302,2017-06-01 14:38:11, 13
   2303,2017-06-01 14:38:14, 14
   2304,2017-06-01 14:38:17, 13
   2305,2017-06-01 14:38:20, 13
   2306,2017-06-01 14:38:23, 12
   2307,2017-06-01 14:38:26, 12
   2308,2017-06-01 14:38:29, 12
   2309,2017-06-01 14:38:32, 15
   2310,2017-06-01 14:38:35, 17
   2311,2017-06-01 14:38:38, 18
   2312,2017-06-01 14:38:41, 20
   2313,2017-06-01 14:38:44, 20
   2314,2017-06-01 14:38:47, 22
   2315,2017-06-01 14:38:50, 21
   2316,2017-06-01 14:38:53, 21
   2317,2017-06-01 14:38:56, 21
   2318,2017-06-01 14:38:59, 20
   2319,2017-06-01 14:39:02, 21
   2320,2017-06-01 14:39:05, 20
   2321,2017-06-01 14:39:08, 21
   2322,2017-06-01 14:39:11, 21
   2323,2017-06-01 14:39:14, 19
   2324,2017-06-01 14:39:17, 21
   2325,2017-06-01 14:39:20, 21
   2326,2017-06-01 14:39:23, 20
   2327,2017-06-01 14:39:26, 20
   2328,2017-06-01 14:39:29, 20
   2329,2017-06-01 14:39:32, 17
   2330,2017-06-01 14:39:35, 17
   2331,2017-06-01 14:39:38, 19
   2332,2017-06-01 14:39:41, 18
   2333,2017-06-01 14:39:44, 18
   2334,2017-06-01 14:39:47, 17
   2335,2017-06-01 14:39:50, 19
   2336,2017-06-01 14:39:53, 20
   2337,2017-06-01 14:39:56, 22
   2338,2017-06-01 14:39:59, 23
   2339,2017-06-01 14:40:02, 23
   2340,2017-06-01 14:40:05, 24
   2341,2017-06-01 14:40:08, 24
   2342,2017-06-01 14:40:11, 24
   2343,2017-06-01 14:40:14, 24
   2344,2017-06-01 14:40:17, 27
   2345,2017-06-01 14:40:20, 24
   2346,2017-06-01 14:40:23, 25
   2347,2017-06-01 14:40:26, 27
   2348,2017-06-01 14:40:29, 27
   2349,2017-06-01 14:40:32, 28
   2350,2017-06-01 14:40:35, 27
   2351,2017-06-01 14:40:38, 23
   2352,2017-06-01 14:40:41, 22
   2353,2017-06-01 14:40:44, 21
   2354,2017-06-01 14:40:47, 19
   2355,2017-06-01 14:40:50, 18
   2356,2017-06-01 14:40:53, 18
   2357,2017-06-01 14:40:56, 17
   2358,2017-06-01 14:40:59, 18
   2359,2017-06-01 14:41:02, 19
   2360,2017-06-01 14:41:05, 18
   2361,2017-06-01 14:41:08, 19
   2362,2017-06-01 14:41:11, 20
   2363,2017-06-01 14:41:14, 20
   2364,2017-06-01 14:41:17, 19
   2365,2017-06-01 14:41:20, 20
   2366,2017-06-01 14:41:23, 20
   2367,2017-06-01 14:41:26, 19
   2368,2017-06-01 14:41:29, 19
   2369,2017-06-01 14:41:32, 18
   2370,2017-06-01 14:41:35, 18
   2371,2017-06-01 14:41:38, 18
   2372,2017-06-01 14:41:41, 20
   2373,2017-06-01 14:41:44, 21
   2374,2017-06-01 14:41:47, 21
   2375,2017-06-01 14:41:50, 21
   2376,2017-06-01 14:41:53, 20
   2377,2017-06-01 14:41:56, 19
   2378,2017-06-01 14:41:59, 18
   2379,2017-06-01 14:42:02, 19
   2380,2017-06-01 14:42:05, 19
   2381,2017-06-01 14:42:08, 20
   2382,2017-06-01 14:42:11, 19
   2383,2017-06-01 14:42:14, 21
   2384,2017-06-01 14:42:17, 23
   2385,2017-06-01 14:42:20, 22
   2386,2017-06-01 14:42:23, 22
   2387,2017-06-01 14:42:26, 23
   2388,2017-06-01 14:42:29, 23
   2389,2017-06-01 14:42:32, 25
   2390,2017-06-01 14:42:35, 27
   2391,2017-06-01 14:42:38, 28
   2392,2017-06-01 14:42:41, 26
   2393,2017-06-01 14:42:44, 27
   2394,2017-06-01 14:42:47, 30
   2395,2017-06-01 14:42:50, 30
   2396,2017-06-01 14:42:53, 31
   2397,2017-06-01 14:42:56, 32
   2398,2017-06-01 14:42:59, 32
   2399,2017-06-01 14:43:02, 30
   2400,2017-06-01 14:43:05, 30
   2401,2017-06-01 14:43:08, 27
   2402,2017-06-01 14:43:11, 28
   2403,2017-06-01 14:43:14, 26
   2404,2017-06-01 14:43:17, 22
   2405,2017-06-01 14:43:20, 25
   2406,2017-06-01 14:43:23, 26
   2407,2017-06-01 14:43:26, 23
   2408,2017-06-01 14:43:29, 22
   2409,2017-06-01 14:43:32, 20
   2410,2017-06-01 14:43:35, 19
   2411,2017-06-01 14:43:38, 19
   2412,2017-06-01 14:43:41, 22
   2413,2017-06-01 14:43:44, 21
   2414,2017-06-01 14:43:47, 20
   2415,2017-06-01 14:43:50, 19
   2416,2017-06-01 14:43:53, 18
   2417,2017-06-01 14:43:56, 18
   2418,2017-06-01 14:43:59, 17
   2419,2017-06-01 14:44:02, 18
   2420,2017-06-01 14:44:05, 17
   2421,2017-06-01 14:44:08, 17
   2422,2017-06-01 14:44:11, 17
   2423,2017-06-01 14:44:14, 16
   2424,2017-06-01 14:44:17, 17
   2425,2017-06-01 14:44:20, 15
   2426,2017-06-01 14:44:23, 14
   2427,2017-06-01 14:44:26, 15
   2428,2017-06-01 14:44:29, 15
   2429,2017-06-01 14:44:32, 15
   2430,2017-06-01 14:44:35, 15
   2431,2017-06-01 14:44:38, 16
   2432,2017-06-01 14:44:41, 14
   2433,2017-06-01 14:44:44, 13
   2434,2017-06-01 14:44:47, 12
   2435,2017-06-01 14:44:50, 12
   2436,2017-06-01 14:44:53, 12
   2437,2017-06-01 14:44:56, 11
   2438,2017-06-01 14:44:59, 13
   2439,2017-06-01 14:45:02, 12
   2440,2017-06-01 14:45:05, 12
   2441,2017-06-01 14:45:08, 14
   2442,2017-06-01 14:45:11, 13
   2443,2017-06-01 14:45:14, 15
   2444,2017-06-01 14:45:17, 14
   2445,2017-06-01 14:45:20, 13
   2446,2017-06-01 14:45:23, 12
   2447,2017-06-01 14:45:26, 12
   2448,2017-06-01 14:45:29, 12
   2449,2017-06-01 14:45:32, 12
   2450,2017-06-01 14:45:35, 14
   2451,2017-06-01 14:45:38, 12
   2452,2017-06-01 14:45:41, 12
   2453,2017-06-01 14:45:44, 12
   2454,2017-06-01 14:45:47, 13
   2455,2017-06-01 14:45:50, 13
   2456,2017-06-01 14:45:53, 15
   2457,2017-06-01 14:45:56, 15
   2458,2017-06-01 14:45:59, 13
   2459,2017-06-01 14:46:02, 13
   2460,2017-06-01 14:46:05, 14
   2461,2017-06-01 14:46:08, 13
   2462,2017-06-01 14:46:11, 15
   2463,2017-06-01 14:46:14, 13
   2464,2017-06-01 14:46:17, 14
   2465,2017-06-01 14:46:20, 15
   2466,2017-06-01 14:46:23, 15
   2467,2017-06-01 14:46:26, 15
   2468,2017-06-01 14:46:29, 16
   2469,2017-06-01 14:46:32, 18
   2470,2017-06-01 14:46:35, 17
   2471,2017-06-01 14:46:38, 18
   2472,2017-06-01 14:46:41, 18
   2473,2017-06-01 14:46:44, 18
   2474,2017-06-01 14:46:47, 17
   2475,2017-06-01 14:46:50, 19
   2476,2017-06-01 14:46:53, 17
   2477,2017-06-01 14:46:56, 18
   2478,2017-06-01 14:46:59, 19
   2479,2017-06-01 14:47:02, 20
   2480,2017-06-01 14:47:05, 20
   2481,2017-06-01 14:47:08, 18
   2482,2017-06-01 14:47:11, 19
   2483,2017-06-01 14:47:14, 18
   2484,2017-06-01 14:47:17, 17
   2485,2017-06-01 14:47:20, 17
   2486,2017-06-01 14:47:23, 18
   2487,2017-06-01 14:47:26, 19
   2488,2017-06-01 14:47:29, 17
   2489,2017-06-01 14:47:32, 17
   2490,2017-06-01 14:47:35, 16
   2491,2017-06-01 14:47:38, 16
   2492,2017-06-01 14:47:41, 19
   2493,2017-06-01 14:47:44, 19
   2494,2017-06-01 14:47:47, 19
   2495,2017-06-01 14:47:50, 21
   2496,2017-06-01 14:47:53, 22
   2497,2017-06-01 14:47:56, 21
   2498,2017-06-01 14:47:59, 22
   2499,2017-06-01 14:48:02, 21
   2500,2017-06-01 14:48:05, 21
   2501,2017-06-01 14:48:08, 22
   2502,2017-06-01 14:48:11, 23
   2503,2017-06-01 14:48:14, 23
   2504,2017-06-01 14:48:17, 24
   2505,2017-06-01 14:48:20, 23
   2506,2017-06-01 14:48:23, 23
   2507,2017-06-01 14:48:26, 23
   2508,2017-06-01 14:48:29, 24
   2509,2017-06-01 14:48:32, 23
   2510,2017-06-01 14:48:35, 22
   2511,2017-06-01 14:48:38, 21
   2512,2017-06-01 14:48:41, 18
   2513,2017-06-01 14:48:44, 18
   2514,2017-06-01 14:48:47, 17
   2515,2017-06-01 14:48:50, 17
   2516,2017-06-01 14:48:53, 14
   2517,2017-06-01 14:48:56, 15
   2518,2017-06-01 14:48:59, 13
   2519,2017-06-01 14:49:02, 13
   2520,2017-06-01 14:49:05, 13
   2521,2017-06-01 14:49:08, 12
   2522,2017-06-01 14:49:11, 10
   2523,2017-06-01 14:49:14, 14
   2524,2017-06-01 14:49:17, 13
   2525,2017-06-01 14:49:20, 16
   2526,2017-06-01 14:49:23, 18
   2527,2017-06-01 14:49:26, 17
   2528,2017-06-01 14:49:29, 18
   2529,2017-06-01 14:49:32, 18
   2530,2017-06-01 14:49:35, 18
   2531,2017-06-01 14:49:38, 20
   2532,2017-06-01 14:49:41, 19
   2533,2017-06-01 14:49:44, 21
   2534,2017-06-01 14:49:47, 22
   2535,2017-06-01 14:49:50, 20
   2536,2017-06-01 14:49:53, 20
   2537,2017-06-01 14:49:56, 19
   2538,2017-06-01 14:49:59, 20
   2539,2017-06-01 14:50:02, 21
   2540,2017-06-01 14:50:05, 23
   2541,2017-06-01 14:50:08, 23
   2542,2017-06-01 14:50:11, 24
   2543,2017-06-01 14:50:14, 21
   2544,2017-06-01 14:50:17, 22
   2545,2017-06-01 14:50:20, 20
   2546,2017-06-01 14:50:23, 18
   2547,2017-06-01 14:50:26, 19
   2548,2017-06-01 14:50:29, 18
   2549,2017-06-01 14:50:32, 18
   2550,2017-06-01 14:50:35, 19
   2551,2017-06-01 14:50:38, 17
   2552,2017-06-01 14:50:41, 18
   2553,2017-06-01 14:50:44, 17
   2554,2017-06-01 14:50:47, 17
   2555,2017-06-01 14:50:50, 18
   2556,2017-06-01 14:50:53, 18
   2557,2017-06-01 14:50:56, 18
   2558,2017-06-01 14:50:59, 20
   2559,2017-06-01 14:51:02, 19
   2560,2017-06-01 14:51:05, 17
   2561,2017-06-01 14:51:08, 20
   2562,2017-06-01 14:51:11, 20
   2563,2017-06-01 14:51:14, 20
   2564,2017-06-01 14:51:17, 19
   2565,2017-06-01 14:51:20, 21
   2566,2017-06-01 14:51:23, 21
   2567,2017-06-01 14:51:26, 23
   2568,2017-06-01 14:51:29, 22
   2569,2017-06-01 14:51:32, 23
   2570,2017-06-01 14:51:35, 21
   2571,2017-06-01 14:51:38, 22
   2572,2017-06-01 14:51:41, 21
   2573,2017-06-01 14:51:44, 20
   2574,2017-06-01 14:51:47, 21
   2575,2017-06-01 14:51:50, 22
   2576,2017-06-01 14:51:53, 23
   2577,2017-06-01 14:51:56, 26
   2578,2017-06-01 14:51:59, 25
   2579,2017-06-01 14:52:02, 27
   2580,2017-06-01 14:52:05, 30
   2581,2017-06-01 14:52:08, 29
   2582,2017-06-01 14:52:11, 29
   2583,2017-06-01 14:52:14, 27
   2584,2017-06-01 14:52:17, 27
   2585,2017-06-01 14:52:20, 27
   2586,2017-06-01 14:52:23, 26
   2587,2017-06-01 14:52:26, 23
   2588,2017-06-01 14:52:29, 25
   2589,2017-06-01 14:52:32, 25
   2590,2017-06-01 14:52:35, 26
   2591,2017-06-01 14:52:38, 28
   2592,2017-06-01 14:52:41, 28
   2593,2017-06-01 14:52:44, 31
   2594,2017-06-01 14:52:47, 29
   2595,2017-06-01 14:52:50, 29
   2596,2017-06-01 14:52:53, 31
   2597,2017-06-01 14:52:56, 29
   2598,2017-06-01 14:52:59, 26
   2599,2017-06-01 14:53:02, 25
   2600,2017-06-01 14:53:05, 22
   2601,2017-06-01 14:53:08, 24
   2602,2017-06-01 14:53:11, 23
   2603,2017-06-01 14:53:14, 24
   2604,2017-06-01 14:53:17, 25
   2605,2017-06-01 14:53:20, 24
   2606,2017-06-01 14:53:23, 25
   2607,2017-06-01 14:53:26, 26
   2608,2017-06-01 14:53:29, 28
   2609,2017-06-01 14:53:32, 27
   2610,2017-06-01 14:53:35, 26
   2611,2017-06-01 14:53:38, 28
   2612,2017-06-01 14:53:41, 27
   2613,2017-06-01 14:53:44, 26
   2614,2017-06-01 14:53:47, 27
   2615,2017-06-01 14:53:50, 27
   2616,2017-06-01 14:53:53, 24
   2617,2017-06-01 14:53:56, 26
   2618,2017-06-01 14:53:59, 26
   2619,2017-06-01 14:54:02, 26
   2620,2017-06-01 14:54:05, 26
   2621,2017-06-01 14:54:08, 21
   2622,2017-06-01 14:54:11, 21
   2623,2017-06-01 14:54:14, 24
   2624,2017-06-01 14:54:17, 25
   2625,2017-06-01 14:54:20, 28
   2626,2017-06-01 14:54:23, 28
   2627,2017-06-01 14:54:26, 27
   2628,2017-06-01 14:54:29, 24
   2629,2017-06-01 14:54:32, 23
   2630,2017-06-01 14:54:35, 23
   2631,2017-06-01 14:54:38, 21
   2632,2017-06-01 14:54:41, 20
   2633,2017-06-01 14:54:44, 19
   2634,2017-06-01 14:54:47, 19
   2635,2017-06-01 14:54:50, 20
   2636,2017-06-01 14:54:53, 20
   2637,2017-06-01 14:54:56, 19
   2638,2017-06-01 14:54:59, 19
   2639,2017-06-01 14:55:02, 19
   2640,2017-06-01 14:55:05, 20
   2641,2017-06-01 14:55:08, 24
   2642,2017-06-01 14:55:11, 26
   2643,2017-06-01 14:55:14, 23
   2644,2017-06-01 14:55:17, 21
   2645,2017-06-01 14:55:20, 17
   2646,2017-06-01 14:55:23, 17
   2647,2017-06-01 14:55:26, 17
   2648,2017-06-01 14:55:29, 17
   2649,2017-06-01 14:55:32, 17
   2650,2017-06-01 14:55:35, 17
   2651,2017-06-01 14:55:38, 16
   2652,2017-06-01 14:55:41, 16
   2653,2017-06-01 14:55:44, 15
   2654,2017-06-01 14:55:47, 14
   2655,2017-06-01 14:55:50, 15
   2656,2017-06-01 14:55:53, 15
   2657,2017-06-01 14:55:56, 15
   2658,2017-06-01 14:55:59, 15
   2659,2017-06-01 14:56:02, 15
   2660,2017-06-01 14:56:05, 15
   2661,2017-06-01 14:56:08, 12
   2662,2017-06-01 14:56:11, 11
   2663,2017-06-01 14:56:14, 11
   2664,2017-06-01 14:56:17, 12
   2665,2017-06-01 14:56:20, 13
   2666,2017-06-01 14:56:23, 14
   2667,2017-06-01 14:56:26, 14
   2668,2017-06-01 14:56:29, 16
   2669,2017-06-01 14:56:32, 17
   2670,2017-06-01 14:56:35, 18
   2671,2017-06-01 14:56:38, 19
   2672,2017-06-01 14:56:41, 19
   2673,2017-06-01 14:56:44, 20
   2674,2017-06-01 14:56:47, 20
   2675,2017-06-01 14:56:50, 21
   2676,2017-06-01 14:56:53, 23
   2677,2017-06-01 14:56:56, 24
   2678,2017-06-01 14:56:59, 25
   2679,2017-06-01 14:57:02, 27
   2680,2017-06-01 14:57:05, 27
   2681,2017-06-01 14:57:08, 28
   2682,2017-06-01 14:57:11, 29
   2683,2017-06-01 14:57:14, 28
   2684,2017-06-01 14:57:17, 27
   2685,2017-06-01 14:57:20, 27
   2686,2017-06-01 14:57:23, 25
   2687,2017-06-01 14:57:26, 25
   2688,2017-06-01 14:57:29, 23
   2689,2017-06-01 14:57:32, 23
   2690,2017-06-01 14:57:35, 23
   2691,2017-06-01 14:57:38, 22
   2692,2017-06-01 14:57:41, 22
   2693,2017-06-01 14:57:44, 22
   2694,2017-06-01 14:57:47, 22
   2695,2017-06-01 14:57:50, 18
   2696,2017-06-01 14:57:53, 16
   2697,2017-06-01 14:57:56, 15
   2698,2017-06-01 14:57:59, 14
   2699,2017-06-01 14:58:02, 13
   2700,2017-06-01 14:58:05, 13
   2701,2017-06-01 14:58:08, 12
   2702,2017-06-01 14:58:11, 13
   2703,2017-06-01 14:58:14, 15
   2704,2017-06-01 14:58:17, 16
   2705,2017-06-01 14:58:20, 17
   2706,2017-06-01 14:58:23, 19
   2707,2017-06-01 14:58:26, 20
   2708,2017-06-01 14:58:29, 22
   2709,2017-06-01 14:58:32, 22
   2710,2017-06-01 14:58:35, 22
   2711,2017-06-01 14:58:38, 24
   2712,2017-06-01 14:58:41, 24
   2713,2017-06-01 14:58:44, 26
   2714,2017-06-01 14:58:47, 27
   2715,2017-06-01 14:58:50, 27
   2716,2017-06-01 14:58:53, 26
   2717,2017-06-01 14:58:56, 26
   2718,2017-06-01 14:58:59, 26
   2719,2017-06-01 14:59:02, 26
   2720,2017-06-01 14:59:05, 27
   2721,2017-06-01 14:59:08, 26
   2722,2017-06-01 14:59:11, 24
   2723,2017-06-01 14:59:14, 22
   2724,2017-06-01 14:59:17, 21
   2725,2017-06-01 14:59:20, 21
   2726,2017-06-01 14:59:23, 19
   2727,2017-06-01 14:59:26, 18
   2728,2017-06-01 14:59:29, 16
   2729,2017-06-01 14:59:32, 17
   2730,2017-06-01 14:59:35, 19
   2731,2017-06-01 14:59:38, 17
   2732,2017-06-01 14:59:41, 18
   2733,2017-06-01 14:59:44, 17
   2734,2017-06-01 14:59:47, 17
   2735,2017-06-01 14:59:50, 17
   2736,2017-06-01 14:59:53, 17
   2737,2017-06-01 14:59:56, 17
   2738,2017-06-01 14:59:59, 18
   2739,2017-06-01 15:00:02, 18
   2740,2017-06-01 15:00:05, 17
   2741,2017-06-01 15:00:08, 18
   2742,2017-06-01 15:00:11, 18
   2743,2017-06-01 15:00:14, 20
   2744,2017-06-01 15:00:17, 21
   2745,2017-06-01 15:00:20, 19
   2746,2017-06-01 15:00:23, 19
   2747,2017-06-01 15:00:26, 19
   2748,2017-06-01 15:00:29, 20
   2749,2017-06-01 15:00:32, 18
   2750,2017-06-01 15:00:35, 16
   2751,2017-06-01 15:00:38, 17
   2752,2017-06-01 15:00:41, 16
   2753,2017-06-01 15:00:44, 16
   2754,2017-06-01 15:00:47, 15
   2755,2017-06-01 15:00:50, 15
   2756,2017-06-01 15:00:53, 17
   2757,2017-06-01 15:00:56, 17
   2758,2017-06-01 15:00:59, 17
   2759,2017-06-01 15:01:02, 16
   2760,2017-06-01 15:01:05, 16
   2761,2017-06-01 15:01:08, 15
   2762,2017-06-01 15:01:11, 17
   2763,2017-06-01 15:01:14, 15
   2764,2017-06-01 15:01:17, 15
   2765,2017-06-01 15:01:20, 16
   2766,2017-06-01 15:01:23, 17
   2767,2017-06-01 15:01:26, 16
   2768,2017-06-01 15:01:29, 15
   2769,2017-06-01 15:01:32, 15
   2770,2017-06-01 15:01:35, 14
   2771,2017-06-01 15:01:38, 14
   2772,2017-06-01 15:01:41, 14
   2773,2017-06-01 15:01:44, 14
   2774,2017-06-01 15:01:47, 13
   2775,2017-06-01 15:01:50, 15
   2776,2017-06-01 15:01:53, 14
   2777,2017-06-01 15:01:56, 15
   2778,2017-06-01 15:01:59, 15
   2779,2017-06-01 15:02:02, 16
   2780,2017-06-01 15:02:05, 16
   2781,2017-06-01 15:02:08, 16
   2782,2017-06-01 15:02:11, 16
   2783,2017-06-01 15:02:14, 16
   2784,2017-06-01 15:02:17, 16
   2785,2017-06-01 15:02:20, 15
   2786,2017-06-01 15:02:23, 14
   2787,2017-06-01 15:02:26, 16
   2788,2017-06-01 15:02:29, 17
   2789,2017-06-01 15:02:32, 17
   2790,2017-06-01 15:02:35, 19
   2791,2017-06-01 15:02:38, 21
   2792,2017-06-01 15:02:41, 21
   2793,2017-06-01 15:02:44, 21
   2794,2017-06-01 15:02:47, 21
   2795,2017-06-01 15:02:50, 20
   2796,2017-06-01 15:02:53, 19
   2797,2017-06-01 15:02:56, 17
   2798,2017-06-01 15:02:59, 18
   2799,2017-06-01 15:03:02, 19
   2800,2017-06-01 15:03:05, 18
   2801,2017-06-01 15:03:08, 20
   2802,2017-06-01 15:03:11, 18
   2803,2017-06-01 15:03:14, 19
   2804,2017-06-01 15:03:17, 18
   2805,2017-06-01 15:03:20, 18
   2806,2017-06-01 15:03:23, 18
   2807,2017-06-01 15:03:26, 17
   2808,2017-06-01 15:03:29, 19
   2809,2017-06-01 15:03:32, 20
   2810,2017-06-01 15:03:35, 19
   2811,2017-06-01 15:03:38, 17
   2812,2017-06-01 15:03:41, 16
   2813,2017-06-01 15:03:44, 16
   2814,2017-06-01 15:03:47, 17
   2815,2017-06-01 15:03:50, 16
   2816,2017-06-01 15:03:53, 17
   2817,2017-06-01 15:03:56, 18
   2818,2017-06-01 15:03:59, 17
