# Logfile created 2017-03-11 18:52:50
# now logging with cycle 1.0sec, and mode 'CPM'
# using device 'GQ GMC-300E plus'
      1,2017-03-11 18:52:55, 6
      2,2017-03-11 18:52:56, 7
      3,2017-03-11 18:52:57, 7
      4,2017-03-11 18:52:58, 8
      5,2017-03-11 18:52:59, 8
      6,2017-03-11 18:53:00, 8
      7,2017-03-11 18:53:01, 8
      8,2017-03-11 18:53:02, 8
      9,2017-03-11 18:53:03, 9
     10,2017-03-11 18:53:04, 9
     11,2017-03-11 18:53:05, 9
     12,2017-03-11 18:53:06, 10
     13,2017-03-11 18:53:07, 11
     14,2017-03-11 18:53:08, 11
     15,2017-03-11 18:53:09, 11
     16,2017-03-11 18:53:10, 12
     17,2017-03-11 18:53:11, 13
     18,2017-03-11 18:53:12, 14
     19,2017-03-11 18:53:13, 16
     20,2017-03-11 18:53:14, 17
     21,2017-03-11 18:53:15, 17
     22,2017-03-11 18:53:16, 18
     23,2017-03-11 18:53:17, 18
     24,2017-03-11 18:53:18, 18
     25,2017-03-11 18:53:19, 19
     26,2017-03-11 18:53:20, 20
     27,2017-03-11 18:53:21, 20
     28,2017-03-11 18:53:22, 21
     29,2017-03-11 18:53:23, 22
     30,2017-03-11 18:53:24, 22
     31,2017-03-11 18:53:25, 22
     32,2017-03-11 18:53:26, 22
     33,2017-03-11 18:53:27, 22
     34,2017-03-11 18:53:28, 22
     35,2017-03-11 18:53:29, 22
     36,2017-03-11 18:53:30, 22
     37,2017-03-11 18:53:31, 22
     38,2017-03-11 18:53:32, 22
     39,2017-03-11 18:53:33, 22
     40,2017-03-11 18:53:34, 22
     41,2017-03-11 18:53:35, 22
     42,2017-03-11 18:53:36, 22
     43,2017-03-11 18:53:37, 23
     44,2017-03-11 18:53:38, 23
     45,2017-03-11 18:53:39, 23
     46,2017-03-11 18:53:40, 23
     47,2017-03-11 18:53:41, 23
     48,2017-03-11 18:53:42, 23
     49,2017-03-11 18:53:43, 23
     50,2017-03-11 18:53:44, 23
     51,2017-03-11 18:53:45, 23
     52,2017-03-11 18:53:46, 24
     53,2017-03-11 18:53:47, 25
     54,2017-03-11 18:53:48, 25
     55,2017-03-11 18:53:49, 24
     56,2017-03-11 18:53:50, 24
     57,2017-03-11 18:53:51, 24
     58,2017-03-11 18:53:52, 24
     59,2017-03-11 18:53:53, 23
     60,2017-03-11 18:53:54, 23
     61,2017-03-11 18:53:55, 23
     62,2017-03-11 18:53:56, 22
     63,2017-03-11 18:53:57, 23
     64,2017-03-11 18:53:58, 22
     65,2017-03-11 18:53:59, 22
     66,2017-03-11 18:54:00, 22
     67,2017-03-11 18:54:01, 22
     68,2017-03-11 18:54:02, 22
     69,2017-03-11 18:54:03, 22
     70,2017-03-11 18:54:04, 22
     71,2017-03-11 18:54:05, 22
     72,2017-03-11 18:54:06, 22
     73,2017-03-11 18:54:07, 21
     74,2017-03-11 18:54:08, 21
     75,2017-03-11 18:54:09, 22
     76,2017-03-11 18:54:10, 22
     77,2017-03-11 18:54:11, 21
     78,2017-03-11 18:54:12, 20
     79,2017-03-11 18:54:13, 19
     80,2017-03-11 18:54:14, 17
     81,2017-03-11 18:54:15, 16
     82,2017-03-11 18:54:16, 16
     83,2017-03-11 18:54:17, 15
     84,2017-03-11 18:54:18, 16
     85,2017-03-11 18:54:19, 16
     86,2017-03-11 18:54:20, 15
     87,2017-03-11 18:54:21, 14
     88,2017-03-11 18:54:22, 14
     89,2017-03-11 18:54:23, 14
     90,2017-03-11 18:54:24, 13
     91,2017-03-11 18:54:25, 13
     92,2017-03-11 18:54:26, 13
     93,2017-03-11 18:54:27, 14
     94,2017-03-11 18:54:28, 14
     95,2017-03-11 18:54:29, 14
     96,2017-03-11 18:54:30, 14
     97,2017-03-11 18:54:31, 14
     98,2017-03-11 18:54:32, 14
     99,2017-03-11 18:54:33, 15
    100,2017-03-11 18:54:34, 15
    101,2017-03-11 18:54:35, 15
    102,2017-03-11 18:54:36, 15
    103,2017-03-11 18:54:37, 15
    104,2017-03-11 18:54:38, 14
    105,2017-03-11 18:54:39, 15
    106,2017-03-11 18:54:40, 14
    107,2017-03-11 18:54:41, 13
    108,2017-03-11 18:54:42, 13
    109,2017-03-11 18:54:43, 14
    110,2017-03-11 18:54:44, 14
    111,2017-03-11 18:54:45, 13
    112,2017-03-11 18:54:46, 14
    113,2017-03-11 18:54:47, 14
    114,2017-03-11 18:54:48, 14
    115,2017-03-11 18:54:49, 14
    116,2017-03-11 18:54:50, 14
    117,2017-03-11 18:54:51, 15
    118,2017-03-11 18:54:52, 16
    119,2017-03-11 18:54:53, 17
    120,2017-03-11 18:54:54, 17
    121,2017-03-11 18:54:55, 17
    122,2017-03-11 18:54:56, 18
    123,2017-03-11 18:54:57, 18
    124,2017-03-11 18:54:58, 17
    125,2017-03-11 18:54:59, 17
    126,2017-03-11 18:55:00, 17
    127,2017-03-11 18:55:01, 17
    128,2017-03-11 18:55:02, 17
    129,2017-03-11 18:55:03, 17
    130,2017-03-11 18:55:04, 16
    131,2017-03-11 18:55:05, 16
    132,2017-03-11 18:55:06, 16
    133,2017-03-11 18:55:07, 15
    134,2017-03-11 18:55:08, 15
    135,2017-03-11 18:55:09, 15
    136,2017-03-11 18:55:10, 15
    137,2017-03-11 18:55:11, 15
    138,2017-03-11 18:55:12, 15
    139,2017-03-11 18:55:13, 15
    140,2017-03-11 18:55:14, 15
    141,2017-03-11 18:55:15, 15
    142,2017-03-11 18:55:16, 15
    143,2017-03-11 18:55:17, 15
    144,2017-03-11 18:55:18, 14
    145,2017-03-11 18:55:19, 14
    146,2017-03-11 18:55:20, 14
    147,2017-03-11 18:55:21, 14
    148,2017-03-11 18:55:22, 15
    149,2017-03-11 18:55:23, 14
    150,2017-03-11 18:55:24, 14
    151,2017-03-11 18:55:25, 14
    152,2017-03-11 18:55:26, 14
    153,2017-03-11 18:55:27, 13
    154,2017-03-11 18:55:28, 13
    155,2017-03-11 18:55:29, 13
    156,2017-03-11 18:55:30, 13
    157,2017-03-11 18:55:31, 13
    158,2017-03-11 18:55:32, 13
    159,2017-03-11 18:55:33, 12
    160,2017-03-11 18:55:34, 12
    161,2017-03-11 18:55:35, 12
    162,2017-03-11 18:55:36, 12
    163,2017-03-11 18:55:37, 12
    164,2017-03-11 18:55:38, 12
    165,2017-03-11 18:55:39, 11
    166,2017-03-11 18:55:40, 12
    167,2017-03-11 18:55:41, 12
    168,2017-03-11 18:55:42, 12
    169,2017-03-11 18:55:43, 13
    170,2017-03-11 18:55:44, 13
    171,2017-03-11 18:55:45, 13
    172,2017-03-11 18:55:46, 13
    173,2017-03-11 18:55:47, 15
    174,2017-03-11 18:55:48, 14
    175,2017-03-11 18:55:49, 13
    176,2017-03-11 18:55:50, 13
    177,2017-03-11 18:55:51, 12
    178,2017-03-11 18:55:52, 12
    179,2017-03-11 18:55:53, 11
    180,2017-03-11 18:55:54, 11
    181,2017-03-11 18:55:55, 11
    182,2017-03-11 18:55:56, 10
    183,2017-03-11 18:55:57, 10
    184,2017-03-11 18:55:58, 10
    185,2017-03-11 18:55:59, 10
    186,2017-03-11 18:56:00, 10
    187,2017-03-11 18:56:01, 10
    188,2017-03-11 18:56:02, 11
    189,2017-03-11 18:56:03, 11
    190,2017-03-11 18:56:04, 11
    191,2017-03-11 18:56:05, 11
    192,2017-03-11 18:56:06, 11
    193,2017-03-11 18:56:07, 11
    194,2017-03-11 18:56:08, 11
    195,2017-03-11 18:56:09, 11
    196,2017-03-11 18:56:10, 10
    197,2017-03-11 18:56:11, 13
    198,2017-03-11 18:56:12, 13
    199,2017-03-11 18:56:13, 13
    200,2017-03-11 18:56:14, 13
    201,2017-03-11 18:56:15, 13
    202,2017-03-11 18:56:16, 13
    203,2017-03-11 18:56:17, 13
    204,2017-03-11 18:56:18, 13
    205,2017-03-11 18:56:19, 14
    206,2017-03-11 18:56:20, 14
    207,2017-03-11 18:56:21, 14
    208,2017-03-11 18:56:22, 13
    209,2017-03-11 18:56:23, 14
    210,2017-03-11 18:56:24, 14
    211,2017-03-11 18:56:25, 14
    212,2017-03-11 18:56:26, 14
    213,2017-03-11 18:56:27, 14
    214,2017-03-11 18:56:28, 14
    215,2017-03-11 18:56:29, 14
    216,2017-03-11 18:56:30, 14
    217,2017-03-11 18:56:31, 14
    218,2017-03-11 18:56:32, 14
    219,2017-03-11 18:56:33, 15
    220,2017-03-11 18:56:34, 16
    221,2017-03-11 18:56:35, 16
    222,2017-03-11 18:56:36, 17
    223,2017-03-11 18:56:37, 17
    224,2017-03-11 18:56:38, 17
    225,2017-03-11 18:56:39, 18
    226,2017-03-11 18:56:40, 17
    227,2017-03-11 18:56:41, 17
    228,2017-03-11 18:56:42, 17
    229,2017-03-11 18:56:43, 15
    230,2017-03-11 18:56:44, 15
    231,2017-03-11 18:56:45, 15
    232,2017-03-11 18:56:46, 14
    233,2017-03-11 18:56:47, 11
    234,2017-03-11 18:56:48, 11
    235,2017-03-11 18:56:49, 12
    236,2017-03-11 18:56:50, 12
    237,2017-03-11 18:56:51, 12
    238,2017-03-11 18:56:52, 12
    239,2017-03-11 18:56:53, 13
    240,2017-03-11 18:56:54, 15
    241,2017-03-11 18:56:55, 16
    242,2017-03-11 18:56:56, 18
    243,2017-03-11 18:56:57, 18
    244,2017-03-11 18:56:58, 18
    245,2017-03-11 18:56:59, 18
    246,2017-03-11 18:57:00, 20
    247,2017-03-11 18:57:01, 21
    248,2017-03-11 18:57:02, 20
    249,2017-03-11 18:57:03, 20
    250,2017-03-11 18:57:04, 20
    251,2017-03-11 18:57:05, 20
    252,2017-03-11 18:57:06, 20
    253,2017-03-11 18:57:07, 20
    254,2017-03-11 18:57:08, 21
    255,2017-03-11 18:57:09, 21
    256,2017-03-11 18:57:10, 21
    257,2017-03-11 18:57:11, 18
    258,2017-03-11 18:57:12, 19
    259,2017-03-11 18:57:13, 19
    260,2017-03-11 18:57:14, 19
    261,2017-03-11 18:57:15, 19
    262,2017-03-11 18:57:16, 19
    263,2017-03-11 18:57:17, 19
    264,2017-03-11 18:57:18, 19
    265,2017-03-11 18:57:19, 18
    266,2017-03-11 18:57:20, 19
    267,2017-03-11 18:57:21, 19
    268,2017-03-11 18:57:22, 19
    269,2017-03-11 18:57:23, 18
    270,2017-03-11 18:57:24, 18
    271,2017-03-11 18:57:25, 18
    272,2017-03-11 18:57:26, 18
    273,2017-03-11 18:57:27, 18
    274,2017-03-11 18:57:28, 18
    275,2017-03-11 18:57:29, 18
    276,2017-03-11 18:57:30, 18
    277,2017-03-11 18:57:31, 19
    278,2017-03-11 18:57:32, 19
    279,2017-03-11 18:57:33, 19
    280,2017-03-11 18:57:34, 19
    281,2017-03-11 18:57:35, 19
    282,2017-03-11 18:57:36, 18
    283,2017-03-11 18:57:37, 18
    284,2017-03-11 18:57:38, 19
    285,2017-03-11 18:57:39, 18
    286,2017-03-11 18:57:40, 19
    287,2017-03-11 18:57:41, 19
    288,2017-03-11 18:57:42, 20
    289,2017-03-11 18:57:43, 20
    290,2017-03-11 18:57:44, 21
    291,2017-03-11 18:57:45, 21
    292,2017-03-11 18:57:46, 21
    293,2017-03-11 18:57:47, 21
    294,2017-03-11 18:57:48, 22
    295,2017-03-11 18:57:49, 21
    296,2017-03-11 18:57:50, 21
    297,2017-03-11 18:57:51, 21
    298,2017-03-11 18:57:52, 21
    299,2017-03-11 18:57:53, 20
    300,2017-03-11 18:57:54, 19
    301,2017-03-11 18:57:55, 19
    302,2017-03-11 18:57:56, 17
    303,2017-03-11 18:57:57, 17
    304,2017-03-11 18:57:58, 17
    305,2017-03-11 18:57:59, 17
    306,2017-03-11 18:58:00, 15
    307,2017-03-11 18:58:01, 15
    308,2017-03-11 18:58:02, 15
    309,2017-03-11 18:58:03, 16
    310,2017-03-11 18:58:04, 16
    311,2017-03-11 18:58:05, 16
    312,2017-03-11 18:58:06, 16
    313,2017-03-11 18:58:07, 16
    314,2017-03-11 18:58:08, 16
    315,2017-03-11 18:58:09, 16
    316,2017-03-11 18:58:10, 16
    317,2017-03-11 18:58:11, 16
    318,2017-03-11 18:58:12, 15
    319,2017-03-11 18:58:13, 16
    320,2017-03-11 18:58:14, 16
    321,2017-03-11 18:58:15, 17
    322,2017-03-11 18:58:16, 17
    323,2017-03-11 18:58:17, 17
    324,2017-03-11 18:58:18, 17
    325,2017-03-11 18:58:19, 17
    326,2017-03-11 18:58:20, 16
    327,2017-03-11 18:58:21, 16
    328,2017-03-11 18:58:22, 17
    329,2017-03-11 18:58:23, 17
    330,2017-03-11 18:58:24, 19
    331,2017-03-11 18:58:25, 19
    332,2017-03-11 18:58:26, 19
    333,2017-03-11 18:58:27, 19
    334,2017-03-11 18:58:28, 19
    335,2017-03-11 18:58:29, 20
    336,2017-03-11 18:58:30, 20
    337,2017-03-11 18:58:31, 19
    338,2017-03-11 18:58:32, 19
    339,2017-03-11 18:58:33, 20
    340,2017-03-11 18:58:34, 19
    341,2017-03-11 18:58:35, 19
    342,2017-03-11 18:58:36, 19
    343,2017-03-11 18:58:37, 19
    344,2017-03-11 18:58:38, 18
    345,2017-03-11 18:58:39, 18
    346,2017-03-11 18:58:40, 17
    347,2017-03-11 18:58:41, 17
    348,2017-03-11 18:58:42, 17
    349,2017-03-11 18:58:43, 17
    350,2017-03-11 18:58:44, 16
    351,2017-03-11 18:58:45, 16
    352,2017-03-11 18:58:46, 16
    353,2017-03-11 18:58:47, 16
    354,2017-03-11 18:58:48, 15
    355,2017-03-11 18:58:49, 15
    356,2017-03-11 18:58:50, 15
    357,2017-03-11 18:58:51, 15
    358,2017-03-11 18:58:52, 14
    359,2017-03-11 18:58:53, 14
    360,2017-03-11 18:58:54, 13
    361,2017-03-11 18:58:55, 12
    362,2017-03-11 18:58:56, 12
    363,2017-03-11 18:58:57, 13
    364,2017-03-11 18:58:58, 13
    365,2017-03-11 18:58:59, 13
    366,2017-03-11 18:59:00, 13
    367,2017-03-11 18:59:01, 13
    368,2017-03-11 18:59:02, 13
    369,2017-03-11 18:59:03, 13
    370,2017-03-11 18:59:04, 14
    371,2017-03-11 18:59:05, 14
    372,2017-03-11 18:59:06, 14
    373,2017-03-11 18:59:07, 14
    374,2017-03-11 18:59:08, 13
    375,2017-03-11 18:59:09, 13
    376,2017-03-11 18:59:10, 13
    377,2017-03-11 18:59:11, 14
    378,2017-03-11 18:59:12, 14
    379,2017-03-11 18:59:13, 13
    380,2017-03-11 18:59:14, 14
    381,2017-03-11 18:59:15, 13
    382,2017-03-11 18:59:16, 13
    383,2017-03-11 18:59:17, 14
    384,2017-03-11 18:59:18, 15
    385,2017-03-11 18:59:19, 15
    386,2017-03-11 18:59:20, 16
    387,2017-03-11 18:59:21, 16
    388,2017-03-11 18:59:22, 15
    389,2017-03-11 18:59:23, 15
    390,2017-03-11 18:59:24, 13
    391,2017-03-11 18:59:25, 13
    392,2017-03-11 18:59:26, 13
    393,2017-03-11 18:59:27, 13
    394,2017-03-11 18:59:28, 13
    395,2017-03-11 18:59:29, 12
    396,2017-03-11 18:59:30, 12
    397,2017-03-11 18:59:31, 13
    398,2017-03-11 18:59:32, 13
    399,2017-03-11 18:59:33, 11
    400,2017-03-11 18:59:34, 11
    401,2017-03-11 18:59:35, 11
    402,2017-03-11 18:59:36, 11
    403,2017-03-11 18:59:37, 11
    404,2017-03-11 18:59:38, 12
    405,2017-03-11 18:59:39, 12
    406,2017-03-11 18:59:40, 12
    407,2017-03-11 18:59:41, 12
    408,2017-03-11 18:59:42, 11
    409,2017-03-11 18:59:43, 11
    410,2017-03-11 18:59:44, 11
    411,2017-03-11 18:59:45, 11
    412,2017-03-11 18:59:46, 12
    413,2017-03-11 18:59:47, 12
    414,2017-03-11 18:59:48, 12
    415,2017-03-11 18:59:49, 13
    416,2017-03-11 18:59:50, 13
    417,2017-03-11 18:59:51, 13
    418,2017-03-11 18:59:52, 13
    419,2017-03-11 18:59:53, 13
    420,2017-03-11 18:59:54, 13
    421,2017-03-11 18:59:55, 13
    422,2017-03-11 18:59:56, 13
    423,2017-03-11 18:59:57, 12
    424,2017-03-11 18:59:58, 13
    425,2017-03-11 18:59:59, 14
    426,2017-03-11 19:00:00, 14
    427,2017-03-11 19:00:01, 13
    428,2017-03-11 19:00:02, 13
    429,2017-03-11 19:00:03, 13
    430,2017-03-11 19:00:04, 12
    431,2017-03-11 19:00:05, 13
    432,2017-03-11 19:00:06, 14
    433,2017-03-11 19:00:07, 16
    434,2017-03-11 19:00:08, 16
    435,2017-03-11 19:00:09, 17
    436,2017-03-11 19:00:10, 18
    437,2017-03-11 19:00:11, 18
    438,2017-03-11 19:00:12, 18
    439,2017-03-11 19:00:13, 18
    440,2017-03-11 19:00:14, 17
    441,2017-03-11 19:00:15, 17
    442,2017-03-11 19:00:16, 17
    443,2017-03-11 19:00:17, 17
    444,2017-03-11 19:00:18, 16
    445,2017-03-11 19:00:19, 16
    446,2017-03-11 19:00:20, 16
    447,2017-03-11 19:00:21, 17
    448,2017-03-11 19:00:22, 17
    449,2017-03-11 19:00:23, 17
    450,2017-03-11 19:00:24, 17
    451,2017-03-11 19:00:25, 17
    452,2017-03-11 19:00:26, 17
    453,2017-03-11 19:00:27, 17
    454,2017-03-11 19:00:28, 18
    455,2017-03-11 19:00:29, 18
    456,2017-03-11 19:00:30, 18
    457,2017-03-11 19:00:31, 17
    458,2017-03-11 19:00:32, 17
# now logging with cycle 1.0sec, and mode 'CPS'
# using device 'GQ GMC-300E plus'
      1,2017-03-11 19:00:34, 0
      2,2017-03-11 19:00:35, 0
      3,2017-03-11 19:00:36, 0
      4,2017-03-11 19:00:37, 0
      5,2017-03-11 19:00:38, 0
      6,2017-03-11 19:00:39, 0
      7,2017-03-11 19:00:40, 0
      8,2017-03-11 19:00:41, 0
      9,2017-03-11 19:00:42, 0
     10,2017-03-11 19:00:43, 0
     11,2017-03-11 19:00:44, 0
     12,2017-03-11 19:00:45, 0
     13,2017-03-11 19:00:46, 0
     14,2017-03-11 19:00:47, 0
     15,2017-03-11 19:00:48, 0
     16,2017-03-11 19:00:49, 0
     17,2017-03-11 19:00:50, 0
     18,2017-03-11 19:00:51, 0
     19,2017-03-11 19:00:52, 0
     20,2017-03-11 19:00:53, 0
     21,2017-03-11 19:00:54, 0
# now logging with cycle 1.0sec, and mode 'CPS'
# using device 'GQ GMC-300E plus'
      1,2017-03-11 19:00:55, 0
      2,2017-03-11 19:00:56, 0
      3,2017-03-11 19:00:57, 0
      4,2017-03-11 19:00:58, 60
      5,2017-03-11 19:00:59, 0
      6,2017-03-11 19:01:00, 0
      7,2017-03-11 19:01:01, 0
      8,2017-03-11 19:01:02, 0
      9,2017-03-11 19:01:03, 0
     10,2017-03-11 19:01:04, 60
     11,2017-03-11 19:01:05, 0
     12,2017-03-11 19:01:06, 0
     13,2017-03-11 19:01:07, 60
     14,2017-03-11 19:01:08, 0
     15,2017-03-11 19:01:09, 0
     16,2017-03-11 19:01:10, 120
     17,2017-03-11 19:01:11, 0
     18,2017-03-11 19:01:12, 120
     19,2017-03-11 19:01:13, 60
     20,2017-03-11 19:01:14, 0
     21,2017-03-11 19:01:15, 0
     22,2017-03-11 19:01:16, 0
     23,2017-03-11 19:01:17, 60
     24,2017-03-11 19:01:18, 0
     25,2017-03-11 19:01:19, 0
     26,2017-03-11 19:01:20, 0
     27,2017-03-11 19:01:21, 0
     28,2017-03-11 19:01:22, 0
     29,2017-03-11 19:01:23, 0
     30,2017-03-11 19:01:24, 0
     31,2017-03-11 19:01:25, 0
     32,2017-03-11 19:01:26, 0
     33,2017-03-11 19:01:27, 0
     34,2017-03-11 19:01:28, 0
     35,2017-03-11 19:01:29, 0
     36,2017-03-11 19:01:30, 0
     37,2017-03-11 19:01:31, 0
     38,2017-03-11 19:01:32, 0
     39,2017-03-11 19:01:33, 0
     40,2017-03-11 19:01:34, 0
     41,2017-03-11 19:01:35, 60
     42,2017-03-11 19:01:36, 0
     43,2017-03-11 19:01:37, 0
     44,2017-03-11 19:01:38, 0
     45,2017-03-11 19:01:39, 0
     46,2017-03-11 19:01:40, 60
     47,2017-03-11 19:01:41, 0
     48,2017-03-11 19:01:42, 0
     49,2017-03-11 19:01:43, 0
     50,2017-03-11 19:01:44, 60
     51,2017-03-11 19:01:45, 0
     52,2017-03-11 19:01:46, 0
     53,2017-03-11 19:01:47, 0
     54,2017-03-11 19:01:48, 0
     55,2017-03-11 19:01:49, 0
     56,2017-03-11 19:01:50, 0
     57,2017-03-11 19:01:51, 0
     58,2017-03-11 19:01:52, 60
     59,2017-03-11 19:01:53, 0
     60,2017-03-11 19:01:54, 0
     61,2017-03-11 19:01:55, 0
     62,2017-03-11 19:01:56, 0
     63,2017-03-11 19:01:57, 0
     64,2017-03-11 19:01:58, 60
     65,2017-03-11 19:01:59, 60
     66,2017-03-11 19:02:00, 60
     67,2017-03-11 19:02:01, 0
     68,2017-03-11 19:02:02, 0
     69,2017-03-11 19:02:03, 60
     70,2017-03-11 19:02:04, 0
     71,2017-03-11 19:02:05, 60
     72,2017-03-11 19:02:06, 0
     73,2017-03-11 19:02:07, 0
     74,2017-03-11 19:02:08, 0
     75,2017-03-11 19:02:09, 0
     76,2017-03-11 19:02:10, 60
     77,2017-03-11 19:02:11, 0
     78,2017-03-11 19:02:12, 60
     79,2017-03-11 19:02:13, 0
     80,2017-03-11 19:02:14, 0
     81,2017-03-11 19:02:15, 0
     82,2017-03-11 19:02:16, 60
     83,2017-03-11 19:02:17, 0
     84,2017-03-11 19:02:18, 0
     85,2017-03-11 19:02:19, 60
     86,2017-03-11 19:02:20, 0
     87,2017-03-11 19:02:21, 0
     88,2017-03-11 19:02:22, 0
     89,2017-03-11 19:02:23, 60
     90,2017-03-11 19:02:24, 120
     91,2017-03-11 19:02:25, 0
     92,2017-03-11 19:02:26, 0
     93,2017-03-11 19:02:27, 60
     94,2017-03-11 19:02:28, 0
     95,2017-03-11 19:02:29, 60
     96,2017-03-11 19:02:30, 0
     97,2017-03-11 19:02:31, 0
     98,2017-03-11 19:02:32, 60
     99,2017-03-11 19:02:33, 0
    100,2017-03-11 19:02:34, 0
    101,2017-03-11 19:02:35, 0
    102,2017-03-11 19:02:36, 0
    103,2017-03-11 19:02:37, 60
    104,2017-03-11 19:02:38, 0
    105,2017-03-11 19:02:39, 60
    106,2017-03-11 19:02:40, 0
    107,2017-03-11 19:02:41, 0
    108,2017-03-11 19:02:42, 0
    109,2017-03-11 19:02:43, 0
    110,2017-03-11 19:02:44, 60
    111,2017-03-11 19:02:45, 0
    112,2017-03-11 19:02:46, 0
    113,2017-03-11 19:02:47, 60
    114,2017-03-11 19:02:48, 120
    115,2017-03-11 19:02:49, 0
    116,2017-03-11 19:02:50, 0
    117,2017-03-11 19:02:51, 0
    118,2017-03-11 19:02:52, 60
    119,2017-03-11 19:02:53, 0
    120,2017-03-11 19:02:54, 0
    121,2017-03-11 19:02:55, 120
    122,2017-03-11 19:02:56, 0
    123,2017-03-11 19:02:57, 0
    124,2017-03-11 19:02:58, 0
    125,2017-03-11 19:02:59, 60
    126,2017-03-11 19:03:00, 0
    127,2017-03-11 19:03:01, 0
    128,2017-03-11 19:03:02, 0
    129,2017-03-11 19:03:03, 0
    130,2017-03-11 19:03:04, 0
    131,2017-03-11 19:03:05, 0
    132,2017-03-11 19:03:06, 0
    133,2017-03-11 19:03:07, 0
    134,2017-03-11 19:03:08, 60
    135,2017-03-11 19:03:09, 0
    136,2017-03-11 19:03:10, 0
    137,2017-03-11 19:03:11, 60
    138,2017-03-11 19:03:12, 60
    139,2017-03-11 19:03:13, 60
    140,2017-03-11 19:03:14, 0
    141,2017-03-11 19:03:15, 60
    142,2017-03-11 19:03:16, 0
    143,2017-03-11 19:03:17, 0
    144,2017-03-11 19:03:18, 0
    145,2017-03-11 19:03:19, 0
    146,2017-03-11 19:03:20, 0
    147,2017-03-11 19:03:21, 0
    148,2017-03-11 19:03:22, 0
    149,2017-03-11 19:03:23, 0
    150,2017-03-11 19:03:24, 0
    151,2017-03-11 19:03:25, 0
    152,2017-03-11 19:03:26, 0
    153,2017-03-11 19:03:27, 0
    154,2017-03-11 19:03:28, 0
    155,2017-03-11 19:03:29, 0
    156,2017-03-11 19:03:30, 0
    157,2017-03-11 19:03:31, 0
    158,2017-03-11 19:03:32, 0
    159,2017-03-11 19:03:33, 0
    160,2017-03-11 19:03:34, 0
    161,2017-03-11 19:03:35, 0
    162,2017-03-11 19:03:36, 0
    163,2017-03-11 19:03:37, 0
    164,2017-03-11 19:03:38, 0
    165,2017-03-11 19:03:39, 0
    166,2017-03-11 19:03:40, 0
    167,2017-03-11 19:03:41, 0
    168,2017-03-11 19:03:42, 60
    169,2017-03-11 19:03:43, 60
    170,2017-03-11 19:03:44, 0
    171,2017-03-11 19:03:45, 0
    172,2017-03-11 19:03:46, 0
    173,2017-03-11 19:03:47, 60
    174,2017-03-11 19:03:48, 60
    175,2017-03-11 19:03:49, 0
    176,2017-03-11 19:03:50, 0
    177,2017-03-11 19:03:51, 0
    178,2017-03-11 19:03:52, 0
    179,2017-03-11 19:03:53, 0
    180,2017-03-11 19:03:54, 0
    181,2017-03-11 19:03:55, 0
    182,2017-03-11 19:03:56, 60
    183,2017-03-11 19:03:57, 0
    184,2017-03-11 19:03:58, 0
    185,2017-03-11 19:03:59, 0
    186,2017-03-11 19:04:00, 0
    187,2017-03-11 19:04:01, 60
    188,2017-03-11 19:04:02, 60
    189,2017-03-11 19:04:03, 0
    190,2017-03-11 19:04:04, 0
    191,2017-03-11 19:04:05, 0
    192,2017-03-11 19:04:06, 0
    193,2017-03-11 19:04:07, 0
    194,2017-03-11 19:04:08, 0
    195,2017-03-11 19:04:09, 0
    196,2017-03-11 19:04:10, 0
    197,2017-03-11 19:04:11, 0
    198,2017-03-11 19:04:12, 0
    199,2017-03-11 19:04:13, 0
    200,2017-03-11 19:04:14, 0
    201,2017-03-11 19:04:15, 0
    202,2017-03-11 19:04:16, 0
    203,2017-03-11 19:04:17, 0
    204,2017-03-11 19:04:18, 0
    205,2017-03-11 19:04:19, 60
    206,2017-03-11 19:04:20, 0
    207,2017-03-11 19:04:21, 60
    208,2017-03-11 19:04:22, 0
    209,2017-03-11 19:04:23, 0
    210,2017-03-11 19:04:24, 0
    211,2017-03-11 19:04:25, 0
    212,2017-03-11 19:04:26, 0
    213,2017-03-11 19:04:27, 0
    214,2017-03-11 19:04:28, 60
    215,2017-03-11 19:04:29, 180
    216,2017-03-11 19:04:30, 0
    217,2017-03-11 19:04:31, 0
    218,2017-03-11 19:04:32, 0
    219,2017-03-11 19:04:33, 0
    220,2017-03-11 19:04:34, 0
    221,2017-03-11 19:04:35, 0
    222,2017-03-11 19:04:36, 0
    223,2017-03-11 19:04:37, 0
    224,2017-03-11 19:04:38, 0
    225,2017-03-11 19:04:39, 0
    226,2017-03-11 19:04:40, 0
    227,2017-03-11 19:04:41, 60
    228,2017-03-11 19:04:42, 120
    229,2017-03-11 19:04:43, 60
    230,2017-03-11 19:04:44, 0
    231,2017-03-11 19:04:45, 0
    232,2017-03-11 19:04:46, 0
    233,2017-03-11 19:04:47, 0
    234,2017-03-11 19:04:48, 0
    235,2017-03-11 19:04:49, 0
    236,2017-03-11 19:04:50, 0
    237,2017-03-11 19:04:51, 0
    238,2017-03-11 19:04:52, 0
    239,2017-03-11 19:04:53, 0
    240,2017-03-11 19:04:54, 0
    241,2017-03-11 19:04:55, 0
    242,2017-03-11 19:04:56, 0
    243,2017-03-11 19:04:57, 0
    244,2017-03-11 19:04:58, 0
    245,2017-03-11 19:04:59, 0
    246,2017-03-11 19:05:00, 0
    247,2017-03-11 19:05:01, 0
    248,2017-03-11 19:05:02, 0
    249,2017-03-11 19:05:03, 0
    250,2017-03-11 19:05:04, 0
    251,2017-03-11 19:05:05, 0
    252,2017-03-11 19:05:06, 0
    253,2017-03-11 19:05:07, 0
    254,2017-03-11 19:05:08, 0
    255,2017-03-11 19:05:09, 60
    256,2017-03-11 19:05:10, 0
    257,2017-03-11 19:05:11, 0
    258,2017-03-11 19:05:12, 0
    259,2017-03-11 19:05:13, 0
    260,2017-03-11 19:05:14, 0
    261,2017-03-11 19:05:15, 0
    262,2017-03-11 19:05:16, 0
    263,2017-03-11 19:05:17, 0
    264,2017-03-11 19:05:18, 0
    265,2017-03-11 19:05:19, 0
    266,2017-03-11 19:05:20, 0
    267,2017-03-11 19:05:21, 0
    268,2017-03-11 19:05:22, 0
    269,2017-03-11 19:05:23, 0
    270,2017-03-11 19:05:24, 0
    271,2017-03-11 19:05:25, 0
    272,2017-03-11 19:05:26, 60
    273,2017-03-11 19:05:27, 0
    274,2017-03-11 19:05:28, 0
    275,2017-03-11 19:05:29, 0
    276,2017-03-11 19:05:30, 0
    277,2017-03-11 19:05:31, 60
    278,2017-03-11 19:05:32, 0
    279,2017-03-11 19:05:33, 0
    280,2017-03-11 19:05:34, 0
    281,2017-03-11 19:05:35, 0
    282,2017-03-11 19:05:36, 0
    283,2017-03-11 19:05:37, 0
    284,2017-03-11 19:05:38, 0
    285,2017-03-11 19:05:39, 0
    286,2017-03-11 19:05:40, 0
    287,2017-03-11 19:05:41, 0
    288,2017-03-11 19:05:42, 0
    289,2017-03-11 19:05:43, 0
    290,2017-03-11 19:05:44, 60
    291,2017-03-11 19:05:45, 0
    292,2017-03-11 19:05:46, 60
    293,2017-03-11 19:05:47, 0
    294,2017-03-11 19:05:48, 0
    295,2017-03-11 19:05:49, 0
    296,2017-03-11 19:05:50, 60
    297,2017-03-11 19:05:51, 0
    298,2017-03-11 19:05:52, 0
    299,2017-03-11 19:05:53, 0
    300,2017-03-11 19:05:54, 0
    301,2017-03-11 19:05:55, 0
    302,2017-03-11 19:05:56, 0
    303,2017-03-11 19:05:57, 0
    304,2017-03-11 19:05:58, 60
    305,2017-03-11 19:05:59, 0
    306,2017-03-11 19:06:00, 120
    307,2017-03-11 19:06:01, 0
    308,2017-03-11 19:06:02, 60
    309,2017-03-11 19:06:03, 0
    310,2017-03-11 19:06:04, 0
    311,2017-03-11 19:06:05, 60
    312,2017-03-11 19:06:06, 120
    313,2017-03-11 19:06:07, 0
    314,2017-03-11 19:06:08, 120
    315,2017-03-11 19:06:09, 0
    316,2017-03-11 19:06:10, 0
    317,2017-03-11 19:06:11, 0
    318,2017-03-11 19:06:12, 60
    319,2017-03-11 19:06:13, 0
    320,2017-03-11 19:06:14, 0
    321,2017-03-11 19:06:15, 0
    322,2017-03-11 19:06:16, 0
    323,2017-03-11 19:06:17, 60
    324,2017-03-11 19:06:18, 0
    325,2017-03-11 19:06:19, 60
    326,2017-03-11 19:06:20, 0
    327,2017-03-11 19:06:21, 0
    328,2017-03-11 19:06:22, 60
    329,2017-03-11 19:06:23, 0
    330,2017-03-11 19:06:24, 0
    331,2017-03-11 19:06:25, 0
    332,2017-03-11 19:06:26, 0
    333,2017-03-11 19:06:27, 0
    334,2017-03-11 19:06:28, 0
    335,2017-03-11 19:06:29, 0
    336,2017-03-11 19:06:30, 0
    337,2017-03-11 19:06:31, 60
    338,2017-03-11 19:06:32, 0
    339,2017-03-11 19:06:33, 0
    340,2017-03-11 19:06:34, 0
    341,2017-03-11 19:06:35, 0
    342,2017-03-11 19:06:36, 0
    343,2017-03-11 19:06:37, 60
    344,2017-03-11 19:06:38, 0
    345,2017-03-11 19:06:39, 60
    346,2017-03-11 19:06:40, 60
    347,2017-03-11 19:06:41, 0
    348,2017-03-11 19:06:42, 60
    349,2017-03-11 19:06:43, 60
    350,2017-03-11 19:06:44, 0
    351,2017-03-11 19:06:45, 0
    352,2017-03-11 19:06:46, 120
    353,2017-03-11 19:06:47, 0
    354,2017-03-11 19:06:48, 0
    355,2017-03-11 19:06:49, 60
    356,2017-03-11 19:06:50, 0
    357,2017-03-11 19:06:51, 60
    358,2017-03-11 19:06:52, 0
    359,2017-03-11 19:06:53, 60
    360,2017-03-11 19:06:54, 0
    361,2017-03-11 19:06:55, 0
    362,2017-03-11 19:06:56, 0
    363,2017-03-11 19:06:57, 0
    364,2017-03-11 19:06:58, 60
    365,2017-03-11 19:06:59, 0
    366,2017-03-11 19:07:00, 0
    367,2017-03-11 19:07:01, 60
    368,2017-03-11 19:07:02, 0
    369,2017-03-11 19:07:03, 0
    370,2017-03-11 19:07:04, 0
    371,2017-03-11 19:07:05, 60
    372,2017-03-11 19:07:06, 0
    373,2017-03-11 19:07:07, 0
    374,2017-03-11 19:07:08, 0
    375,2017-03-11 19:07:09, 0
    376,2017-03-11 19:07:10, 0
    377,2017-03-11 19:07:11, 0
    378,2017-03-11 19:07:12, 0
    379,2017-03-11 19:07:13, 0
    380,2017-03-11 19:07:14, 120
    381,2017-03-11 19:07:15, 0
    382,2017-03-11 19:07:16, 60
    383,2017-03-11 19:07:17, 0
    384,2017-03-11 19:07:18, 0
    385,2017-03-11 19:07:19, 60
    386,2017-03-11 19:07:20, 0
    387,2017-03-11 19:07:21, 60
    388,2017-03-11 19:07:22, 120
    389,2017-03-11 19:07:23, 0
    390,2017-03-11 19:07:24, 0
    391,2017-03-11 19:07:25, 60
    392,2017-03-11 19:07:26, 0
    393,2017-03-11 19:07:27, 0
    394,2017-03-11 19:07:28, 0
    395,2017-03-11 19:07:29, 60
    396,2017-03-11 19:07:30, 0
    397,2017-03-11 19:07:31, 0
    398,2017-03-11 19:07:32, 0
    399,2017-03-11 19:07:33, 60
    400,2017-03-11 19:07:34, 60
    401,2017-03-11 19:07:35, 0
    402,2017-03-11 19:07:36, 0
    403,2017-03-11 19:07:37, 60
    404,2017-03-11 19:07:38, 0
    405,2017-03-11 19:07:39, 0
    406,2017-03-11 19:07:40, 0
    407,2017-03-11 19:07:41, 0
    408,2017-03-11 19:07:42, 0
    409,2017-03-11 19:07:43, 0
    410,2017-03-11 19:07:44, 60
    411,2017-03-11 19:07:45, 60
    412,2017-03-11 19:07:46, 120
    413,2017-03-11 19:07:47, 60
    414,2017-03-11 19:07:48, 0
    415,2017-03-11 19:07:49, 0
    416,2017-03-11 19:07:50, 120
    417,2017-03-11 19:07:51, 0
    418,2017-03-11 19:07:52, 0
    419,2017-03-11 19:07:53, 0
    420,2017-03-11 19:07:54, 0
    421,2017-03-11 19:07:55, 0
    422,2017-03-11 19:07:56, 0
    423,2017-03-11 19:07:57, 60
    424,2017-03-11 19:07:58, 0
    425,2017-03-11 19:07:59, 0
    426,2017-03-11 19:08:00, 60
    427,2017-03-11 19:08:01, 0
    428,2017-03-11 19:08:02, 0
    429,2017-03-11 19:08:03, 0
    430,2017-03-11 19:08:04, 0
    431,2017-03-11 19:08:05, 0
    432,2017-03-11 19:08:06, 0
    433,2017-03-11 19:08:07, 60
    434,2017-03-11 19:08:08, 60
    435,2017-03-11 19:08:09, 0
    436,2017-03-11 19:08:10, 0
    437,2017-03-11 19:08:11, 0
    438,2017-03-11 19:08:12, 60
    439,2017-03-11 19:08:13, 540
    440,2017-03-11 19:08:14, 600
    441,2017-03-11 19:08:15, 300
    442,2017-03-11 19:08:16, 540
    443,2017-03-11 19:08:17, 240
    444,2017-03-11 19:08:18, 480
    445,2017-03-11 19:08:19, 600
    446,2017-03-11 19:08:20, 300
    447,2017-03-11 19:08:21, 660
    448,2017-03-11 19:08:22, 720
    449,2017-03-11 19:08:23, 660
    450,2017-03-11 19:08:24, 660
    451,2017-03-11 19:08:25, 240
    452,2017-03-11 19:08:26, 480
    453,2017-03-11 19:08:27, 600
    454,2017-03-11 19:08:28, 120
#   454,2017-03-11 19:08:28, 120, WARNING: Record too short: Received bytes:0 < requested:2; ok after 1 retry
    455,2017-03-11 19:08:40, 120
    456,2017-03-11 19:08:41, 600
    457,2017-03-11 19:08:42, 600
    458,2017-03-11 19:08:43, 480
    459,2017-03-11 19:08:44, 600
    460,2017-03-11 19:08:45, 420
    461,2017-03-11 19:08:46, 360
    462,2017-03-11 19:08:47, 600
    463,2017-03-11 19:08:48, 960
    464,2017-03-11 19:08:49, 600
    465,2017-03-11 19:08:50, 540
    466,2017-03-11 19:08:51, 660
    467,2017-03-11 19:08:52, 300
    468,2017-03-11 19:08:53, 360
    469,2017-03-11 19:08:54, 180
    470,2017-03-11 19:08:55, 540
    471,2017-03-11 19:08:56, 540
    472,2017-03-11 19:08:57, 720
    473,2017-03-11 19:08:58, 600
    474,2017-03-11 19:08:59, 660
    475,2017-03-11 19:09:00, 660
    476,2017-03-11 19:09:01, 300
    477,2017-03-11 19:09:02, 420
    478,2017-03-11 19:09:03, 360
    479,2017-03-11 19:09:04, 300
    480,2017-03-11 19:09:05, 720
    481,2017-03-11 19:09:06, 360
    482,2017-03-11 19:09:07, 720
    483,2017-03-11 19:09:08, 720
    484,2017-03-11 19:09:09, 720
    485,2017-03-11 19:09:10, 660
    486,2017-03-11 19:09:11, 180
    487,2017-03-11 19:09:12, 600
    488,2017-03-11 19:09:13, 660
    489,2017-03-11 19:09:14, 420
    490,2017-03-11 19:09:15, 240
    491,2017-03-11 19:09:16, 420
    492,2017-03-11 19:09:17, 420
    493,2017-03-11 19:09:18, 480
    494,2017-03-11 19:09:19, 600
    495,2017-03-11 19:09:20, 360
    496,2017-03-11 19:09:21, 360
    497,2017-03-11 19:09:22, 360
    498,2017-03-11 19:09:23, 780
    499,2017-03-11 19:09:24, 780
    500,2017-03-11 19:09:25, 1140
    501,2017-03-11 19:09:26, 720
    502,2017-03-11 19:09:27, 420
    503,2017-03-11 19:09:28, 660
    504,2017-03-11 19:09:29, 600
    505,2017-03-11 19:09:30, 660
    506,2017-03-11 19:09:31, 540
    507,2017-03-11 19:09:32, 300
    508,2017-03-11 19:09:33, 720
    509,2017-03-11 19:09:34, 480
    510,2017-03-11 19:09:35, 540
    511,2017-03-11 19:09:36, 360
    512,2017-03-11 19:09:37, 660
    513,2017-03-11 19:09:38, 300
    514,2017-03-11 19:09:39, 480
    515,2017-03-11 19:09:40, 480
    516,2017-03-11 19:09:41, 600
    517,2017-03-11 19:09:42, 540
    518,2017-03-11 19:09:43, 540
    519,2017-03-11 19:09:44, 660
    520,2017-03-11 19:09:45, 600
    521,2017-03-11 19:09:46, 300
    522,2017-03-11 19:09:47, 720
    523,2017-03-11 19:09:48, 480
    524,2017-03-11 19:09:49, 660
    525,2017-03-11 19:09:50, 600
    526,2017-03-11 19:09:51, 480
    527,2017-03-11 19:09:52, 600
    528,2017-03-11 19:09:53, 840
    529,2017-03-11 19:09:54, 600
    530,2017-03-11 19:09:55, 420
    531,2017-03-11 19:09:56, 660
    532,2017-03-11 19:09:57, 720
    533,2017-03-11 19:09:58, 480
    534,2017-03-11 19:09:59, 900
    535,2017-03-11 19:10:00, 900
    536,2017-03-11 19:10:01, 360
    537,2017-03-11 19:10:02, 600
    538,2017-03-11 19:10:03, 540
    539,2017-03-11 19:10:04, 540
    540,2017-03-11 19:10:05, 720
    541,2017-03-11 19:10:06, 420
    542,2017-03-11 19:10:07, 600
    543,2017-03-11 19:10:08, 420
    544,2017-03-11 19:10:09, 360
    545,2017-03-11 19:10:10, 660
    546,2017-03-11 19:10:11, 420
    547,2017-03-11 19:10:12, 840
    548,2017-03-11 19:10:13, 240
    549,2017-03-11 19:10:14, 660
    550,2017-03-11 19:10:15, 900
    551,2017-03-11 19:10:16, 180
    552,2017-03-11 19:10:17, 300
    553,2017-03-11 19:10:18, 540
    554,2017-03-11 19:10:19, 600
    555,2017-03-11 19:10:20, 780
    556,2017-03-11 19:10:21, 540
    557,2017-03-11 19:10:22, 240
    558,2017-03-11 19:10:23, 600
    559,2017-03-11 19:10:24, 540
    560,2017-03-11 19:10:25, 660
    561,2017-03-11 19:10:26, 660
    562,2017-03-11 19:10:27, 420
    563,2017-03-11 19:10:28, 660
    564,2017-03-11 19:10:29, 600
    565,2017-03-11 19:10:30, 780
    566,2017-03-11 19:10:31, 420
    567,2017-03-11 19:10:32, 720
    568,2017-03-11 19:10:33, 420
    569,2017-03-11 19:10:34, 480
    570,2017-03-11 19:10:35, 420
    571,2017-03-11 19:10:36, 600
    572,2017-03-11 19:10:37, 660
    573,2017-03-11 19:10:38, 480
    574,2017-03-11 19:10:39, 960
    575,2017-03-11 19:10:40, 780
    576,2017-03-11 19:10:41, 900
    577,2017-03-11 19:10:42, 780
    578,2017-03-11 19:10:43, 480
    579,2017-03-11 19:10:44, 540
    580,2017-03-11 19:10:45, 600
    581,2017-03-11 19:10:46, 720
    582,2017-03-11 19:10:47, 300
    583,2017-03-11 19:10:48, 420
    584,2017-03-11 19:10:49, 840
    585,2017-03-11 19:10:50, 540
    586,2017-03-11 19:10:51, 600
    587,2017-03-11 19:10:52, 420
    588,2017-03-11 19:10:53, 540
    589,2017-03-11 19:10:54, 660
    590,2017-03-11 19:10:55, 360
    591,2017-03-11 19:10:56, 480
    592,2017-03-11 19:10:57, 540
    593,2017-03-11 19:10:58, 660
    594,2017-03-11 19:10:59, 420
    595,2017-03-11 19:11:00, 720
    596,2017-03-11 19:11:01, 660
    597,2017-03-11 19:11:02, 720
    598,2017-03-11 19:11:03, 540
    599,2017-03-11 19:11:04, 960
    600,2017-03-11 19:11:05, 540
    601,2017-03-11 19:11:06, 540
    602,2017-03-11 19:11:07, 540
    603,2017-03-11 19:11:08, 600
    604,2017-03-11 19:11:09, 480
    605,2017-03-11 19:11:10, 600
    606,2017-03-11 19:11:11, 600
    607,2017-03-11 19:11:12, 780
    608,2017-03-11 19:11:13, 480
    609,2017-03-11 19:11:14, 300
    610,2017-03-11 19:11:15, 480
    611,2017-03-11 19:11:16, 480
    612,2017-03-11 19:11:17, 840
    613,2017-03-11 19:11:18, 300
    614,2017-03-11 19:11:19, 660
    615,2017-03-11 19:11:20, 240
    616,2017-03-11 19:11:21, 660
    617,2017-03-11 19:11:22, 240
    618,2017-03-11 19:11:23, 360
    619,2017-03-11 19:11:24, 480
    620,2017-03-11 19:11:25, 420
    621,2017-03-11 19:11:26, 420
    622,2017-03-11 19:11:27, 900
    623,2017-03-11 19:11:28, 480
    624,2017-03-11 19:11:29, 360
    625,2017-03-11 19:11:30, 840
    626,2017-03-11 19:11:31, 660
    627,2017-03-11 19:11:32, 240
    628,2017-03-11 19:11:33, 660
    629,2017-03-11 19:11:34, 540
    630,2017-03-11 19:11:35, 540
    631,2017-03-11 19:11:36, 540
    632,2017-03-11 19:11:37, 660
    633,2017-03-11 19:11:38, 480
    634,2017-03-11 19:11:39, 600
    635,2017-03-11 19:11:40, 480
    636,2017-03-11 19:11:41, 540
    637,2017-03-11 19:11:42, 540
    638,2017-03-11 19:11:43, 660
    639,2017-03-11 19:11:44, 420
    640,2017-03-11 19:11:45, 540
    641,2017-03-11 19:11:46, 960
    642,2017-03-11 19:11:47, 840
    643,2017-03-11 19:11:48, 660
    644,2017-03-11 19:11:49, 480
    645,2017-03-11 19:11:50, 480
    646,2017-03-11 19:11:51, 600
    647,2017-03-11 19:11:52, 840
    648,2017-03-11 19:11:53, 720
    649,2017-03-11 19:11:54, 600
    650,2017-03-11 19:11:55, 660
    651,2017-03-11 19:11:56, 540
    652,2017-03-11 19:11:57, 300
    653,2017-03-11 19:11:58, 660
    654,2017-03-11 19:11:59, 660
    655,2017-03-11 19:12:00, 720
    656,2017-03-11 19:12:01, 420
    657,2017-03-11 19:12:02, 420
    658,2017-03-11 19:12:03, 540
    659,2017-03-11 19:12:04, 780
    660,2017-03-11 19:12:05, 480
    661,2017-03-11 19:12:06, 420
    662,2017-03-11 19:12:07, 360
    663,2017-03-11 19:12:08, 780
    664,2017-03-11 19:12:09, 480
    665,2017-03-11 19:12:10, 360
    666,2017-03-11 19:12:11, 360
    667,2017-03-11 19:12:12, 660
    668,2017-03-11 19:12:13, 480
    669,2017-03-11 19:12:14, 540
    670,2017-03-11 19:12:15, 780
    671,2017-03-11 19:12:16, 600
    672,2017-03-11 19:12:17, 780
    673,2017-03-11 19:12:18, 360
    674,2017-03-11 19:12:19, 540
    675,2017-03-11 19:12:20, 540
    676,2017-03-11 19:12:21, 540
    677,2017-03-11 19:12:22, 300
    678,2017-03-11 19:12:23, 780
    679,2017-03-11 19:12:24, 420
    680,2017-03-11 19:12:25, 600
    681,2017-03-11 19:12:26, 840
    682,2017-03-11 19:12:27, 480
    683,2017-03-11 19:12:28, 540
    684,2017-03-11 19:12:29, 240
    685,2017-03-11 19:12:30, 540
    686,2017-03-11 19:12:31, 540
    687,2017-03-11 19:12:32, 300
    688,2017-03-11 19:12:33, 600
    689,2017-03-11 19:12:34, 420
    690,2017-03-11 19:12:35, 540
    691,2017-03-11 19:12:36, 600
    692,2017-03-11 19:12:37, 360
    693,2017-03-11 19:12:38, 660
    694,2017-03-11 19:12:39, 420
    695,2017-03-11 19:12:40, 480
    696,2017-03-11 19:12:41, 360
    697,2017-03-11 19:12:42, 420
    698,2017-03-11 19:12:43, 480
    699,2017-03-11 19:12:44, 600
    700,2017-03-11 19:12:45, 180
    701,2017-03-11 19:12:46, 420
    702,2017-03-11 19:12:47, 540
    703,2017-03-11 19:12:48, 900
    704,2017-03-11 19:12:49, 660
    705,2017-03-11 19:12:50, 600
    706,2017-03-11 19:12:51, 480
    707,2017-03-11 19:12:52, 420
    708,2017-03-11 19:12:53, 660
    709,2017-03-11 19:12:54, 840
    710,2017-03-11 19:12:55, 780
    711,2017-03-11 19:12:56, 360
    712,2017-03-11 19:12:57, 660
    713,2017-03-11 19:12:58, 720
    714,2017-03-11 19:12:59, 360
    715,2017-03-11 19:13:00, 360
    716,2017-03-11 19:13:01, 780
    717,2017-03-11 19:13:02, 540
    718,2017-03-11 19:13:03, 480
    719,2017-03-11 19:13:04, 600
    720,2017-03-11 19:13:05, 540
    721,2017-03-11 19:13:06, 600
    722,2017-03-11 19:13:07, 720
    723,2017-03-11 19:13:08, 360
    724,2017-03-11 19:13:09, 540
    725,2017-03-11 19:13:10, 780
    726,2017-03-11 19:13:11, 480
    727,2017-03-11 19:13:12, 360
    728,2017-03-11 19:13:13, 420
    729,2017-03-11 19:13:14, 480
    730,2017-03-11 19:13:15, 180
    731,2017-03-11 19:13:16, 540
    732,2017-03-11 19:13:17, 480
    733,2017-03-11 19:13:18, 360
    734,2017-03-11 19:13:19, 840
    735,2017-03-11 19:13:20, 900
    736,2017-03-11 19:13:21, 660
    737,2017-03-11 19:13:22, 660
    738,2017-03-11 19:13:23, 360
    739,2017-03-11 19:13:24, 420
    740,2017-03-11 19:13:25, 540
    741,2017-03-11 19:13:26, 180
    742,2017-03-11 19:13:27, 720
    743,2017-03-11 19:13:28, 960
    744,2017-03-11 19:13:29, 600
    745,2017-03-11 19:13:30, 420
    746,2017-03-11 19:13:31, 300
    747,2017-03-11 19:13:32, 720
    748,2017-03-11 19:13:33, 780
    749,2017-03-11 19:13:34, 420
    750,2017-03-11 19:13:35, 780
    751,2017-03-11 19:13:36, 660
    752,2017-03-11 19:13:37, 780
    753,2017-03-11 19:13:38, 540
    754,2017-03-11 19:13:39, 360
    755,2017-03-11 19:13:40, 720
    756,2017-03-11 19:13:41, 540
    757,2017-03-11 19:13:42, 660
    758,2017-03-11 19:13:43, 720
    759,2017-03-11 19:13:44, 900
    760,2017-03-11 19:13:45, 900
    761,2017-03-11 19:13:46, 720
    762,2017-03-11 19:13:47, 240
    763,2017-03-11 19:13:48, 180
    764,2017-03-11 19:13:49, 840
    765,2017-03-11 19:13:50, 540
    766,2017-03-11 19:13:51, 540
    767,2017-03-11 19:13:52, 840
    768,2017-03-11 19:13:53, 780
    769,2017-03-11 19:13:54, 660
    770,2017-03-11 19:13:55, 660
    771,2017-03-11 19:13:56, 480
    772,2017-03-11 19:13:57, 480
    773,2017-03-11 19:13:58, 120
    774,2017-03-11 19:13:59, 360
    775,2017-03-11 19:14:00, 420
    776,2017-03-11 19:14:01, 600
    777,2017-03-11 19:14:02, 420
    778,2017-03-11 19:14:03, 420
    779,2017-03-11 19:14:04, 600
    780,2017-03-11 19:14:05, 780
    781,2017-03-11 19:14:06, 660
    782,2017-03-11 19:14:07, 600
    783,2017-03-11 19:14:08, 360
    784,2017-03-11 19:14:09, 540
    785,2017-03-11 19:14:10, 660
    786,2017-03-11 19:14:11, 1020
    787,2017-03-11 19:14:12, 360
    788,2017-03-11 19:14:13, 540
    789,2017-03-11 19:14:14, 480
    790,2017-03-11 19:14:15, 480
    791,2017-03-11 19:14:16, 660
    792,2017-03-11 19:14:17, 600
    793,2017-03-11 19:14:18, 300
    794,2017-03-11 19:14:19, 240
    795,2017-03-11 19:14:20, 840
    796,2017-03-11 19:14:21, 360
    797,2017-03-11 19:14:22, 1020
    798,2017-03-11 19:14:23, 420
    799,2017-03-11 19:14:24, 600
    800,2017-03-11 19:14:25, 840
    801,2017-03-11 19:14:26, 660
    802,2017-03-11 19:14:27, 240
    803,2017-03-11 19:14:28, 540
    804,2017-03-11 19:14:29, 600
    805,2017-03-11 19:14:30, 720
    806,2017-03-11 19:14:31, 600
    807,2017-03-11 19:14:32, 420
    808,2017-03-11 19:14:33, 420
    809,2017-03-11 19:14:34, 780
    810,2017-03-11 19:14:35, 300
    811,2017-03-11 19:14:36, 720
    812,2017-03-11 19:14:37, 1020
    813,2017-03-11 19:14:38, 480
    814,2017-03-11 19:14:39, 660
    815,2017-03-11 19:14:40, 480
    816,2017-03-11 19:14:41, 900
    817,2017-03-11 19:14:42, 780
    818,2017-03-11 19:14:43, 540
    819,2017-03-11 19:14:44, 300
    820,2017-03-11 19:14:45, 600
    821,2017-03-11 19:14:46, 600
    822,2017-03-11 19:14:47, 540
    823,2017-03-11 19:14:48, 720
    824,2017-03-11 19:14:49, 900
    825,2017-03-11 19:14:50, 720
    826,2017-03-11 19:14:51, 720
    827,2017-03-11 19:14:52, 480
    828,2017-03-11 19:14:53, 300
    829,2017-03-11 19:14:54, 660
    830,2017-03-11 19:14:55, 780
    831,2017-03-11 19:14:56, 480
    832,2017-03-11 19:14:57, 480
    833,2017-03-11 19:14:58, 240
    834,2017-03-11 19:14:59, 540
    835,2017-03-11 19:15:00, 360
    836,2017-03-11 19:15:01, 420
    837,2017-03-11 19:15:02, 720
    838,2017-03-11 19:15:03, 600
    839,2017-03-11 19:15:04, 600
    840,2017-03-11 19:15:05, 600
    841,2017-03-11 19:15:06, 480
    842,2017-03-11 19:15:07, 300
    843,2017-03-11 19:15:08, 840
    844,2017-03-11 19:15:09, 540
    845,2017-03-11 19:15:10, 600
    846,2017-03-11 19:15:11, 240
    847,2017-03-11 19:15:12, 600
    848,2017-03-11 19:15:13, 780
    849,2017-03-11 19:15:14, 840
    850,2017-03-11 19:15:15, 600
    851,2017-03-11 19:15:16, 480
    852,2017-03-11 19:15:17, 660
    853,2017-03-11 19:15:18, 420
    854,2017-03-11 19:15:19, 660
    855,2017-03-11 19:15:20, 420
    856,2017-03-11 19:15:21, 600
    857,2017-03-11 19:15:22, 480
    858,2017-03-11 19:15:23, 540
    859,2017-03-11 19:15:24, 540
    860,2017-03-11 19:15:25, 840
    861,2017-03-11 19:15:26, 660
    862,2017-03-11 19:15:27, 720
    863,2017-03-11 19:15:28, 720
    864,2017-03-11 19:15:29, 360
    865,2017-03-11 19:15:30, 360
    866,2017-03-11 19:15:31, 720
    867,2017-03-11 19:15:32, 480
    868,2017-03-11 19:15:33, 900
    869,2017-03-11 19:15:34, 360
    870,2017-03-11 19:15:35, 900
    871,2017-03-11 19:15:36, 900
    872,2017-03-11 19:15:37, 240
    873,2017-03-11 19:15:38, 600
    874,2017-03-11 19:15:39, 360
    875,2017-03-11 19:15:40, 660
    876,2017-03-11 19:15:41, 300
    877,2017-03-11 19:15:42, 660
    878,2017-03-11 19:15:43, 780
    879,2017-03-11 19:15:44, 480
    880,2017-03-11 19:15:45, 480
    881,2017-03-11 19:15:46, 660
    882,2017-03-11 19:15:47, 780
    883,2017-03-11 19:15:48, 480
    884,2017-03-11 19:15:49, 240
    885,2017-03-11 19:15:50, 360
    886,2017-03-11 19:15:51, 540
    887,2017-03-11 19:15:52, 540
    888,2017-03-11 19:15:53, 540
    889,2017-03-11 19:15:54, 480
    890,2017-03-11 19:15:55, 720
    891,2017-03-11 19:15:56, 240
    892,2017-03-11 19:15:57, 420
    893,2017-03-11 19:15:58, 540
    894,2017-03-11 19:15:59, 480
    895,2017-03-11 19:16:00, 780
    896,2017-03-11 19:16:01, 540
    897,2017-03-11 19:16:02, 480
    898,2017-03-11 19:16:03, 300
    899,2017-03-11 19:16:04, 660
    900,2017-03-11 19:16:05, 420
    901,2017-03-11 19:16:06, 540
    902,2017-03-11 19:16:07, 480
    903,2017-03-11 19:16:08, 660
    904,2017-03-11 19:16:09, 480
    905,2017-03-11 19:16:10, 600
    906,2017-03-11 19:16:11, 780
    907,2017-03-11 19:16:12, 960
    908,2017-03-11 19:16:13, 420
    909,2017-03-11 19:16:14, 780
    910,2017-03-11 19:16:15, 360
    911,2017-03-11 19:16:16, 780
    912,2017-03-11 19:16:17, 540
    913,2017-03-11 19:16:18, 360
    914,2017-03-11 19:16:19, 840
    915,2017-03-11 19:16:20, 840
    916,2017-03-11 19:16:21, 600
    917,2017-03-11 19:16:22, 360
    918,2017-03-11 19:16:23, 720
    919,2017-03-11 19:16:24, 420
    920,2017-03-11 19:16:25, 900
    921,2017-03-11 19:16:26, 480
    922,2017-03-11 19:16:27, 780
    923,2017-03-11 19:16:28, 600
    924,2017-03-11 19:16:29, 720
    925,2017-03-11 19:16:30, 480
    926,2017-03-11 19:16:31, 600
    927,2017-03-11 19:16:32, 420
    928,2017-03-11 19:16:33, 300
    929,2017-03-11 19:16:34, 540
    930,2017-03-11 19:16:35, 420
    931,2017-03-11 19:16:36, 660
    932,2017-03-11 19:16:37, 480
    933,2017-03-11 19:16:38, 480
    934,2017-03-11 19:16:39, 840
    935,2017-03-11 19:16:40, 840
    936,2017-03-11 19:16:41, 780
    937,2017-03-11 19:16:42, 420
    938,2017-03-11 19:16:43, 300
    939,2017-03-11 19:16:44, 300
    940,2017-03-11 19:16:45, 360
    941,2017-03-11 19:16:46, 600
    942,2017-03-11 19:16:47, 660
    943,2017-03-11 19:16:48, 480
    944,2017-03-11 19:16:49, 420
    945,2017-03-11 19:16:50, 300
    946,2017-03-11 19:16:51, 600
    947,2017-03-11 19:16:52, 540
    948,2017-03-11 19:16:53, 480
    949,2017-03-11 19:16:54, 480
    950,2017-03-11 19:16:55, 300
    951,2017-03-11 19:16:56, 720
    952,2017-03-11 19:16:57, 600
    953,2017-03-11 19:16:58, 420
    954,2017-03-11 19:16:59, 480
    955,2017-03-11 19:17:00, 420
    956,2017-03-11 19:17:01, 360
    957,2017-03-11 19:17:02, 960
    958,2017-03-11 19:17:03, 600
    959,2017-03-11 19:17:04, 660
    960,2017-03-11 19:17:05, 660
    961,2017-03-11 19:17:06, 540
    962,2017-03-11 19:17:07, 660
    963,2017-03-11 19:17:08, 720
    964,2017-03-11 19:17:09, 480
    965,2017-03-11 19:17:10, 720
    966,2017-03-11 19:17:11, 720
    967,2017-03-11 19:17:12, 360
    968,2017-03-11 19:17:13, 780
    969,2017-03-11 19:17:14, 360
    970,2017-03-11 19:17:15, 360
    971,2017-03-11 19:17:16, 300
    972,2017-03-11 19:17:17, 480
    973,2017-03-11 19:17:18, 360
    974,2017-03-11 19:17:19, 480
    975,2017-03-11 19:17:20, 480
    976,2017-03-11 19:17:21, 540
    977,2017-03-11 19:17:22, 300
    978,2017-03-11 19:17:23, 900
    979,2017-03-11 19:17:24, 1020
    980,2017-03-11 19:17:25, 660
    981,2017-03-11 19:17:26, 540
    982,2017-03-11 19:17:27, 540
    983,2017-03-11 19:17:28, 600
    984,2017-03-11 19:17:29, 300
    985,2017-03-11 19:17:30, 720
    986,2017-03-11 19:17:31, 840
    987,2017-03-11 19:17:32, 600
    988,2017-03-11 19:17:33, 780
    989,2017-03-11 19:17:34, 720
    990,2017-03-11 19:17:35, 420
    991,2017-03-11 19:17:36, 420
    992,2017-03-11 19:17:37, 480
    993,2017-03-11 19:17:38, 360
    994,2017-03-11 19:17:39, 480
    995,2017-03-11 19:17:40, 360
    996,2017-03-11 19:17:41, 300
    997,2017-03-11 19:17:42, 780
    998,2017-03-11 19:17:43, 480
    999,2017-03-11 19:17:44, 1080
   1000,2017-03-11 19:17:45, 840
   1001,2017-03-11 19:17:46, 660
   1002,2017-03-11 19:17:47, 300
   1003,2017-03-11 19:17:48, 540
   1004,2017-03-11 19:17:49, 720
   1005,2017-03-11 19:17:50, 540
   1006,2017-03-11 19:17:51, 540
   1007,2017-03-11 19:17:52, 660
   1008,2017-03-11 19:17:53, 660
   1009,2017-03-11 19:17:54, 420
   1010,2017-03-11 19:17:55, 660
   1011,2017-03-11 19:17:56, 300
   1012,2017-03-11 19:17:57, 420
   1013,2017-03-11 19:17:58, 480
   1014,2017-03-11 19:17:59, 480
   1015,2017-03-11 19:18:00, 720
   1016,2017-03-11 19:18:01, 600
   1017,2017-03-11 19:18:02, 360
   1018,2017-03-11 19:18:03, 420
   1019,2017-03-11 19:18:04, 600
   1020,2017-03-11 19:18:05, 300
   1021,2017-03-11 19:18:06, 600
   1022,2017-03-11 19:18:07, 660
   1023,2017-03-11 19:18:08, 300
   1024,2017-03-11 19:18:09, 180
   1025,2017-03-11 19:18:10, 360
   1026,2017-03-11 19:18:11, 480
   1027,2017-03-11 19:18:12, 720
   1028,2017-03-11 19:18:13, 840
   1029,2017-03-11 19:18:14, 480
   1030,2017-03-11 19:18:15, 420
   1031,2017-03-11 19:18:16, 600
   1032,2017-03-11 19:18:17, 480
   1033,2017-03-11 19:18:18, 360
   1034,2017-03-11 19:18:19, 420
   1035,2017-03-11 19:18:20, 600
   1036,2017-03-11 19:18:21, 300
   1037,2017-03-11 19:18:22, 540
   1038,2017-03-11 19:18:23, 480
   1039,2017-03-11 19:18:24, 360
   1040,2017-03-11 19:18:25, 480
   1041,2017-03-11 19:18:26, 660
   1042,2017-03-11 19:18:27, 600
   1043,2017-03-11 19:18:28, 300
   1044,2017-03-11 19:18:29, 480
   1045,2017-03-11 19:18:30, 660
   1046,2017-03-11 19:18:31, 360
   1047,2017-03-11 19:18:32, 720
   1048,2017-03-11 19:18:33, 480
   1049,2017-03-11 19:18:34, 480
   1050,2017-03-11 19:18:35, 420
   1051,2017-03-11 19:18:36, 720
   1052,2017-03-11 19:18:37, 420
   1053,2017-03-11 19:18:38, 420
   1054,2017-03-11 19:18:39, 300
   1055,2017-03-11 19:18:40, 780
   1056,2017-03-11 19:18:41, 540
   1057,2017-03-11 19:18:42, 420
   1058,2017-03-11 19:18:43, 360
   1059,2017-03-11 19:18:44, 600
   1060,2017-03-11 19:18:45, 180
   1061,2017-03-11 19:18:46, 240
   1062,2017-03-11 19:18:47, 780
   1063,2017-03-11 19:18:48, 780
   1064,2017-03-11 19:18:49, 420
   1065,2017-03-11 19:18:50, 480
   1066,2017-03-11 19:18:51, 360
   1067,2017-03-11 19:18:52, 960
   1068,2017-03-11 19:18:53, 660
   1069,2017-03-11 19:18:54, 720
   1070,2017-03-11 19:18:55, 420
   1071,2017-03-11 19:18:56, 360
   1072,2017-03-11 19:18:57, 600
   1073,2017-03-11 19:18:58, 660
   1074,2017-03-11 19:18:59, 720
   1075,2017-03-11 19:19:00, 1080
   1076,2017-03-11 19:19:01, 420
   1077,2017-03-11 19:19:02, 420
   1078,2017-03-11 19:19:03, 540
   1079,2017-03-11 19:19:04, 480
   1080,2017-03-11 19:19:05, 480
   1081,2017-03-11 19:19:06, 540
   1082,2017-03-11 19:19:07, 660
   1083,2017-03-11 19:19:08, 780
   1084,2017-03-11 19:19:09, 480
   1085,2017-03-11 19:19:10, 1080
   1086,2017-03-11 19:19:11, 900
   1087,2017-03-11 19:19:12, 360
   1088,2017-03-11 19:19:13, 660
   1089,2017-03-11 19:19:14, 540
   1090,2017-03-11 19:19:15, 660
   1091,2017-03-11 19:19:16, 660
   1092,2017-03-11 19:19:17, 540
   1093,2017-03-11 19:19:18, 240
   1094,2017-03-11 19:19:19, 360
   1095,2017-03-11 19:19:20, 780
   1096,2017-03-11 19:19:21, 660
   1097,2017-03-11 19:19:22, 420
   1098,2017-03-11 19:19:23, 420
   1099,2017-03-11 19:19:24, 420
   1100,2017-03-11 19:19:25, 540
   1101,2017-03-11 19:19:26, 360
   1102,2017-03-11 19:19:27, 480
   1103,2017-03-11 19:19:28, 360
   1104,2017-03-11 19:19:29, 540
   1105,2017-03-11 19:19:30, 600
   1106,2017-03-11 19:19:31, 420
   1107,2017-03-11 19:19:32, 480
   1108,2017-03-11 19:19:33, 480
   1109,2017-03-11 19:19:34, 960
   1110,2017-03-11 19:19:35, 1080
   1111,2017-03-11 19:19:36, 360
   1112,2017-03-11 19:19:37, 600
   1113,2017-03-11 19:19:38, 240
   1114,2017-03-11 19:19:39, 600
   1115,2017-03-11 19:19:40, 600
   1116,2017-03-11 19:19:41, 600
   1117,2017-03-11 19:19:42, 480
   1118,2017-03-11 19:19:43, 840
   1119,2017-03-11 19:19:44, 300
   1120,2017-03-11 19:19:45, 420
   1121,2017-03-11 19:19:46, 900
   1122,2017-03-11 19:19:47, 660
   1123,2017-03-11 19:19:48, 480
   1124,2017-03-11 19:19:49, 480
   1125,2017-03-11 19:19:50, 480
   1126,2017-03-11 19:19:51, 660
   1127,2017-03-11 19:19:52, 360
   1128,2017-03-11 19:19:53, 540
   1129,2017-03-11 19:19:54, 420
   1130,2017-03-11 19:19:55, 480
   1131,2017-03-11 19:19:56, 720
   1132,2017-03-11 19:19:57, 480
   1133,2017-03-11 19:19:58, 420
   1134,2017-03-11 19:19:59, 660
   1135,2017-03-11 19:20:00, 900
   1136,2017-03-11 19:20:01, 660
   1137,2017-03-11 19:20:02, 600
   1138,2017-03-11 19:20:03, 540
   1139,2017-03-11 19:20:04, 840
   1140,2017-03-11 19:20:05, 1140
   1141,2017-03-11 19:20:06, 600
   1142,2017-03-11 19:20:07, 600
   1143,2017-03-11 19:20:08, 300
   1144,2017-03-11 19:20:09, 420
   1145,2017-03-11 19:20:10, 420
   1146,2017-03-11 19:20:11, 300
   1147,2017-03-11 19:20:12, 660
   1148,2017-03-11 19:20:13, 1020
   1149,2017-03-11 19:20:14, 780
   1150,2017-03-11 19:20:15, 540
   1151,2017-03-11 19:20:16, 420
   1152,2017-03-11 19:20:17, 540
   1153,2017-03-11 19:20:18, 360
   1154,2017-03-11 19:20:19, 480
   1155,2017-03-11 19:20:20, 660
   1156,2017-03-11 19:20:21, 360
   1157,2017-03-11 19:20:22, 360
   1158,2017-03-11 19:20:23, 420
   1159,2017-03-11 19:20:24, 720
   1160,2017-03-11 19:20:25, 1080
   1161,2017-03-11 19:20:26, 840
# now logging with cycle 1.0sec, and mode 'CPM'
# using device 'GQ GMC-300E plus'
      1,2017-03-11 19:20:28, 575
      2,2017-03-11 19:20:29, 575
      3,2017-03-11 19:20:30, 579
      4,2017-03-11 19:20:31, 579
      5,2017-03-11 19:20:32, 577
      6,2017-03-11 19:20:33, 583
      7,2017-03-11 19:20:34, 574
      8,2017-03-11 19:20:35, 564
      9,2017-03-11 19:20:36, 564
     10,2017-03-11 19:20:37, 561
     11,2017-03-11 19:20:38, 565
     12,2017-03-11 19:20:39, 562
     13,2017-03-11 19:20:40, 561
     14,2017-03-11 19:20:41, 562
     15,2017-03-11 19:20:42, 562
     16,2017-03-11 19:20:43, 559
     17,2017-03-11 19:20:44, 562
     18,2017-03-11 19:20:45, 566
     19,2017-03-11 19:20:46, 557
     20,2017-03-11 19:20:47, 555
     21,2017-03-11 19:20:48, 562
     22,2017-03-11 19:20:49, 569
     23,2017-03-11 19:20:50, 567
     24,2017-03-11 19:20:51, 566
     25,2017-03-11 19:20:52, 570
     26,2017-03-11 19:20:53, 568
     27,2017-03-11 19:20:54, 568
     28,2017-03-11 19:20:55, 566
     29,2017-03-11 19:20:56, 565
     30,2017-03-11 19:20:57, 569
     31,2017-03-11 19:20:58, 569
     32,2017-03-11 19:20:59, 565
     33,2017-03-11 19:21:00, 559
     34,2017-03-11 19:21:01, 551
     35,2017-03-11 19:21:02, 554
     36,2017-03-11 19:21:03, 557
     37,2017-03-11 19:21:04, 552
     38,2017-03-11 19:21:05, 542
     39,2017-03-11 19:21:06, 536
     40,2017-03-11 19:21:07, 538
     41,2017-03-11 19:21:08, 543
     42,2017-03-11 19:21:09, 542
     43,2017-03-11 19:21:10, 548
     44,2017-03-11 19:21:11, 547
     45,2017-03-11 19:21:12, 544
     46,2017-03-11 19:21:13, 538
     47,2017-03-11 19:21:14, 540
     48,2017-03-11 19:21:15, 539
     49,2017-03-11 19:21:16, 541
     50,2017-03-11 19:21:17, 546
     51,2017-03-11 19:21:18, 548
     52,2017-03-11 19:21:19, 551
     53,2017-03-11 19:21:20, 547
     54,2017-03-11 19:21:21, 545
     55,2017-03-11 19:21:22, 549
     56,2017-03-11 19:21:23, 551
     57,2017-03-11 19:21:24, 551
     58,2017-03-11 19:21:25, 539
     59,2017-03-11 19:21:26, 536
     60,2017-03-11 19:21:27, 541
     61,2017-03-11 19:21:28, 540
     62,2017-03-11 19:21:29, 536
     63,2017-03-11 19:21:30, 530
     64,2017-03-11 19:21:31, 529
     65,2017-03-11 19:21:32, 533
     66,2017-03-11 19:21:33, 534
     67,2017-03-11 19:21:34, 537
     68,2017-03-11 19:21:35, 539
     69,2017-03-11 19:21:36, 544
     70,2017-03-11 19:21:37, 547
     71,2017-03-11 19:21:38, 545
     72,2017-03-11 19:21:39, 549
     73,2017-03-11 19:21:40, 554
     74,2017-03-11 19:21:41, 557
     75,2017-03-11 19:21:42, 555
     76,2017-03-11 19:21:43, 550
     77,2017-03-11 19:21:44, 549
     78,2017-03-11 19:21:45, 546
     79,2017-03-11 19:21:46, 552
     80,2017-03-11 19:21:47, 552
     81,2017-03-11 19:21:48, 551
     82,2017-03-11 19:21:49, 542
     83,2017-03-11 19:21:50, 550
     84,2017-03-11 19:21:51, 546
     85,2017-03-11 19:21:52, 546
     86,2017-03-11 19:21:53, 547
     87,2017-03-11 19:21:54, 551
     88,2017-03-11 19:21:55, 555
     89,2017-03-11 19:21:56, 557
     90,2017-03-11 19:21:57, 552
     91,2017-03-11 19:21:58, 554
     92,2017-03-11 19:21:59, 553
     93,2017-03-11 19:22:00, 553
     94,2017-03-11 19:22:01, 560
     95,2017-03-11 19:22:02, 556
     96,2017-03-11 19:22:03, 552
     97,2017-03-11 19:22:04, 550
     98,2017-03-11 19:22:05, 549
     99,2017-03-11 19:22:06, 554
    100,2017-03-11 19:22:07, 550
    101,2017-03-11 19:22:08, 550
    102,2017-03-11 19:22:09, 555
    103,2017-03-11 19:22:10, 549
    104,2017-03-11 19:22:11, 552
    105,2017-03-11 19:22:12, 551
    106,2017-03-11 19:22:13, 546
    107,2017-03-11 19:22:14, 538
    108,2017-03-11 19:22:15, 541
    109,2017-03-11 19:22:16, 546
    110,2017-03-11 19:22:17, 539
    111,2017-03-11 19:22:18, 547
    112,2017-03-11 19:22:19, 545
    113,2017-03-11 19:22:20, 543
    114,2017-03-11 19:22:21, 547
    115,2017-03-11 19:22:22, 540
    116,2017-03-11 19:22:23, 540
    117,2017-03-11 19:22:24, 535
    118,2017-03-11 19:22:25, 541
    119,2017-03-11 19:22:26, 537
    120,2017-03-11 19:22:27, 539
    121,2017-03-11 19:22:28, 544
    122,2017-03-11 19:22:29, 549
    123,2017-03-11 19:22:30, 554
    124,2017-03-11 19:22:31, 560
    125,2017-03-11 19:22:32, 559
    126,2017-03-11 19:22:33, 556
    127,2017-03-11 19:22:34, 554
    128,2017-03-11 19:22:35, 556
    129,2017-03-11 19:22:36, 553
    130,2017-03-11 19:22:37, 549
    131,2017-03-11 19:22:38, 547
    132,2017-03-11 19:22:39, 540
    133,2017-03-11 19:22:40, 532
    134,2017-03-11 19:22:41, 523
    135,2017-03-11 19:22:42, 532
    136,2017-03-11 19:22:43, 531
    137,2017-03-11 19:22:44, 530
    138,2017-03-11 19:22:45, 528
    139,2017-03-11 19:22:46, 525
    140,2017-03-11 19:22:47, 521
    141,2017-03-11 19:22:48, 516
    142,2017-03-11 19:22:49, 517
    143,2017-03-11 19:22:50, 511
    144,2017-03-11 19:22:51, 512
    145,2017-03-11 19:22:52, 510
    146,2017-03-11 19:22:53, 513
    147,2017-03-11 19:22:54, 513
    148,2017-03-11 19:22:55, 512
    149,2017-03-11 19:22:56, 507
    150,2017-03-11 19:22:57, 507
    151,2017-03-11 19:22:58, 508
    152,2017-03-11 19:22:59, 515
    153,2017-03-11 19:23:00, 521
    154,2017-03-11 19:23:01, 523
    155,2017-03-11 19:23:02, 521
    156,2017-03-11 19:23:03, 520
    157,2017-03-11 19:23:04, 522
    158,2017-03-11 19:23:05, 529
    159,2017-03-11 19:23:06, 533
    160,2017-03-11 19:23:07, 531
    161,2017-03-11 19:23:08, 529
    162,2017-03-11 19:23:09, 527
    163,2017-03-11 19:23:10, 528
    164,2017-03-11 19:23:11, 532
    165,2017-03-11 19:23:12, 534
    166,2017-03-11 19:23:13, 540
    167,2017-03-11 19:23:14, 547
    168,2017-03-11 19:23:15, 544
    169,2017-03-11 19:23:16, 544
    170,2017-03-11 19:23:17, 552
    171,2017-03-11 19:23:18, 542
    172,2017-03-11 19:23:19, 539
    173,2017-03-11 19:23:20, 541
    174,2017-03-11 19:23:21, 548
    175,2017-03-11 19:23:22, 555
    176,2017-03-11 19:23:23, 555
    177,2017-03-11 19:23:24, 556
    178,2017-03-11 19:23:25, 555
    179,2017-03-11 19:23:26, 557
    180,2017-03-11 19:23:27, 554
    181,2017-03-11 19:23:28, 556
    182,2017-03-11 19:23:29, 559
    183,2017-03-11 19:23:30, 554
    184,2017-03-11 19:23:31, 547
    185,2017-03-11 19:23:32, 550
    186,2017-03-11 19:23:33, 548
    187,2017-03-11 19:23:34, 548
    188,2017-03-11 19:23:35, 542
    189,2017-03-11 19:23:36, 541
    190,2017-03-11 19:23:37, 544
    191,2017-03-11 19:23:38, 549
    192,2017-03-11 19:23:39, 560
    193,2017-03-11 19:23:40, 560
    194,2017-03-11 19:23:41, 566
    195,2017-03-11 19:23:42, 560
    196,2017-03-11 19:23:43, 564
    197,2017-03-11 19:23:44, 568
    198,2017-03-11 19:23:45, 575
    199,2017-03-11 19:23:46, 574
    200,2017-03-11 19:23:47, 576
    201,2017-03-11 19:23:48, 573
    202,2017-03-11 19:23:49, 574
    203,2017-03-11 19:23:50, 578
    204,2017-03-11 19:23:51, 586
    205,2017-03-11 19:23:52, 588
    206,2017-03-11 19:23:53, 586
    207,2017-03-11 19:23:54, 582
    208,2017-03-11 19:23:55, 582
    209,2017-03-11 19:23:56, 583
    210,2017-03-11 19:23:57, 586
    211,2017-03-11 19:23:58, 586
    212,2017-03-11 19:23:59, 578
    213,2017-03-11 19:24:00, 570
    214,2017-03-11 19:24:01, 568
    215,2017-03-11 19:24:02, 573
    216,2017-03-11 19:24:03, 574
    217,2017-03-11 19:24:04, 570
    218,2017-03-11 19:24:05, 564
    219,2017-03-11 19:24:06, 561
    220,2017-03-11 19:24:07, 568
    221,2017-03-11 19:24:08, 567
    222,2017-03-11 19:24:09, 564
    223,2017-03-11 19:24:10, 564
    224,2017-03-11 19:24:11, 559
    225,2017-03-11 19:24:12, 563
    226,2017-03-11 19:24:13, 562
    227,2017-03-11 19:24:14, 554
    228,2017-03-11 19:24:15, 560
    229,2017-03-11 19:24:16, 553
    230,2017-03-11 19:24:17, 547
    231,2017-03-11 19:24:18, 548
    232,2017-03-11 19:24:19, 551
    233,2017-03-11 19:24:20, 560
    234,2017-03-11 19:24:21, 553
    235,2017-03-11 19:24:22, 552
    236,2017-03-11 19:24:23, 550
    237,2017-03-11 19:24:24, 553
    238,2017-03-11 19:24:25, 550
    239,2017-03-11 19:24:26, 553
    240,2017-03-11 19:24:27, 552
    241,2017-03-11 19:24:28, 553
    242,2017-03-11 19:24:29, 545
    243,2017-03-11 19:24:30, 547
    244,2017-03-11 19:24:31, 559
    245,2017-03-11 19:24:32, 554
    246,2017-03-11 19:24:33, 555
    247,2017-03-11 19:24:34, 555
    248,2017-03-11 19:24:35, 556
    249,2017-03-11 19:24:36, 560
    250,2017-03-11 19:24:37, 561
    251,2017-03-11 19:24:38, 566
    252,2017-03-11 19:24:39, 561
    253,2017-03-11 19:24:40, 567
    254,2017-03-11 19:24:41, 571
    255,2017-03-11 19:24:42, 569
    256,2017-03-11 19:24:43, 570
    257,2017-03-11 19:24:44, 570
    258,2017-03-11 19:24:45, 566
    259,2017-03-11 19:24:46, 567
    260,2017-03-11 19:24:47, 575
    261,2017-03-11 19:24:48, 581
    262,2017-03-11 19:24:49, 582
    263,2017-03-11 19:24:50, 579
    264,2017-03-11 19:24:51, 574
    265,2017-03-11 19:24:52, 573
    266,2017-03-11 19:24:53, 575
    267,2017-03-11 19:24:54, 580
    268,2017-03-11 19:24:55, 579
    269,2017-03-11 19:24:56, 580
    270,2017-03-11 19:24:57, 574
    271,2017-03-11 19:24:58, 570
    272,2017-03-11 19:24:59, 573
    273,2017-03-11 19:25:00, 579
    274,2017-03-11 19:25:01, 584
    275,2017-03-11 19:25:02, 584
    276,2017-03-11 19:25:03, 585
    277,2017-03-11 19:25:04, 584
    278,2017-03-11 19:25:05, 583
    279,2017-03-11 19:25:06, 579
    280,2017-03-11 19:25:07, 576
    281,2017-03-11 19:25:08, 577
    282,2017-03-11 19:25:09, 578
    283,2017-03-11 19:25:10, 575
    284,2017-03-11 19:25:11, 577
    285,2017-03-11 19:25:12, 576
    286,2017-03-11 19:25:13, 572
    287,2017-03-11 19:25:14, 576
    288,2017-03-11 19:25:15, 571
    289,2017-03-11 19:25:16, 579
    290,2017-03-11 19:25:17, 579
    291,2017-03-11 19:25:18, 581
    292,2017-03-11 19:25:19, 579
    293,2017-03-11 19:25:20, 572
    294,2017-03-11 19:25:21, 576
    295,2017-03-11 19:25:22, 577
    296,2017-03-11 19:25:23, 578
    297,2017-03-11 19:25:24, 577
    298,2017-03-11 19:25:25, 575
    299,2017-03-11 19:25:26, 574
    300,2017-03-11 19:25:27, 575
    301,2017-03-11 19:25:28, 577
    302,2017-03-11 19:25:29, 577
    303,2017-03-11 19:25:30, 583
    304,2017-03-11 19:25:31, 576
    305,2017-03-11 19:25:32, 579
    306,2017-03-11 19:25:33, 580
    307,2017-03-11 19:25:34, 579
    308,2017-03-11 19:25:35, 583
    309,2017-03-11 19:25:36, 582
    310,2017-03-11 19:25:37, 584
    311,2017-03-11 19:25:38, 579
    312,2017-03-11 19:25:39, 582
    313,2017-03-11 19:25:40, 587
    314,2017-03-11 19:25:41, 581
    315,2017-03-11 19:25:42, 584
    316,2017-03-11 19:25:43, 583
    317,2017-03-11 19:25:44, 580
    318,2017-03-11 19:25:45, 579
    319,2017-03-11 19:25:46, 584
    320,2017-03-11 19:25:47, 580
    321,2017-03-11 19:25:48, 575
    322,2017-03-11 19:25:49, 570
    323,2017-03-11 19:25:50, 569
    324,2017-03-11 19:25:51, 567
    325,2017-03-11 19:25:52, 570
    326,2017-03-11 19:25:53, 568
    327,2017-03-11 19:25:54, 559
    328,2017-03-11 19:25:55, 556
    329,2017-03-11 19:25:56, 560
    330,2017-03-11 19:25:57, 571
    331,2017-03-11 19:25:58, 575
    332,2017-03-11 19:25:59, 576
    333,2017-03-11 19:26:00, 573
    334,2017-03-11 19:26:01, 561
    335,2017-03-11 19:26:02, 561
    336,2017-03-11 19:26:03, 561
    337,2017-03-11 19:26:04, 567
    338,2017-03-11 19:26:05, 574
    339,2017-03-11 19:26:06, 576
    340,2017-03-11 19:26:07, 576
    341,2017-03-11 19:26:08, 582
    342,2017-03-11 19:26:09, 589
    343,2017-03-11 19:26:10, 591
    344,2017-03-11 19:26:11, 590
    345,2017-03-11 19:26:12, 587
    346,2017-03-11 19:26:13, 591
    347,2017-03-11 19:26:14, 592
    348,2017-03-11 19:26:15, 593
    349,2017-03-11 19:26:16, 584
    350,2017-03-11 19:26:17, 587
    351,2017-03-11 19:26:18, 584
    352,2017-03-11 19:26:19, 589
    353,2017-03-11 19:26:20, 593
    354,2017-03-11 19:26:21, 593
    355,2017-03-11 19:26:22, 593
    356,2017-03-11 19:26:23, 595
    357,2017-03-11 19:26:24, 594
    358,2017-03-11 19:26:25, 598
    359,2017-03-11 19:26:26, 594
    360,2017-03-11 19:26:27, 596
    361,2017-03-11 19:26:28, 593
    362,2017-03-11 19:26:29, 597
    363,2017-03-11 19:26:30, 589
    364,2017-03-11 19:26:31, 588
    365,2017-03-11 19:26:32, 587
    366,2017-03-11 19:26:33, 579
    367,2017-03-11 19:26:34, 584
    368,2017-03-11 19:26:35, 576
    369,2017-03-11 19:26:36, 576
    370,2017-03-11 19:26:37, 571
    371,2017-03-11 19:26:38, 569
    372,2017-03-11 19:26:39, 562
    373,2017-03-11 19:26:40, 557
    374,2017-03-11 19:26:41, 557
    375,2017-03-11 19:26:42, 554
    376,2017-03-11 19:26:43, 554
    377,2017-03-11 19:26:44, 561
    378,2017-03-11 19:26:45, 560
    379,2017-03-11 19:26:46, 555
    380,2017-03-11 19:26:47, 553
    381,2017-03-11 19:26:48, 557
    382,2017-03-11 19:26:49, 561
    383,2017-03-11 19:26:50, 557
    384,2017-03-11 19:26:51, 559
    385,2017-03-11 19:26:52, 564
    386,2017-03-11 19:26:53, 565
    387,2017-03-11 19:26:54, 569
    388,2017-03-11 19:26:55, 576
    389,2017-03-11 19:26:56, 571
    390,2017-03-11 19:26:57, 569
    391,2017-03-11 19:26:58, 572
    392,2017-03-11 19:26:59, 571
    393,2017-03-11 19:27:00, 567
    394,2017-03-11 19:27:01, 571
    395,2017-03-11 19:27:02, 565
    396,2017-03-11 19:27:03, 566
    397,2017-03-11 19:27:04, 567
    398,2017-03-11 19:27:05, 561
    399,2017-03-11 19:27:06, 564
    400,2017-03-11 19:27:07, 562
    401,2017-03-11 19:27:08, 559
    402,2017-03-11 19:27:09, 560
    403,2017-03-11 19:27:10, 567
    404,2017-03-11 19:27:11, 570
    405,2017-03-11 19:27:12, 573
    406,2017-03-11 19:27:13, 567
    407,2017-03-11 19:27:14, 568
    408,2017-03-11 19:27:15, 567
    409,2017-03-11 19:27:16, 567
    410,2017-03-11 19:27:17, 567
    411,2017-03-11 19:27:18, 568
    412,2017-03-11 19:27:19, 564
    413,2017-03-11 19:27:20, 557
    414,2017-03-11 19:27:21, 555
    415,2017-03-11 19:27:22, 556
    416,2017-03-11 19:27:23, 559
    417,2017-03-11 19:27:24, 559
    418,2017-03-11 19:27:25, 558
    419,2017-03-11 19:27:26, 555
    420,2017-03-11 19:27:27, 551
    421,2017-03-11 19:27:28, 550
    422,2017-03-11 19:27:29, 547
    423,2017-03-11 19:27:30, 543
    424,2017-03-11 19:27:31, 541
    425,2017-03-11 19:27:32, 541
    426,2017-03-11 19:27:33, 544
    427,2017-03-11 19:27:34, 545
    428,2017-03-11 19:27:35, 545
    429,2017-03-11 19:27:36, 544
    430,2017-03-11 19:27:37, 545
    431,2017-03-11 19:27:38, 545
    432,2017-03-11 19:27:39, 552
    433,2017-03-11 19:27:40, 548
    434,2017-03-11 19:27:41, 545
    435,2017-03-11 19:27:42, 550
    436,2017-03-11 19:27:43, 551
    437,2017-03-11 19:27:44, 546
    438,2017-03-11 19:27:45, 547
    439,2017-03-11 19:27:46, 544
    440,2017-03-11 19:27:47, 546
    441,2017-03-11 19:27:48, 544
    442,2017-03-11 19:27:49, 544
    443,2017-03-11 19:27:50, 549
    444,2017-03-11 19:27:51, 549
    445,2017-03-11 19:27:52, 540
    446,2017-03-11 19:27:53, 538
    447,2017-03-11 19:27:54, 538
    448,2017-03-11 19:27:55, 542
    449,2017-03-11 19:27:56, 542
    450,2017-03-11 19:27:57, 543
    451,2017-03-11 19:27:58, 537
    452,2017-03-11 19:27:59, 537
    453,2017-03-11 19:28:00, 536
    454,2017-03-11 19:28:01, 539
    455,2017-03-11 19:28:02, 541
    456,2017-03-11 19:28:03, 543
    457,2017-03-11 19:28:04, 543
    458,2017-03-11 19:28:05, 543
    459,2017-03-11 19:28:06, 542
    460,2017-03-11 19:28:07, 544
    461,2017-03-11 19:28:08, 545
    462,2017-03-11 19:28:09, 546
    463,2017-03-11 19:28:10, 541
    464,2017-03-11 19:28:11, 537
    465,2017-03-11 19:28:12, 536
    466,2017-03-11 19:28:13, 532
    467,2017-03-11 19:28:14, 542
    468,2017-03-11 19:28:15, 538
    469,2017-03-11 19:28:16, 542
    470,2017-03-11 19:28:17, 545
    471,2017-03-11 19:28:18, 541
    472,2017-03-11 19:28:19, 540
    473,2017-03-11 19:28:20, 544
    474,2017-03-11 19:28:21, 545
    475,2017-03-11 19:28:22, 542
    476,2017-03-11 19:28:23, 542
    477,2017-03-11 19:28:24, 535
    478,2017-03-11 19:28:25, 533
    479,2017-03-11 19:28:26, 536
    480,2017-03-11 19:28:27, 541
    481,2017-03-11 19:28:28, 540
    482,2017-03-11 19:28:29, 540
    483,2017-03-11 19:28:30, 544
    484,2017-03-11 19:28:31, 547
    485,2017-03-11 19:28:32, 547
    486,2017-03-11 19:28:33, 556
    487,2017-03-11 19:28:34, 557
    488,2017-03-11 19:28:35, 555
    489,2017-03-11 19:28:36, 565
    490,2017-03-11 19:28:37, 568
    491,2017-03-11 19:28:38, 566
    492,2017-03-11 19:28:39, 567
    493,2017-03-11 19:28:40, 560
    494,2017-03-11 19:28:41, 567
    495,2017-03-11 19:28:42, 571
    496,2017-03-11 19:28:43, 567
    497,2017-03-11 19:28:44, 563
    498,2017-03-11 19:28:45, 566
    499,2017-03-11 19:28:46, 570
    500,2017-03-11 19:28:47, 567
    501,2017-03-11 19:28:48, 568
    502,2017-03-11 19:28:49, 567
    503,2017-03-11 19:28:50, 564
    504,2017-03-11 19:28:51, 562
    505,2017-03-11 19:28:52, 565
    506,2017-03-11 19:28:53, 566
    507,2017-03-11 19:28:54, 568
    508,2017-03-11 19:28:55, 567
    509,2017-03-11 19:28:56, 562
    510,2017-03-11 19:28:57, 558
    511,2017-03-11 19:28:58, 563
    512,2017-03-11 19:28:59, 568
    513,2017-03-11 19:29:00, 574
    514,2017-03-11 19:29:01, 574
    515,2017-03-11 19:29:02, 573
    516,2017-03-11 19:29:03, 574
    517,2017-03-11 19:29:04, 577
    518,2017-03-11 19:29:05, 577
    519,2017-03-11 19:29:06, 572
    520,2017-03-11 19:29:07, 570
    521,2017-03-11 19:29:08, 571
    522,2017-03-11 19:29:09, 572
    523,2017-03-11 19:29:10, 573
    524,2017-03-11 19:29:11, 575
    525,2017-03-11 19:29:12, 578
    526,2017-03-11 19:29:13, 574
    527,2017-03-11 19:29:14, 566
    528,2017-03-11 19:29:15, 568
    529,2017-03-11 19:29:16, 564
    530,2017-03-11 19:29:17, 566
    531,2017-03-11 19:29:18, 565
    532,2017-03-11 19:29:19, 563
    533,2017-03-11 19:29:20, 567
    534,2017-03-11 19:29:21, 569
    535,2017-03-11 19:29:22, 573
    536,2017-03-11 19:29:23, 576
    537,2017-03-11 19:29:24, 580
    538,2017-03-11 19:29:25, 586
    539,2017-03-11 19:29:26, 585
    540,2017-03-11 19:29:27, 583
    541,2017-03-11 19:29:28, 580
    542,2017-03-11 19:29:29, 581
    543,2017-03-11 19:29:30, 580
    544,2017-03-11 19:29:31, 579
    545,2017-03-11 19:29:32, 581
    546,2017-03-11 19:29:33, 571
    547,2017-03-11 19:29:34, 571
    548,2017-03-11 19:29:35, 568
    549,2017-03-11 19:29:36, 566
    550,2017-03-11 19:29:37, 570
    551,2017-03-11 19:29:38, 577
    552,2017-03-11 19:29:39, 580
    553,2017-03-11 19:29:40, 583
    554,2017-03-11 19:29:41, 583
    555,2017-03-11 19:29:42, 587
    556,2017-03-11 19:29:43, 584
    557,2017-03-11 19:29:44, 591
    558,2017-03-11 19:29:45, 592
    559,2017-03-11 19:29:46, 584
    560,2017-03-11 19:29:47, 583
    561,2017-03-11 19:29:48, 575
    562,2017-03-11 19:29:49, 577
    563,2017-03-11 19:29:50, 580
    564,2017-03-11 19:29:51, 583
    565,2017-03-11 19:29:52, 579
    566,2017-03-11 19:29:53, 578
    567,2017-03-11 19:29:54, 579
    568,2017-03-11 19:29:55, 584
    569,2017-03-11 19:29:56, 585
    570,2017-03-11 19:29:57, 589
    571,2017-03-11 19:29:58, 581
    572,2017-03-11 19:29:59, 572
    573,2017-03-11 19:30:00, 573
    574,2017-03-11 19:30:01, 578
    575,2017-03-11 19:30:02, 580
    576,2017-03-11 19:30:03, 584
    577,2017-03-11 19:30:04, 582
    578,2017-03-11 19:30:05, 585
    579,2017-03-11 19:30:06, 585
    580,2017-03-11 19:30:07, 587
    581,2017-03-11 19:30:08, 587
    582,2017-03-11 19:30:09, 592
    583,2017-03-11 19:30:10, 589
    584,2017-03-11 19:30:11, 586
    585,2017-03-11 19:30:12, 580
    586,2017-03-11 19:30:13, 583
    587,2017-03-11 19:30:14, 585
    588,2017-03-11 19:30:15, 582
    589,2017-03-11 19:30:16, 582
    590,2017-03-11 19:30:17, 583
    591,2017-03-11 19:30:18, 587
    592,2017-03-11 19:30:19, 590
    593,2017-03-11 19:30:20, 590
    594,2017-03-11 19:30:21, 592
    595,2017-03-11 19:30:22, 590
    596,2017-03-11 19:30:23, 583
    597,2017-03-11 19:30:24, 579
    598,2017-03-11 19:30:25, 577
    599,2017-03-11 19:30:26, 576
    600,2017-03-11 19:30:27, 574
    601,2017-03-11 19:30:28, 588
    602,2017-03-11 19:30:29, 585
    603,2017-03-11 19:30:30, 582
    604,2017-03-11 19:30:31, 585
    605,2017-03-11 19:30:32, 583
    606,2017-03-11 19:30:33, 588
    607,2017-03-11 19:30:34, 589
    608,2017-03-11 19:30:35, 590
    609,2017-03-11 19:30:36, 590
    610,2017-03-11 19:30:37, 581
    611,2017-03-11 19:30:38, 575
    612,2017-03-11 19:30:39, 576
    613,2017-03-11 19:30:40, 581
    614,2017-03-11 19:30:41, 576
    615,2017-03-11 19:30:42, 575
    616,2017-03-11 19:30:43, 579
    617,2017-03-11 19:30:44, 574
    618,2017-03-11 19:30:45, 569
    619,2017-03-11 19:30:46, 571
    620,2017-03-11 19:30:47, 581
    621,2017-03-11 19:30:48, 585
    622,2017-03-11 19:30:49, 591
    623,2017-03-11 19:30:50, 594
    624,2017-03-11 19:30:51, 597
    625,2017-03-11 19:30:52, 599
    626,2017-03-11 19:30:53, 604
    627,2017-03-11 19:30:54, 608
    628,2017-03-11 19:30:55, 601
    629,2017-03-11 19:30:56, 600
    630,2017-03-11 19:30:57, 597
    631,2017-03-11 19:30:58, 605
    632,2017-03-11 19:30:59, 605
    633,2017-03-11 19:31:00, 601
    634,2017-03-11 19:31:01, 600
    635,2017-03-11 19:31:02, 597
    636,2017-03-11 19:31:03, 600
    637,2017-03-11 19:31:04, 600
    638,2017-03-11 19:31:05, 593
    639,2017-03-11 19:31:06, 599
    640,2017-03-11 19:31:07, 594
    641,2017-03-11 19:31:08, 597
    642,2017-03-11 19:31:09, 590
    643,2017-03-11 19:31:10, 588
    644,2017-03-11 19:31:11, 589
    645,2017-03-11 19:31:12, 592
    646,2017-03-11 19:31:13, 592
    647,2017-03-11 19:31:14, 593
    648,2017-03-11 19:31:15, 596
    649,2017-03-11 19:31:16, 599
    650,2017-03-11 19:31:17, 599
    651,2017-03-11 19:31:18, 598
    652,2017-03-11 19:31:19, 606
    653,2017-03-11 19:31:20, 601
    654,2017-03-11 19:31:21, 598
    655,2017-03-11 19:31:22, 598
    656,2017-03-11 19:31:23, 594
    657,2017-03-11 19:31:24, 592
    658,2017-03-11 19:31:25, 586
    659,2017-03-11 19:31:26, 587
    660,2017-03-11 19:31:27, 590
    661,2017-03-11 19:31:28, 579
    662,2017-03-11 19:31:29, 587
    663,2017-03-11 19:31:30, 590
    664,2017-03-11 19:31:31, 590
    665,2017-03-11 19:31:32, 594
    666,2017-03-11 19:31:33, 590
    667,2017-03-11 19:31:34, 592
    668,2017-03-11 19:31:35, 600
    669,2017-03-11 19:31:36, 597
    670,2017-03-11 19:31:37, 595
    671,2017-03-11 19:31:38, 595
    672,2017-03-11 19:31:39, 595
    673,2017-03-11 19:31:40, 587
    674,2017-03-11 19:31:41, 586
    675,2017-03-11 19:31:42, 580
    676,2017-03-11 19:31:43, 579
    677,2017-03-11 19:31:44, 582
    678,2017-03-11 19:31:45, 582
    679,2017-03-11 19:31:46, 586
    680,2017-03-11 19:31:47, 582
    681,2017-03-11 19:31:48, 579
    682,2017-03-11 19:31:49, 576
    683,2017-03-11 19:31:50, 578
    684,2017-03-11 19:31:51, 574
    685,2017-03-11 19:31:52, 569
    686,2017-03-11 19:31:53, 561
    687,2017-03-11 19:31:54, 554
    688,2017-03-11 19:31:55, 556
    689,2017-03-11 19:31:56, 559
    690,2017-03-11 19:31:57, 560
    691,2017-03-11 19:31:58, 557
    692,2017-03-11 19:31:59, 556
    693,2017-03-11 19:32:00, 556
    694,2017-03-11 19:32:01, 552
    695,2017-03-11 19:32:02, 555
    696,2017-03-11 19:32:03, 549
    697,2017-03-11 19:32:04, 546
    698,2017-03-11 19:32:05, 546
    699,2017-03-11 19:32:06, 546
    700,2017-03-11 19:32:07, 543
    701,2017-03-11 19:32:08, 536
    702,2017-03-11 19:32:09, 536
    703,2017-03-11 19:32:10, 537
    704,2017-03-11 19:32:11, 532
    705,2017-03-11 19:32:12, 531
    706,2017-03-11 19:32:13, 532
    707,2017-03-11 19:32:14, 532
    708,2017-03-11 19:32:15, 535
    709,2017-03-11 19:32:16, 530
    710,2017-03-11 19:32:17, 524
    711,2017-03-11 19:32:18, 525
    712,2017-03-11 19:32:19, 521
    713,2017-03-11 19:32:20, 521
    714,2017-03-11 19:32:21, 524
    715,2017-03-11 19:32:22, 529
    716,2017-03-11 19:32:23, 539
    717,2017-03-11 19:32:24, 545
    718,2017-03-11 19:32:25, 547
    719,2017-03-11 19:32:26, 544
    720,2017-03-11 19:32:27, 546
    721,2017-03-11 19:32:28, 551
    722,2017-03-11 19:32:29, 544
    723,2017-03-11 19:32:30, 544
    724,2017-03-11 19:32:31, 545
    725,2017-03-11 19:32:32, 545
    726,2017-03-11 19:32:33, 545
    727,2017-03-11 19:32:34, 540
    728,2017-03-11 19:32:35, 529
    729,2017-03-11 19:32:36, 530
    730,2017-03-11 19:32:37, 534
    731,2017-03-11 19:32:38, 541
    732,2017-03-11 19:32:39, 540
    733,2017-03-11 19:32:40, 543
    734,2017-03-11 19:32:41, 543
    735,2017-03-11 19:32:42, 547
    736,2017-03-11 19:32:43, 550
    737,2017-03-11 19:32:44, 551
    738,2017-03-11 19:32:45, 551
    739,2017-03-11 19:32:46, 551
    740,2017-03-11 19:32:47, 549
    741,2017-03-11 19:32:48, 548
    742,2017-03-11 19:32:49, 541
    743,2017-03-11 19:32:50, 536
    744,2017-03-11 19:32:51, 535
    745,2017-03-11 19:32:52, 538
    746,2017-03-11 19:32:53, 547
    747,2017-03-11 19:32:54, 547
    748,2017-03-11 19:32:55, 548
    749,2017-03-11 19:32:56, 544
    750,2017-03-11 19:32:57, 541
    751,2017-03-11 19:32:58, 542
    752,2017-03-11 19:32:59, 541
    753,2017-03-11 19:33:00, 536
    754,2017-03-11 19:33:01, 527
    755,2017-03-11 19:33:02, 517
    756,2017-03-11 19:33:03, 507
    757,2017-03-11 19:33:04, 500
    758,2017-03-11 19:33:05, 494
    759,2017-03-11 19:33:06, 485
    760,2017-03-11 19:33:07, 481
    761,2017-03-11 19:33:08, 475
    762,2017-03-11 19:33:09, 464
    763,2017-03-11 19:33:10, 457
    764,2017-03-11 19:33:11, 452
    765,2017-03-11 19:33:12, 444
    766,2017-03-11 19:33:13, 436
    767,2017-03-11 19:33:14, 426
    768,2017-03-11 19:33:15, 413
    769,2017-03-11 19:33:16, 406
    770,2017-03-11 19:33:17, 401
    771,2017-03-11 19:33:18, 390
    772,2017-03-11 19:33:19, 379
    773,2017-03-11 19:33:20, 368
    774,2017-03-11 19:33:21, 358
    775,2017-03-11 19:33:22, 344
    776,2017-03-11 19:33:23, 331
    777,2017-03-11 19:33:24, 321
    778,2017-03-11 19:33:25, 314
    779,2017-03-11 19:33:26, 307
    780,2017-03-11 19:33:27, 298
    781,2017-03-11 19:33:28, 287
    782,2017-03-11 19:33:29, 279
    783,2017-03-11 19:33:30, 270
    784,2017-03-11 19:33:31, 260
    785,2017-03-11 19:33:32, 250
    786,2017-03-11 19:33:33, 243
    787,2017-03-11 19:33:34, 238
    788,2017-03-11 19:33:35, 232
    789,2017-03-11 19:33:36, 223
    790,2017-03-11 19:33:37, 214
    791,2017-03-11 19:33:38, 200
    792,2017-03-11 19:33:39, 189
    793,2017-03-11 19:33:40, 180
    794,2017-03-11 19:33:41, 171
    795,2017-03-11 19:33:42, 161
    796,2017-03-11 19:33:43, 151
    797,2017-03-11 19:33:44, 139
    798,2017-03-11 19:33:45, 131
    799,2017-03-11 19:33:46, 121
    800,2017-03-11 19:33:47, 115
    801,2017-03-11 19:33:48, 112
    802,2017-03-11 19:33:49, 106
    803,2017-03-11 19:33:50, 98
    804,2017-03-11 19:33:51, 92
    805,2017-03-11 19:33:52, 83
    806,2017-03-11 19:33:53, 69
    807,2017-03-11 19:33:54, 61
    808,2017-03-11 19:33:55, 50
    809,2017-03-11 19:33:56, 44
    810,2017-03-11 19:33:57, 39
    811,2017-03-11 19:33:58, 29
    812,2017-03-11 19:33:59, 23
    813,2017-03-11 19:34:00, 20
    814,2017-03-11 19:34:01, 20
    815,2017-03-11 19:34:02, 20
    816,2017-03-11 19:34:03, 20
    817,2017-03-11 19:34:04, 20
    818,2017-03-11 19:34:05, 20
    819,2017-03-11 19:34:06, 21
    820,2017-03-11 19:34:07, 20
    821,2017-03-11 19:34:08, 20
    822,2017-03-11 19:34:09, 20
    823,2017-03-11 19:34:10, 20
    824,2017-03-11 19:34:11, 20
    825,2017-03-11 19:34:12, 20
    826,2017-03-11 19:34:13, 20
    827,2017-03-11 19:34:14, 20
    828,2017-03-11 19:34:15, 20
    829,2017-03-11 19:34:16, 20
    830,2017-03-11 19:34:17, 19
    831,2017-03-11 19:34:18, 19
    832,2017-03-11 19:34:19, 19
    833,2017-03-11 19:34:20, 19
    834,2017-03-11 19:34:21, 18
    835,2017-03-11 19:34:22, 19
    836,2017-03-11 19:34:23, 20
    837,2017-03-11 19:34:24, 20
    838,2017-03-11 19:34:25, 20
    839,2017-03-11 19:34:26, 19
    840,2017-03-11 19:34:27, 20
    841,2017-03-11 19:34:28, 19
    842,2017-03-11 19:34:29, 20
    843,2017-03-11 19:34:30, 20
    844,2017-03-11 19:34:31, 20
    845,2017-03-11 19:34:32, 19
    846,2017-03-11 19:34:33, 18
    847,2017-03-11 19:34:34, 17
    848,2017-03-11 19:34:35, 17
    849,2017-03-11 19:34:36, 17
    850,2017-03-11 19:34:37, 17
    851,2017-03-11 19:34:38, 17
    852,2017-03-11 19:34:39, 18
    853,2017-03-11 19:34:40, 18
    854,2017-03-11 19:34:41, 18
    855,2017-03-11 19:34:42, 18
    856,2017-03-11 19:34:43, 17
    857,2017-03-11 19:34:44, 17
    858,2017-03-11 19:34:45, 17
    859,2017-03-11 19:34:46, 17
    860,2017-03-11 19:34:47, 17
    861,2017-03-11 19:34:48, 16
    862,2017-03-11 19:34:49, 16
    863,2017-03-11 19:34:50, 17
    864,2017-03-11 19:34:51, 15
    865,2017-03-11 19:34:52, 15
    866,2017-03-11 19:34:53, 16
    867,2017-03-11 19:34:54, 16
    868,2017-03-11 19:34:55, 16
    869,2017-03-11 19:34:56, 16
    870,2017-03-11 19:34:57, 16
    871,2017-03-11 19:34:58, 17
    872,2017-03-11 19:34:59, 17
    873,2017-03-11 19:35:00, 16
    874,2017-03-11 19:35:01, 16
    875,2017-03-11 19:35:02, 16
    876,2017-03-11 19:35:03, 16
    877,2017-03-11 19:35:04, 15
    878,2017-03-11 19:35:05, 14
    879,2017-03-11 19:35:06, 13
    880,2017-03-11 19:35:07, 13
    881,2017-03-11 19:35:08, 13
    882,2017-03-11 19:35:09, 13
    883,2017-03-11 19:35:10, 13
    884,2017-03-11 19:35:11, 13
    885,2017-03-11 19:35:12, 13
    886,2017-03-11 19:35:13, 13
    887,2017-03-11 19:35:14, 13
    888,2017-03-11 19:35:15, 13
    889,2017-03-11 19:35:16, 13
    890,2017-03-11 19:35:17, 13
    891,2017-03-11 19:35:18, 13
    892,2017-03-11 19:35:19, 14
    893,2017-03-11 19:35:20, 14
    894,2017-03-11 19:35:21, 14
    895,2017-03-11 19:35:22, 15
    896,2017-03-11 19:35:23, 14
    897,2017-03-11 19:35:24, 14
    898,2017-03-11 19:35:25, 14
    899,2017-03-11 19:35:26, 14
    900,2017-03-11 19:35:27, 12
    901,2017-03-11 19:35:28, 13
    902,2017-03-11 19:35:29, 13
    903,2017-03-11 19:35:30, 14
    904,2017-03-11 19:35:31, 15
    905,2017-03-11 19:35:32, 16
    906,2017-03-11 19:35:33, 16
    907,2017-03-11 19:35:34, 17
    908,2017-03-11 19:35:35, 17
    909,2017-03-11 19:35:36, 18
    910,2017-03-11 19:35:37, 18
    911,2017-03-11 19:35:38, 18
    912,2017-03-11 19:35:39, 18
    913,2017-03-11 19:35:40, 18
    914,2017-03-11 19:35:41, 18
    915,2017-03-11 19:35:42, 17
    916,2017-03-11 19:35:43, 17
    917,2017-03-11 19:35:44, 17
    918,2017-03-11 19:35:45, 17
    919,2017-03-11 19:35:46, 17
    920,2017-03-11 19:35:47, 17
    921,2017-03-11 19:35:48, 17
    922,2017-03-11 19:35:49, 17
    923,2017-03-11 19:35:50, 16
    924,2017-03-11 19:35:51, 17
    925,2017-03-11 19:35:52, 17
    926,2017-03-11 19:35:53, 16
    927,2017-03-11 19:35:54, 16
    928,2017-03-11 19:35:55, 16
    929,2017-03-11 19:35:56, 16
    930,2017-03-11 19:35:57, 16
    931,2017-03-11 19:35:58, 17
    932,2017-03-11 19:35:59, 17
    933,2017-03-11 19:36:00, 16
    934,2017-03-11 19:36:01, 16
    935,2017-03-11 19:36:02, 17
    936,2017-03-11 19:36:03, 17
    937,2017-03-11 19:36:04, 17
    938,2017-03-11 19:36:05, 17
    939,2017-03-11 19:36:06, 17
    940,2017-03-11 19:36:07, 17
    941,2017-03-11 19:36:08, 18
    942,2017-03-11 19:36:09, 18
    943,2017-03-11 19:36:10, 18
    944,2017-03-11 19:36:11, 19
    945,2017-03-11 19:36:12, 19
    946,2017-03-11 19:36:13, 19
    947,2017-03-11 19:36:14, 19
    948,2017-03-11 19:36:15, 19
    949,2017-03-11 19:36:16, 19
    950,2017-03-11 19:36:17, 19
    951,2017-03-11 19:36:18, 20
    952,2017-03-11 19:36:19, 19
    953,2017-03-11 19:36:20, 20
    954,2017-03-11 19:36:21, 21
    955,2017-03-11 19:36:22, 19
    956,2017-03-11 19:36:23, 19
    957,2017-03-11 19:36:24, 19
    958,2017-03-11 19:36:25, 19
    959,2017-03-11 19:36:26, 19
    960,2017-03-11 19:36:27, 19
    961,2017-03-11 19:36:28, 19
    962,2017-03-11 19:36:29, 18
    963,2017-03-11 19:36:30, 17
    964,2017-03-11 19:36:31, 16
    965,2017-03-11 19:36:32, 15
    966,2017-03-11 19:36:33, 14
    967,2017-03-11 19:36:34, 13
    968,2017-03-11 19:36:35, 12
    969,2017-03-11 19:36:36, 12
    970,2017-03-11 19:36:37, 11
    971,2017-03-11 19:36:38, 11
    972,2017-03-11 19:36:39, 11
    973,2017-03-11 19:36:40, 10
    974,2017-03-11 19:36:41, 11
    975,2017-03-11 19:36:42, 11
    976,2017-03-11 19:36:43, 11
    977,2017-03-11 19:36:44, 11
    978,2017-03-11 19:36:45, 12
    979,2017-03-11 19:36:46, 13
    980,2017-03-11 19:36:47, 13
    981,2017-03-11 19:36:48, 13
    982,2017-03-11 19:36:49, 14
    983,2017-03-11 19:36:50, 14
    984,2017-03-11 19:36:51, 14
    985,2017-03-11 19:36:52, 13
    986,2017-03-11 19:36:53, 13
    987,2017-03-11 19:36:54, 14
    988,2017-03-11 19:36:55, 15
    989,2017-03-11 19:36:56, 15
    990,2017-03-11 19:36:57, 16
    991,2017-03-11 19:36:58, 16
    992,2017-03-11 19:36:59, 15
    993,2017-03-11 19:37:00, 15
    994,2017-03-11 19:37:01, 15
    995,2017-03-11 19:37:02, 15
    996,2017-03-11 19:37:03, 14
    997,2017-03-11 19:37:04, 14
    998,2017-03-11 19:37:05, 14
    999,2017-03-11 19:37:06, 14
   1000,2017-03-11 19:37:07, 14
   1001,2017-03-11 19:37:08, 14
   1002,2017-03-11 19:37:09, 13
   1003,2017-03-11 19:37:10, 13
   1004,2017-03-11 19:37:11, 13
   1005,2017-03-11 19:37:12, 12
   1006,2017-03-11 19:37:13, 12
   1007,2017-03-11 19:37:14, 12
   1008,2017-03-11 19:37:15, 12
   1009,2017-03-11 19:37:16, 12
   1010,2017-03-11 19:37:17, 14
   1011,2017-03-11 19:37:18, 14
   1012,2017-03-11 19:37:19, 13
   1013,2017-03-11 19:37:20, 14
   1014,2017-03-11 19:37:21, 13
   1015,2017-03-11 19:37:22, 13
   1016,2017-03-11 19:37:23, 13
   1017,2017-03-11 19:37:24, 15
   1018,2017-03-11 19:37:25, 15
   1019,2017-03-11 19:37:26, 15
   1020,2017-03-11 19:37:27, 15
   1021,2017-03-11 19:37:28, 15
   1022,2017-03-11 19:37:29, 15
   1023,2017-03-11 19:37:30, 15
   1024,2017-03-11 19:37:31, 16
   1025,2017-03-11 19:37:32, 16
   1026,2017-03-11 19:37:33, 16
   1027,2017-03-11 19:37:34, 16
   1028,2017-03-11 19:37:35, 16
   1029,2017-03-11 19:37:36, 16
   1030,2017-03-11 19:37:37, 16
   1031,2017-03-11 19:37:38, 16
   1032,2017-03-11 19:37:39, 16
   1033,2017-03-11 19:37:40, 16
   1034,2017-03-11 19:37:41, 16
   1035,2017-03-11 19:37:42, 18
   1036,2017-03-11 19:37:43, 18
   1037,2017-03-11 19:37:44, 20
   1038,2017-03-11 19:37:45, 19
   1039,2017-03-11 19:37:46, 18
   1040,2017-03-11 19:37:47, 19
   1041,2017-03-11 19:37:48, 19
   1042,2017-03-11 19:37:49, 19
   1043,2017-03-11 19:37:50, 19
   1044,2017-03-11 19:37:51, 19
   1045,2017-03-11 19:37:52, 19
   1046,2017-03-11 19:37:53, 19
   1047,2017-03-11 19:37:54, 18
   1048,2017-03-11 19:37:55, 17
   1049,2017-03-11 19:37:56, 17
   1050,2017-03-11 19:37:57, 16
   1051,2017-03-11 19:37:58, 16
   1052,2017-03-11 19:37:59, 17
   1053,2017-03-11 19:38:00, 16
   1054,2017-03-11 19:38:01, 16
   1055,2017-03-11 19:38:02, 16
   1056,2017-03-11 19:38:03, 17
   1057,2017-03-11 19:38:04, 17
   1058,2017-03-11 19:38:05, 17
   1059,2017-03-11 19:38:06, 17
   1060,2017-03-11 19:38:07, 17
   1061,2017-03-11 19:38:08, 18
   1062,2017-03-11 19:38:09, 18
   1063,2017-03-11 19:38:10, 18
   1064,2017-03-11 19:38:11, 18
   1065,2017-03-11 19:38:12, 18
   1066,2017-03-11 19:38:13, 18
   1067,2017-03-11 19:38:14, 18
   1068,2017-03-11 19:38:15, 18
   1069,2017-03-11 19:38:16, 18
   1070,2017-03-11 19:38:17, 16
   1071,2017-03-11 19:38:18, 16
   1072,2017-03-11 19:38:19, 16
   1073,2017-03-11 19:38:20, 15
   1074,2017-03-11 19:38:21, 15
   1075,2017-03-11 19:38:22, 15
   1076,2017-03-11 19:38:23, 17
   1077,2017-03-11 19:38:24, 15
   1078,2017-03-11 19:38:25, 15
   1079,2017-03-11 19:38:26, 15
   1080,2017-03-11 19:38:27, 15
   1081,2017-03-11 19:38:28, 15
   1082,2017-03-11 19:38:29, 16
   1083,2017-03-11 19:38:30, 16
   1084,2017-03-11 19:38:31, 15
   1085,2017-03-11 19:38:32, 15
   1086,2017-03-11 19:38:33, 15
   1087,2017-03-11 19:38:34, 15
   1088,2017-03-11 19:38:35, 15
   1089,2017-03-11 19:38:36, 16
   1090,2017-03-11 19:38:37, 16
   1091,2017-03-11 19:38:38, 16
   1092,2017-03-11 19:38:39, 16
   1093,2017-03-11 19:38:40, 16
   1094,2017-03-11 19:38:41, 15
   1095,2017-03-11 19:38:42, 13
   1096,2017-03-11 19:38:43, 13
   1097,2017-03-11 19:38:44, 12
   1098,2017-03-11 19:38:45, 12
   1099,2017-03-11 19:38:46, 12
   1100,2017-03-11 19:38:47, 12
   1101,2017-03-11 19:38:48, 12
   1102,2017-03-11 19:38:49, 11
   1103,2017-03-11 19:38:50, 11
   1104,2017-03-11 19:38:51, 11
   1105,2017-03-11 19:38:52, 11
   1106,2017-03-11 19:38:53, 11
   1107,2017-03-11 19:38:54, 12
   1108,2017-03-11 19:38:55, 12
   1109,2017-03-11 19:38:56, 13
   1110,2017-03-11 19:38:57, 15
   1111,2017-03-11 19:38:58, 15
   1112,2017-03-11 19:38:59, 14
   1113,2017-03-11 19:39:00, 14
   1114,2017-03-11 19:39:01, 14
   1115,2017-03-11 19:39:02, 14
   1116,2017-03-11 19:39:03, 13
   1117,2017-03-11 19:39:04, 13
   1118,2017-03-11 19:39:05, 13
   1119,2017-03-11 19:39:06, 13
   1120,2017-03-11 19:39:07, 14
   1121,2017-03-11 19:39:08, 13
   1122,2017-03-11 19:39:09, 14
   1123,2017-03-11 19:39:10, 14
   1124,2017-03-11 19:39:11, 14
   1125,2017-03-11 19:39:12, 14
   1126,2017-03-11 19:39:13, 14
   1127,2017-03-11 19:39:14, 14
   1128,2017-03-11 19:39:15, 14
   1129,2017-03-11 19:39:16, 14
   1130,2017-03-11 19:39:17, 14
   1131,2017-03-11 19:39:18, 15
   1132,2017-03-11 19:39:19, 15
   1133,2017-03-11 19:39:20, 15
   1134,2017-03-11 19:39:21, 15
   1135,2017-03-11 19:39:22, 14
   1136,2017-03-11 19:39:23, 14
   1137,2017-03-11 19:39:24, 16
   1138,2017-03-11 19:39:25, 17
   1139,2017-03-11 19:39:26, 17
   1140,2017-03-11 19:39:27, 17
   1141,2017-03-11 19:39:28, 17
   1142,2017-03-11 19:39:29, 16
   1143,2017-03-11 19:39:30, 16
   1144,2017-03-11 19:39:31, 17
   1145,2017-03-11 19:39:32, 17
   1146,2017-03-11 19:39:33, 17
   1147,2017-03-11 19:39:34, 17
   1148,2017-03-11 19:39:35, 17
   1149,2017-03-11 19:39:36, 16
   1150,2017-03-11 19:39:37, 17
   1151,2017-03-11 19:39:38, 18
   1152,2017-03-11 19:39:39, 18
   1153,2017-03-11 19:39:40, 18
   1154,2017-03-11 19:39:41, 18
   1155,2017-03-11 19:39:42, 18
   1156,2017-03-11 19:39:43, 18
   1157,2017-03-11 19:39:44, 17
   1158,2017-03-11 19:39:45, 17
   1159,2017-03-11 19:39:46, 17
   1160,2017-03-11 19:39:47, 16
   1161,2017-03-11 19:39:48, 16
   1162,2017-03-11 19:39:49, 16
   1163,2017-03-11 19:39:50, 16
   1164,2017-03-11 19:39:51, 16
   1165,2017-03-11 19:39:52, 16
   1166,2017-03-11 19:39:53, 17
   1167,2017-03-11 19:39:54, 18
   1168,2017-03-11 19:39:55, 18
   1169,2017-03-11 19:39:56, 18
   1170,2017-03-11 19:39:57, 16
   1171,2017-03-11 19:39:58, 16
   1172,2017-03-11 19:39:59, 15
   1173,2017-03-11 19:40:00, 16
   1174,2017-03-11 19:40:01, 16
   1175,2017-03-11 19:40:02, 16
   1176,2017-03-11 19:40:03, 16
   1177,2017-03-11 19:40:04, 17
   1178,2017-03-11 19:40:05, 19
   1179,2017-03-11 19:40:06, 19
