#History Download - Binary Data in Human-Readable Form
#Downloaded <Date Unknown> from device '<Device Unknown>'
#Format: bytes:  index:value  as: 'hex=dec :hex=dec|'
0000=0    :55=85 |0001=1    :aa=170|0002=2    :00=0  |0003=3    :11=17 
0004=4    :01=1  |0005=5    :0b=11 |0006=6    :14=20 |0007=7    :29=41 
0008=8    :2f=47 |0009=9    :55=85 |000a=10   :aa=170|000b=11   :02=2  
000c=12   :0d=13 |000d=13   :0d=13 |000e=14   :0b=11 |000f=15   :0f=15 
0010=16   :06=6  |0011=17   :0b=11 |0012=18   :10=16 |0013=19   :0d=13 
0014=20   :0c=12 |0015=21   :14=20 |0016=22   :0b=11 |0017=23   :0f=15 
0018=24   :0f=15 |0019=25   :0f=15 |001a=26   :0c=12 |001b=27   :0c=12 
001c=28   :0b=11 |001d=29   :0c=12 |001e=30   :10=16 |001f=31   :0f=15 
0020=32   :0a=10 |0021=33   :0e=14 |0022=34   :10=16 |0023=35   :07=7  
0024=36   :10=16 |0025=37   :0d=13 |0026=38   :0d=13 |0027=39   :15=21 
0028=40   :13=19 |0029=41   :10=16 |002a=42   :10=16 |002b=43   :0d=13 
002c=44   :0e=14 |002d=45   :0b=11 |002e=46   :09=9  |002f=47   :0f=15 
0030=48   :07=7  |0031=49   :14=20 |0032=50   :08=8  |0033=51   :0d=13 
0034=52   :0a=10 |0035=53   :0e=14 |0036=54   :0e=14 |0037=55   :17=23 
0038=56   :22=34 |0039=57   :1f=31 |003a=58   :2b=43 |003b=59   :3d=61 
003c=60   :3b=59 |003d=61   :4b=75 |003e=62   :4e=78 |003f=63   :5a=90 
0040=64   :71=113|0041=65   :98=152|0042=66   :8d=141|0043=67   :be=190
0044=68   :bf=191|0045=69   :c7=199|0046=70   :b5=181|0047=71   :55=85 
0048=72   :aa=170|0049=73   :00=0  |004a=74   :11=17 |004b=75   :01=1  
004c=76   :0b=11 |004d=77   :15=21 |004e=78   :29=41 |004f=79   :35=53 
0050=80   :55=85 |0051=81   :aa=170|0052=82   :02=2  |0053=83   :be=190
0054=84   :b9=185|0055=85   :b1=177|0056=86   :b2=178|0057=87   :cb=203
0058=88   :af=175|0059=89   :c3=195|005a=90   :d7=215|005b=91   :b7=183
005c=92   :b9=185|005d=93   :b5=181|005e=94   :be=190|005f=95   :be=190
0060=96   :cb=203|0061=97   :ba=186|0062=98   :b2=178|0063=99   :e4=228
0064=100  :bb=187|0065=101  :d1=209|0066=102  :f9=249|0067=103  :c6=198
0068=104  :af=175|0069=105  :bb=187|006a=106  :c2=194|006b=107  :ba=186
006c=108  :aa=170|006d=109  :d0=208|006e=110  :b7=183|006f=111  :ab=171
0070=112  :ae=174|0071=113  :a9=169|0072=114  :a9=169|0073=115  :cd=205
0074=116  :9f=159|0075=117  :a6=166|0076=118  :a8=168|0077=119  :bd=189
0078=120  :bb=187|0079=121  :a9=169|007a=122  :c8=200|007b=123  :bb=187
007c=124  :c6=198|007d=125  :d6=214|007e=126  :c4=196|007f=127  :c1=193
0080=128  :c1=193|0081=129  :c2=194|0082=130  :c4=196|0083=131  :9d=157
0084=132  :ae=174|0085=133  :a1=161|0086=134  :bc=188|0087=135  :bd=189
0088=136  :b5=181|0089=137  :b0=176|008a=138  :9b=155|008b=139  :95=149
008c=140  :b8=184|008d=141  :bb=187|008e=142  :af=175|008f=143  :55=85 
0090=144  :aa=170|0091=145  :00=0  |0092=146  :11=17 |0093=147  :01=1  
0094=148  :0b=11 |0095=149  :16=22 |0096=150  :29=41 |0097=151  :38=56 
0098=152  :55=85 |0099=153  :aa=170|009a=154  :02=2  |009b=155  :a1=161
009c=156  :a9=169|009d=157  :a6=166|009e=158  :ad=173|009f=159  :c6=198
00a0=160  :ae=174|00a1=161  :ea=234|00a2=162  :bf=191|00a3=163  :d9=217
00a4=164  :d4=212|00a5=165  :c8=200|00a6=166  :cc=204|00a7=167  :c2=194
00a8=168  :c2=194|00a9=169  :de=222|00aa=170  :d9=217|00ab=171  :cb=203
00ac=172  :cc=204|00ad=173  :c8=200|00ae=174  :cc=204|00af=175  :ba=186
00b0=176  :d3=211|00b1=177  :c9=201|00b2=178  :bd=189|00b3=179  :d6=214
00b4=180  :d6=214|00b5=181  :dd=221|00b6=182  :cf=207|00b7=183  :c0=192
00b8=184  :c9=201|00b9=185  :b0=176|00ba=186  :cc=204|00bb=187  :c2=194
00bc=188  :c4=196|00bd=189  :de=222|00be=190  :b9=185|00bf=191  :b7=183
00c0=192  :ac=172|00c1=193  :ba=186|00c2=194  :cc=204|00c3=195  :db=219
00c4=196  :c4=196|00c5=197  :b2=178|00c6=198  :b8=184|00c7=199  :b7=183
00c8=200  :c0=192|00c9=201  :b4=180|00ca=202  :cb=203|00cb=203  :cd=205
00cc=204  :a8=168|00cd=205  :b4=180|00ce=206  :b2=178|00cf=207  :b4=180
00d0=208  :bb=187|00d1=209  :d4=212|00d2=210  :cb=203|00d3=211  :aa=170
00d4=212  :bb=187|00d5=213  :bd=189|00d6=214  :ba=186|00d7=215  :55=85 
00d8=216  :aa=170|00d9=217  :00=0  |00da=218  :11=17 |00db=219  :01=1  
00dc=220  :0b=11 |00dd=221  :17=23 |00de=222  :29=41 |00df=223  :3b=59 
00e0=224  :55=85 |00e1=225  :aa=170|00e2=226  :02=2  |00e3=227  :c6=198
00e4=228  :bf=191|00e5=229  :ae=174|00e6=230  :bb=187|00e7=231  :d3=211
00e8=232  :bd=189|00e9=233  :d5=213|00ea=234  :d3=211|00eb=235  :bf=191
00ec=236  :bb=187|00ed=237  :b3=179|00ee=238  :cf=207|00ef=239  :a3=163
00f0=240  :ac=172|00f1=241  :c5=197|00f2=242  :bf=191|00f3=243  :be=190
00f4=244  :b0=176|00f5=245  :d0=208|00f6=246  :c2=194|00f7=247  :b1=177
00f8=248  :c1=193|00f9=249  :ca=202|00fa=250  :ca=202|00fb=251  :c3=195
00fc=252  :b5=181|00fd=253  :97=151|00fe=254  :be=190|00ff=255  :ca=202
0100=256  :c5=197|0101=257  :a9=169|0102=258  :9a=154|0103=259  :9a=154
0104=260  :d1=209|0105=261  :a6=166|0106=262  :a9=169|0107=263  :a0=160
0108=264  :ae=174|0109=265  :b7=183|010a=266  :ae=174|010b=267  :c4=196
010c=268  :a0=160|010d=269  :b4=180|010e=270  :b1=177|010f=271  :bd=189
0110=272  :aa=170|0111=273  :b5=181|0112=274  :ad=173|0113=275  :9d=157
0114=276  :ac=172|0115=277  :af=175|0116=278  :cc=204|0117=279  :b9=185
0118=280  :bc=188|0119=281  :b7=183|011a=282  :b4=180|011b=283  :b5=181
011c=284  :a7=167|011d=285  :9b=155|011e=286  :bb=187|011f=287  :55=85 
0120=288  :aa=170|0121=289  :00=0  |0122=290  :11=17 |0123=291  :01=1  
0124=292  :0c=12 |0125=293  :00=0  |0126=294  :2a=42 |0127=295  :01=1  
0128=296  :55=85 |0129=297  :aa=170|012a=298  :02=2  |012b=299  :b0=176
012c=300  :a1=161|012d=301  :c6=198|012e=302  :ab=171|012f=303  :b0=176
0130=304  :a4=164|0131=305  :b9=185|0132=306  :95=149|0133=307  :ac=172
0134=308  :b9=185|0135=309  :af=175|0136=310  :b0=176|0137=311  :bc=188
0138=312  :b3=179|0139=313  :9e=158|013a=314  :9e=158|013b=315  :c2=194
013c=316  :a2=162|013d=317  :94=148|013e=318  :9a=154|013f=319  :af=175
0140=320  :9d=157|0141=321  :b0=176|0142=322  :9c=156|0143=323  :af=175
0144=324  :ba=186|0145=325  :b5=181|0146=326  :a2=162|0147=327  :9a=154
0148=328  :a1=161|0149=329  :ab=171|014a=330  :ad=173|014b=331  :b1=177
014c=332  :d6=214|014d=333  :98=152|014e=334  :99=153|014f=335  :9d=157
0150=336  :a7=167|0151=337  :9e=158|0152=338  :af=175|0153=339  :a3=163
0154=340  :ab=171|0155=341  :86=134|0156=342  :9a=154|0157=343  :8a=138
0158=344  :92=146|0159=345  :97=151|015a=346  :bd=189|015b=347  :94=148
015c=348  :9f=159|015d=349  :af=175|015e=350  :8a=138|015f=351  :a7=167
0160=352  :ac=172|0161=353  :9d=157|0162=354  :9e=158|0163=355  :a1=161
0164=356  :a5=165|0165=357  :77=119|0166=358  :aa=170|0167=359  :55=85 
0168=360  :aa=170|0169=361  :00=0  |016a=362  :11=17 |016b=363  :01=1  
016c=364  :0c=12 |016d=365  :01=1  |016e=366  :2a=42 |016f=367  :02=2  
0170=368  :55=85 |0171=369  :aa=170|0172=370  :02=2  |0173=371  :8f=143
0174=372  :a5=165|0175=373  :8d=141|0176=374  :94=148|0177=375  :90=144
0178=376  :8a=138|0179=377  :99=153|017a=378  :88=136|017b=379  :90=144
017c=380  :96=150|017d=381  :7c=124|017e=382  :8e=142|017f=383  :8b=139
0180=384  :7f=127|0181=385  :92=146|0182=386  :99=153|0183=387  :8e=142
0184=388  :92=146|0185=389  :88=136|0186=390  :82=130|0187=391  :97=151
0188=392  :b4=180|0189=393  :89=137|018a=394  :80=128|018b=395  :9d=157
018c=396  :8a=138|018d=397  :8b=139|018e=398  :93=147|018f=399  :94=148
0190=400  :a2=162|0191=401  :84=132|0192=402  :81=129|0193=403  :71=113
0194=404  :8a=138|0195=405  :92=146|0196=406  :7c=124|0197=407  :91=145
0198=408  :a1=161|0199=409  :80=128|019a=410  :93=147|019b=411  :94=148
019c=412  :73=115|019d=413  :85=133|019e=414  :80=128|019f=415  :8d=141
01a0=416  :78=120|01a1=417  :8d=141|01a2=418  :82=130|01a3=419  :8c=140
01a4=420  :8c=140|01a5=421  :88=136|01a6=422  :8a=138|01a7=423  :76=118
01a8=424  :85=133|01a9=425  :a0=160|01aa=426  :8a=138|01ab=427  :7e=126
01ac=428  :87=135|01ad=429  :8b=139|01ae=430  :86=134|01af=431  :55=85 
01b0=432  :aa=170|01b1=433  :00=0  |01b2=434  :11=17 |01b3=435  :01=1  
01b4=436  :0c=12 |01b5=437  :02=2  |01b6=438  :2a=42 |01b7=439  :06=6  
01b8=440  :55=85 |01b9=441  :aa=170|01ba=442  :02=2  |01bb=443  :92=146
01bc=444  :98=152|01bd=445  :84=132|01be=446  :95=149|01bf=447  :92=146
01c0=448  :9c=156|01c1=449  :8f=143|01c2=450  :8b=139|01c3=451  :8b=139
01c4=452  :86=134|01c5=453  :92=146|01c6=454  :85=133|01c7=455  :7e=126
01c8=456  :70=112|01c9=457  :69=105|01ca=458  :79=121|01cb=459  :66=102
01cc=460  :8e=142|01cd=461  :89=137|01ce=462  :7b=123|01cf=463  :96=150
01d0=464  :8a=138|01d1=465  :83=131|01d2=466  :79=121|01d3=467  :69=105
01d4=468  :75=117|01d5=469  :7d=125|01d6=470  :7c=124|01d7=471  :75=117
01d8=472  :89=137|01d9=473  :87=135|01da=474  :79=121|01db=475  :96=150
01dc=476  :8e=142|01dd=477  :7f=127|01de=478  :87=135|01df=479  :80=128
01e0=480  :90=144|01e1=481  :80=128|01e2=482  :96=150|01e3=483  :70=112
01e4=484  :8b=139|01e5=485  :94=148|01e6=486  :90=144|01e7=487  :85=133
01e8=488  :96=150|01e9=489  :82=130|01ea=490  :95=149|01eb=491  :a2=162
01ec=492  :89=137|01ed=493  :8e=142|01ee=494  :94=148|01ef=495  :7e=126
01f0=496  :7b=123|01f1=497  :7b=123|01f2=498  :8c=140|01f3=499  :82=130
01f4=500  :a7=167|01f5=501  :8b=139|01f6=502  :8d=141|01f7=503  :55=85 
01f8=504  :aa=170|01f9=505  :00=0  |01fa=506  :11=17 |01fb=507  :01=1  
01fc=508  :0c=12 |01fd=509  :03=3  |01fe=510  :2a=42 |01ff=511  :08=8  
0200=512  :55=85 |0201=513  :aa=170|0202=514  :02=2  |0203=515  :7e=126
0204=516  :86=134|0205=517  :83=131|0206=518  :97=151|0207=519  :84=132
0208=520  :85=133|0209=521  :89=137|020a=522  :82=130|020b=523  :95=149
020c=524  :80=128|020d=525  :94=148|020e=526  :87=135|020f=527  :7c=124
0210=528  :95=149|0211=529  :8d=141|0212=530  :82=130|0213=531  :8c=140
0214=532  :7d=125|0215=533  :86=134|0216=534  :76=118|0217=535  :8a=138
0218=536  :a6=166|0219=537  :95=149|021a=538  :8b=139|021b=539  :77=119
021c=540  :8a=138|021d=541  :76=118|021e=542  :85=133|021f=543  :7f=127
0220=544  :88=136|0221=545  :8b=139|0222=546  :78=120|0223=547  :96=150
0224=548  :8e=142|0225=549  :85=133|0226=550  :7d=125|0227=551  :a4=164
0228=552  :99=153|0229=553  :97=151|022a=554  :71=113|022b=555  :90=144
022c=556  :84=132|022d=557  :80=128|022e=558  :7d=125|022f=559  :8a=138
0230=560  :93=147|0231=561  :83=131|0232=562  :8a=138|0233=563  :82=130
0234=564  :7f=127|0235=565  :86=134|0236=566  :87=135|0237=567  :71=113
0238=568  :76=118|0239=569  :8c=140|023a=570  :78=120|023b=571  :6b=107
023c=572  :90=144|023d=573  :86=134|023e=574  :86=134|023f=575  :55=85 
0240=576  :aa=170|0241=577  :00=0  |0242=578  :11=17 |0243=579  :01=1  
0244=580  :0c=12 |0245=581  :04=4  |0246=582  :2a=42 |0247=583  :0b=11 
0248=584  :55=85 |0249=585  :aa=170|024a=586  :02=2  |024b=587  :93=147
024c=588  :a3=163|024d=589  :85=133|024e=590  :71=113|024f=591  :9d=157
0250=592  :7a=122|0251=593  :77=119|0252=594  :96=150|0253=595  :86=134
0254=596  :85=133|0255=597  :75=117|0256=598  :71=113|0257=599  :7a=122
0258=600  :7d=125|0259=601  :74=116|025a=602  :7b=123|025b=603  :8a=138
025c=604  :8f=143|025d=605  :82=130|025e=606  :7a=122|025f=607  :77=119
0260=608  :7b=123|0261=609  :88=136|0262=610  :93=147|0263=611  :84=132
0264=612  :76=118|0265=613  :92=146|0266=614  :7d=125|0267=615  :7d=125
0268=616  :7e=126|0269=617  :7f=127|026a=618  :82=130|026b=619  :81=129
026c=620  :81=129|026d=621  :67=103|026e=622  :82=130|026f=623  :7b=123
0270=624  :82=130|0271=625  :68=104|0272=626  :96=150|0273=627  :89=137
0274=628  :81=129|0275=629  :7e=126|0276=630  :81=129|0277=631  :75=117
0278=632  :85=133|0279=633  :92=146|027a=634  :7e=126|027b=635  :8a=138
027c=636  :8b=139|027d=637  :7f=127|027e=638  :8f=143|027f=639  :84=132
0280=640  :78=120|0281=641  :6d=109|0282=642  :7e=126|0283=643  :88=136
0284=644  :7c=124|0285=645  :83=131|0286=646  :8a=138|0287=647  :55=85 
0288=648  :aa=170|0289=649  :00=0  |028a=650  :11=17 |028b=651  :01=1  
028c=652  :0c=12 |028d=653  :05=5  |028e=654  :2a=42 |028f=655  :0d=13 
0290=656  :55=85 |0291=657  :aa=170|0292=658  :02=2  |0293=659  :7c=124
0294=660  :8a=138|0295=661  :8e=142|0296=662  :8d=141|0297=663  :8e=142
0298=664  :8d=141|0299=665  :79=121|029a=666  :a2=162|029b=667  :91=145
029c=668  :91=145|029d=669  :96=150|029e=670  :8d=141|029f=671  :69=105
02a0=672  :89=137|02a1=673  :8f=143|02a2=674  :8c=140|02a3=675  :88=136
02a4=676  :75=117|02a5=677  :62=98 |02a6=678  :79=121|02a7=679  :5f=95 
02a8=680  :47=71 |02a9=681  :54=84 |02aa=682  :40=64 |02ab=683  :36=54 
02ac=684  :37=55 |02ad=685  :2d=45 |02ae=686  :26=38 |02af=687  :20=32 
02b0=688  :18=24 |02b1=689  :1f=31 |02b2=690  :1c=28 |02b3=691  :18=24 
02b4=692  :27=39 |02b5=693  :11=17 |02b6=694  :12=18 |02b7=695  :16=22 
02b8=696  :15=21 |02b9=697  :16=22 |02ba=698  :14=20 |02bb=699  :15=21 
02bc=700  :1d=29 |02bd=701  :10=16 |02be=702  :10=16 |02bf=703  :0a=10 
02c0=704  :13=19 |02c1=705  :16=22 |02c2=706  :0a=10 |02c3=707  :08=8  
02c4=708  :14=20 |02c5=709  :11=17 |02c6=710  :13=19 |02c7=711  :11=17 
02c8=712  :09=9  |02c9=713  :0f=15 |02ca=714  :14=20 |02cb=715  :10=16 
02cc=716  :07=7  |02cd=717  :0c=12 |02ce=718  :0f=15 |02cf=719  :55=85 
02d0=720  :aa=170|02d1=721  :00=0  |02d2=722  :11=17 |02d3=723  :01=1  
02d4=724  :0c=12 |02d5=725  :06=6  |02d6=726  :2a=42 |02d7=727  :12=18 
02d8=728  :55=85 |02d9=729  :aa=170|02da=730  :02=2  |02db=731  :0e=14 
02dc=732  :0e=14 |02dd=733  :0d=13 |02de=734  :10=16 |02df=735  :0f=15 
02e0=736  :0c=12 |02e1=737  :10=16 |02e2=738  :09=9  |02e3=739  :08=8  
02e4=740  :0a=10 |02e5=741  :09=9  |02e6=742  :0d=13 |02e7=743  :0f=15 
02e8=744  :14=20 |02e9=745  :11=17 |02ea=746  :13=19 |02eb=747  :13=19 
02ec=748  :0e=14 |02ed=749  :11=17 |02ee=750  :17=23 |02ef=751  :0c=12 
02f0=752  :10=16 |02f1=753  :0e=14 |02f2=754  :12=18 |02f3=755  :0c=12 
02f4=756  :0f=15 |02f5=757  :0a=10 |02f6=758  :0f=15 |02f7=759  :0a=10 
02f8=760  :12=18 |02f9=761  :14=20 |02fa=762  :12=18 |02fb=763  :19=25 
02fc=764  :15=21 |02fd=765  :0f=15 |02fe=766  :13=19 |02ff=767  :0b=11 
0300=768  :11=17 |0301=769  :0c=12 |0302=770  :0f=15 |0303=771  :0c=12 
0304=772  :0d=13 |0305=773  :17=23 |0306=774  :14=20 |0307=775  :0a=10 
0308=776  :12=18 |0309=777  :12=18 |030a=778  :0f=15 |030b=779  :11=17 
030c=780  :0f=15 |030d=781  :0c=12 |030e=782  :0a=10 |030f=783  :0c=12 
0310=784  :0f=15 |0311=785  :07=7  |0312=786  :0e=14 |0313=787  :0e=14 
0314=788  :0c=12 |0315=789  :0f=15 |0316=790  :09=9  |0317=791  :55=85 
0318=792  :aa=170|0319=793  :00=0  |031a=794  :11=17 |031b=795  :01=1  
031c=796  :0c=12 |031d=797  :07=7  |031e=798  :2a=42 |031f=799  :19=25 
0320=800  :55=85 |0321=801  :aa=170|0322=802  :02=2  |0323=803  :12=18 
0324=804  :08=8  |0325=805  :1a=26 |0326=806  :0d=13 |0327=807  :0e=14 
0328=808  :10=16 |0329=809  :13=19 |032a=810  :0f=15 |032b=811  :11=17 
032c=812  :10=16 |032d=813  :0c=12 |032e=814  :15=21 |032f=815  :17=23 
0330=816  :11=17 |0331=817  :0a=10 |0332=818  :11=17 |0333=819  :11=17 
0334=820  :0d=13 |0335=821  :15=21 |0336=822  :11=17 |0337=823  :0c=12 
0338=824  :14=20 |0339=825  :10=16 |033a=826  :18=24 |033b=827  :0f=15 
033c=828  :12=18 |033d=829  :0e=14 |033e=830  :14=20 |033f=831  :0d=13 
0340=832  :12=18 |0341=833  :0d=13 |0342=834  :14=20 |0343=835  :18=24 
0344=836  :0e=14 |0345=837  :16=22 |0346=838  :15=21 |0347=839  :12=18 
0348=840  :12=18 |0349=841  :18=24 |034a=842  :13=19 |034b=843  :17=23 
034c=844  :0c=12 |034d=845  :13=19 |034e=846  :13=19 |034f=847  :0c=12 
0350=848  :11=17 |0351=849  :1b=27 |0352=850  :14=20 |0353=851  :18=24 
0354=852  :12=18 |0355=853  :18=24 |0356=854  :0f=15 |0357=855  :12=18 
0358=856  :0f=15 |0359=857  :11=17 |035a=858  :12=18 |035b=859  :0e=14 
035c=860  :14=20 |035d=861  :13=19 |035e=862  :0c=12 |035f=863  :55=85 
0360=864  :aa=170|0361=865  :00=0  |0362=866  :11=17 |0363=867  :01=1  
0364=868  :0c=12 |0365=869  :08=8  |0366=870  :2a=42 |0367=871  :20=32 
0368=872  :55=85 |0369=873  :aa=170|036a=874  :02=2  |036b=875  :10=16 
036c=876  :0c=12 |036d=877  :0e=14 |036e=878  :0c=12 |036f=879  :10=16 
0370=880  :12=18 |0371=881  :11=17 |0372=882  :13=19 |0373=883  :10=16 
0374=884  :12=18 |0375=885  :0c=12 |0376=886  :0f=15 |0377=887  :11=17 
0378=888  :14=20 |0379=889  :10=16 |037a=890  :14=20 |037b=891  :0e=14 
037c=892  :13=19 |037d=893  :0c=12 |037e=894  :14=20 |037f=895  :10=16 
0380=896  :17=23 |0381=897  :0e=14 |0382=898  :0f=15 |0383=899  :10=16 
0384=900  :08=8  |0385=901  :06=6  |0386=902  :09=9  |0387=903  :0a=10 
0388=904  :12=18 |0389=905  :07=7  |038a=906  :0d=13 |038b=907  :0d=13 
038c=908  :0d=13 |038d=909  :08=8  |038e=910  :0b=11 |038f=911  :0f=15 
0390=912  :05=5  |0391=913  :0a=10 |0392=914  :0c=12 |0393=915  :0d=13 
0394=916  :08=8  |0395=917  :0a=10 |0396=918  :0a=10 |0397=919  :09=9  
0398=920  :08=8  |0399=921  :09=9  |039a=922  :06=6  |039b=923  :08=8  
039c=924  :0d=13 |039d=925  :0a=10 |039e=926  :0a=10 |039f=927  :0b=11 
03a0=928  :0a=10 |03a1=929  :0b=11 |03a2=930  :14=20 |03a3=931  :11=17 
03a4=932  :0a=10 |03a5=933  :0a=10 |03a6=934  :0c=12 |03a7=935  :55=85 
03a8=936  :aa=170|03a9=937  :00=0  |03aa=938  :11=17 |03ab=939  :01=1  
03ac=940  :0c=12 |03ad=941  :09=9  |03ae=942  :2a=42 |03af=943  :24=36 
03b0=944  :55=85 |03b1=945  :aa=170|03b2=946  :02=2  |03b3=947  :0c=12 
03b4=948  :0c=12 |03b5=949  :0c=12 |03b6=950  :0d=13 |03b7=951  :05=5  
03b8=952  :0f=15 |03b9=953  :11=17 |03ba=954  :0f=15 |03bb=955  :12=18 
03bc=956  :0c=12 |03bd=957  :0e=14 |03be=958  :09=9  |03bf=959  :09=9  
03c0=960  :17=23 |03c1=961  :10=16 |03c2=962  :0f=15 |03c3=963  :0d=13 
03c4=964  :0c=12 |03c5=965  :09=9  |03c6=966  :05=5  |03c7=967  :0b=11 
03c8=968  :0b=11 |03c9=969  :07=7  |03ca=970  :09=9  |03cb=971  :0a=10 
03cc=972  :0b=11 |03cd=973  :09=9  
Reading Page 0.0 of size 1024 bytes complete; next address: 0x0400= 1024 ------
End of history reached
